#
# There is insufficient memory for the Java Runtime Environment to continue.
# Native memory allocation (mmap) failed to map 50855936 bytes for committing reserved memory.
# Possible reasons:
#   The system is out of physical RAM or swap space
#   In 32 bit mode, the process size limit was hit
# Possible solutions:
#   Reduce memory load on the system
#   Increase physical memory or swap space
#   Check if swap backing store is full
#   Use 64 bit Java on a 64 bit OS
#   Decrease Java heap size (-Xmx/-Xms)
#   Decrease number of Java threads
#   Decrease Java thread stack sizes (-Xss)
#   Set larger code cache with -XX:ReservedCodeCacheSize=
# This output file may be truncated or incomplete.
#
#  Out of Memory Error (os_linux.cpp:2640), pid=17349, tid=0x00007f11cabf3700
#
# JRE version: Java(TM) SE Runtime Environment (8.0_161-b12) (build 1.8.0_161-b12)
# Java VM: Java HotSpot(TM) 64-Bit Server VM (25.161-b12 mixed mode linux-amd64 compressed oops)
# Failed to write core dump. Core dumps have been disabled. To enable core dumping, try "ulimit -c unlimited" before starting Java again
#

---------------  T H R E A D  ---------------

Current thread (0x00007f11e413f800):  VMThread [stack: 0x00007f11caaf3000,0x00007f11cabf4000] [id=17355]

Stack: [0x00007f11caaf3000,0x00007f11cabf4000],  sp=0x00007f11cabf22a0,  free space=1020k
Native frames: (J=compiled Java code, j=interpreted, Vv=VM code, C=native code)
V  [libjvm.so+0xacf94a]  VMError::report_and_die()+0x2ba
V  [libjvm.so+0x50050b]  report_vm_out_of_memory(char const*, int, unsigned long, VMErrorType, char const*)+0x8b
V  [libjvm.so+0x92b133]  os::Linux::commit_memory_impl(char*, unsigned long, bool)+0x103
V  [libjvm.so+0x92b5c9]  os::pd_commit_memory(char*, unsigned long, unsigned long, bool)+0x29
V  [libjvm.so+0x924c0a]  os::commit_memory(char*, unsigned long, unsigned long, bool)+0x2a
V  [libjvm.so+0x99ab53]  PSVirtualSpace::expand_by(unsigned long)+0x53
V  [libjvm.so+0x99bf58]  PSYoungGen::resize_generation(unsigned long, unsigned long)+0xf8
V  [libjvm.so+0x99b0b2]  PSYoungGen::resize(unsigned long, unsigned long)+0x22
V  [libjvm.so+0x99838b]  PSScavenge::invoke_no_policy()+0xf3b
V  [libjvm.so+0x998b11]  PSScavenge::invoke()+0x41
V  [libjvm.so+0x94f5a0]  ParallelScavengeHeap::failed_mem_allocate(unsigned long)+0x70
V  [libjvm.so+0xad13c7]  VM_ParallelGCFailedAllocation::doit()+0x97
V  [libjvm.so+0xad8ed5]  VM_Operation::evaluate()+0x55
V  [libjvm.so+0xad729a]  VMThread::evaluate_operation(VM_Operation*)+0xba
V  [libjvm.so+0xad761e]  VMThread::loop()+0x1ce
V  [libjvm.so+0xad7a90]  VMThread::run()+0x70
V  [libjvm.so+0x92da28]  java_start(Thread*)+0x108

VM_Operation (0x00007f1192addcc0): ParallelGCFailedAllocation, mode: safepoint, requested by thread 0x00007f11e4b46800


---------------  P R O C E S S  ---------------

Java Threads: ( => current thread )
  0x00007f117c0b3000 JavaThread "scala-execution-context-global-99" daemon [_thread_blocked, id=17483, stack(0x00007f114e479000,0x00007f114e57a000)]
  0x00007f115000b800 JavaThread "scala-execution-context-global-95" daemon [_thread_blocked, id=17479, stack(0x00007f114e87d000,0x00007f114e97e000)]
  0x00007f116c001000 JavaThread "scala-execution-context-global-89" daemon [_thread_blocked, id=17473, stack(0x00007f1191fdd000,0x00007f11920de000)]
  0x00007f1168482000 JavaThread "Okio Watchdog" daemon [_thread_blocked, id=17467, stack(0x00007f11926de000,0x00007f11927df000)]
  0x00007f116847c000 JavaThread "OkHttp ConnectionPool" daemon [_thread_blocked, id=17466, stack(0x00007f1192fe3000,0x00007f11930e4000)]
  0x00007f115c001000 JavaThread "pool-9-thread-6" [_thread_blocked, id=17452, stack(0x00007f11933e5000,0x00007f11934e6000)]
  0x00007f116801b800 JavaThread "pool-9-thread-5" [_thread_blocked, id=17450, stack(0x00007f1190826000,0x00007f1190927000)]
  0x00007f11e4b47800 JavaThread "pool-9-thread-4" [_thread_blocked, id=17449, stack(0x00007f1190927000,0x00007f1190a28000)]
  0x00007f11e4b46800 JavaThread "pool-9-thread-3" [_thread_blocked, id=17448, stack(0x00007f11929e1000,0x00007f1192ae2000)]
  0x00007f11e4b45800 JavaThread "pool-9-thread-2" [_thread_blocked, id=17447, stack(0x00007f1192ee2000,0x00007f1192fe3000)]
  0x00007f11e4b45000 JavaThread "pool-9-thread-1" [_thread_blocked, id=17446, stack(0x00007f11934e6000,0x00007f11935e7000)]
  0x00007f1154004000 JavaThread "sbt-web-akka.actor.default-dispatcher-8" [_thread_blocked, id=17445, stack(0x00007f119011c000,0x00007f119021d000)]
  0x00007f1154002800 JavaThread "sbt-web-akka.actor.default-dispatcher-7" [_thread_blocked, id=17444, stack(0x00007f119021d000,0x00007f119031e000)]
  0x00007f1170032800 JavaThread "sbt-web-akka.actor.default-dispatcher-5" [_thread_blocked, id=17442, stack(0x00007f119041f000,0x00007f1190520000)]
  0x00007f11e449b800 JavaThread "sbt-web-akka.actor.default-dispatcher-3" [_thread_blocked, id=17439, stack(0x00007f11927df000,0x00007f11928e0000)]
  0x00007f11e449a800 JavaThread "sbt-web-akka.actor.default-dispatcher-2" [_thread_blocked, id=17438, stack(0x00007f1190725000,0x00007f1190826000)]
  0x00007f11e449a000 JavaThread "sbt-web-scheduler-1" [_thread_blocked, id=17437, stack(0x00007f11c00fe000,0x00007f11c01ff000)]
  0x00007f11e6b27800 JavaThread "sbt-socket-server" [_thread_in_native, id=17418, stack(0x00007f11932e4000,0x00007f11933e5000)]
  0x00007f11e758a000 JavaThread "process reaper" daemon [_thread_blocked, id=17379, stack(0x00007f11c80fb000,0x00007f11c8134000)]
  0x00007f11e6385800 JavaThread "Log4j2-TF-1-AsyncLogger[AsyncContext@27c20538]-1" daemon [_thread_blocked, id=17370, stack(0x00007f11c9019000,0x00007f11c911a000)]
  0x00007f11e419a800 JavaThread "Service Thread" daemon [_thread_blocked, id=17363, stack(0x00007f11ca251000,0x00007f11ca352000)]
  0x00007f11e4185000 JavaThread "C1 CompilerThread2" daemon [_thread_blocked, id=17362, stack(0x00007f11ca352000,0x00007f11ca453000)]
  0x00007f11e4183800 JavaThread "C2 CompilerThread1" daemon [_thread_blocked, id=17361, stack(0x00007f11ca453000,0x00007f11ca554000)]
  0x00007f11e4180800 JavaThread "C2 CompilerThread0" daemon [_thread_blocked, id=17360, stack(0x00007f11ca554000,0x00007f11ca655000)]
  0x00007f11e417f000 JavaThread "Signal Dispatcher" daemon [_thread_blocked, id=17359, stack(0x00007f11ca655000,0x00007f11ca756000)]
  0x00007f11e414c000 JavaThread "Finalizer" daemon [_thread_blocked, id=17357, stack(0x00007f11ca8f1000,0x00007f11ca9f2000)]
  0x00007f11e4147800 JavaThread "Reference Handler" daemon [_thread_blocked, id=17356, stack(0x00007f11ca9f2000,0x00007f11caaf3000)]
  0x00007f11e400a800 JavaThread "main" [_thread_blocked, id=17350, stack(0x00007f11ea471000,0x00007f11ea572000)]

Other Threads:
=>0x00007f11e413f800 VMThread [stack: 0x00007f11caaf3000,0x00007f11cabf4000] [id=17355]
  0x00007f11e419f800 WatcherThread [stack: 0x00007f11ca150000,0x00007f11ca251000] [id=17364]

VM state:at safepoint (normal execution)

VM Mutex/Monitor currently owned by a thread:  ([mutex/lock_event])
[0x00007f11e4006e50] Threads_lock - owner thread: 0x00007f11e413f800
[0x00007f11e4007350] Heap_lock - owner thread: 0x00007f11e4b46800

Heap:
 PSYoungGen      total 342528K, used 20272K [0x00000000e0000000, 0x00000000f7400000, 0x0000000100000000)
  eden space 304128K, 0% used [0x00000000e0000000,0x00000000e0000000,0x00000000f2900000)
  from space 38400K, 52% used [0x00000000f2900000,0x00000000f3ccc0d8,0x00000000f4e80000)
  to   space 37888K, 0% used [0x00000000f4f00000,0x00000000f4f00000,0x00000000f7400000)
 ParOldGen       total 198656K, used 105649K [0x00000000a0000000, 0x00000000ac200000, 0x00000000e0000000)
  object space 198656K, 53% used [0x00000000a0000000,0x00000000a672c700,0x00000000ac200000)
 Metaspace       used 96727K, capacity 110770K, committed 110976K, reserved 1146880K
  class space    used 13185K, capacity 13878K, committed 13952K, reserved 1048576K

Card table byte_map: [0x00007f11d3ee5000,0x00007f11d41e6000] byte_map_base: 0x00007f11d39e5000

Marking Bits: (ParMarkBitMap*) 0x00007f11e9967920
 Begin Bits: [0x00007f11d08e1000, 0x00007f11d20e1000)
 End Bits:   [0x00007f11d20e1000, 0x00007f11d38e1000)

Polling page: 0x00007f11ea58a000

CodeCache: size=245760Kb used=43484Kb max_used=43506Kb free=202275Kb
 bounds [0x00007f11d45a6000, 0x00007f11d7066000, 0x00007f11e35a6000]
 total_blobs=13870 nmethods=13175 adapters=602
 compilation: enabled

Compilation events (10 events):
Event: 65,909 Thread 0x00007f11e4183800 nmethod 16304 0x00007f11d704c610 code [0x00007f11d704ce20, 0x00007f11d7053db0]
Event: 65,909 Thread 0x00007f11e4183800 16306   !   4       org.apache.logging.log4j.core.config.AppenderControl::tryCallAppender (36 bytes)
Event: 66,050 Thread 0x00007f11e4180800 nmethod 16305 0x00007f11d701fad0 code [0x00007f11d701fe80, 0x00007f11d70214a8]
Event: 66,050 Thread 0x00007f11e4183800 nmethod 16306 0x00007f11d7023f90 code [0x00007f11d70242a0, 0x00007f11d7024e88]
Event: 66,059 Thread 0x00007f11e4183800 16307       4       sbt.internal.util.ConsoleAppender$::toLevel (254 bytes)
Event: 66,059 Thread 0x00007f11e4180800 16308       4       java.lang.ThreadLocal$ThreadLocalMap::set (136 bytes)
Event: 66,651 Thread 0x00007f11e4183800 nmethod 16307 0x00007f11d6ff1f90 code [0x00007f11d6ff2100, 0x00007f11d6ff22d8]
Event: 67,093 Thread 0x00007f11e4180800 nmethod 16308 0x00007f11d701f110 code [0x00007f11d701f2a0, 0x00007f11d701f6f8]
Event: 67,152 Thread 0x00007f11e4183800 16309       4       org.apache.ivy.core.IvyContext::getCurrentStack (31 bytes)
Event: 67,339 Thread 0x00007f11e4180800 16310       4       akka.actor.LightArrayRevolverScheduler$TaskQueue::<init> (5 bytes)

GC Heap History (10 events):
Event: 63,198 GC heap after
Heap after GC invocations=39 (full 7):
 PSYoungGen      total 283648K, used 20266K [0x00000000e0000000, 0x00000000f4500000, 0x0000000100000000)
  eden space 242688K, 0% used [0x00000000e0000000,0x00000000e0000000,0x00000000eed00000)
  from space 40960K, 49% used [0x00000000f1d00000,0x00000000f30ca9d0,0x00000000f4500000)
  to   space 45056K, 0% used [0x00000000eed00000,0x00000000eed00000,0x00000000f1900000)
 ParOldGen       total 198656K, used 105625K [0x00000000a0000000, 0x00000000ac200000, 0x00000000e0000000)
  object space 198656K, 53% used [0x00000000a0000000,0x00000000a6726700,0x00000000ac200000)
 Metaspace       used 96691K, capacity 110642K, committed 110720K, reserved 1146880K
  class space    used 13185K, capacity 13878K, committed 13952K, reserved 1048576K
}
Event: 63,846 GC heap before
{Heap before GC invocations=40 (full 7):
 PSYoungGen      total 283648K, used 262954K [0x00000000e0000000, 0x00000000f4500000, 0x0000000100000000)
  eden space 242688K, 100% used [0x00000000e0000000,0x00000000eed00000,0x00000000eed00000)
  from space 40960K, 49% used [0x00000000f1d00000,0x00000000f30ca9d0,0x00000000f4500000)
  to   space 45056K, 0% used [0x00000000eed00000,0x00000000eed00000,0x00000000f1900000)
 ParOldGen       total 198656K, used 105625K [0x00000000a0000000, 0x00000000ac200000, 0x00000000e0000000)
  object space 198656K, 53% used [0x00000000a0000000,0x00000000a6726700,0x00000000ac200000)
 Metaspace       used 96695K, capacity 110642K, committed 110720K, reserved 1146880K
  class space    used 13185K, capacity 13878K, committed 13952K, reserved 1048576K
Event: 63,873 GC heap after
Heap after GC invocations=40 (full 7):
 PSYoungGen      total 287744K, used 19613K [0x00000000e0000000, 0x00000000f5980000, 0x0000000100000000)
  eden space 242688K, 0% used [0x00000000e0000000,0x00000000e0000000,0x00000000eed00000)
  from space 45056K, 43% used [0x00000000eed00000,0x00000000f00277e0,0x00000000f1900000)
  to   space 43008K, 0% used [0x00000000f2f80000,0x00000000f2f80000,0x00000000f5980000)
 ParOldGen       total 198656K, used 105633K [0x00000000a0000000, 0x00000000ac200000, 0x00000000e0000000)
  object space 198656K, 53% used [0x00000000a0000000,0x00000000a6728700,0x00000000ac200000)
 Metaspace       used 96695K, capacity 110642K, committed 110720K, reserved 1146880K
  class space    used 13185K, capacity 13878K, committed 13952K, reserved 1048576K
}
Event: 64,612 GC heap before
{Heap before GC invocations=41 (full 7):
 PSYoungGen      total 287744K, used 262301K [0x00000000e0000000, 0x00000000f5980000, 0x0000000100000000)
  eden space 242688K, 100% used [0x00000000e0000000,0x00000000eed00000,0x00000000eed00000)
  from space 45056K, 43% used [0x00000000eed00000,0x00000000f00277e0,0x00000000f1900000)
  to   space 43008K, 0% used [0x00000000f2f80000,0x00000000f2f80000,0x00000000f5980000)
 ParOldGen       total 198656K, used 105633K [0x00000000a0000000, 0x00000000ac200000, 0x00000000e0000000)
  object space 198656K, 53% used [0x00000000a0000000,0x00000000a6728700,0x00000000ac200000)
 Metaspace       used 96727K, capacity 110770K, committed 110976K, reserved 1146880K
  class space    used 13185K, capacity 13878K, committed 13952K, reserved 1048576K
Event: 64,637 GC heap after
Heap after GC invocations=41 (full 7):
 PSYoungGen      total 308736K, used 19725K [0x00000000e0000000, 0x00000000f5700000, 0x0000000100000000)
  eden space 268288K, 0% used [0x00000000e0000000,0x00000000e0000000,0x00000000f0600000)
  from space 40448K, 48% used [0x00000000f2f80000,0x00000000f42c37f0,0x00000000f5700000)
  to   space 41472K, 0% used [0x00000000f0600000,0x00000000f0600000,0x00000000f2e80000)
 ParOldGen       total 198656K, used 105641K [0x00000000a0000000, 0x00000000ac200000, 0x00000000e0000000)
  object space 198656K, 53% used [0x00000000a0000000,0x00000000a672a700,0x00000000ac200000)
 Metaspace       used 96727K, capacity 110770K, committed 110976K, reserved 1146880K
  class space    used 13185K, capacity 13878K, committed 13952K, reserved 1048576K
}
Event: 65,328 GC heap before
{Heap before GC invocations=42 (full 7):
 PSYoungGen      total 308736K, used 288013K [0x00000000e0000000, 0x00000000f5700000, 0x0000000100000000)
  eden space 268288K, 100% used [0x00000000e0000000,0x00000000f0600000,0x00000000f0600000)
  from space 40448K, 48% used [0x00000000f2f80000,0x00000000f42c37f0,0x00000000f5700000)
  to   space 41472K, 0% used [0x00000000f0600000,0x00000000f0600000,0x00000000f2e80000)
 ParOldGen       total 198656K, used 105641K [0x00000000a0000000, 0x00000000ac200000, 0x00000000e0000000)
  object space 198656K, 53% used [0x00000000a0000000,0x00000000a672a700,0x00000000ac200000)
 Metaspace       used 96727K, capacity 110770K, committed 110976K, reserved 1146880K
  class space    used 13185K, capacity 13878K, committed 13952K, reserved 1048576K
Event: 65,499 GC heap after
Heap after GC invocations=42 (full 7):
 PSYoungGen      total 309760K, used 20045K [0x00000000e0000000, 0x00000000f7580000, 0x0000000100000000)
  eden space 268288K, 0% used [0x00000000e0000000,0x00000000e0000000,0x00000000f0600000)
  from space 41472K, 48% used [0x00000000f0600000,0x00000000f19937d0,0x00000000f2e80000)
  to   space 39424K, 0% used [0x00000000f4f00000,0x00000000f4f00000,0x00000000f7580000)
 ParOldGen       total 198656K, used 105649K [0x00000000a0000000, 0x00000000ac200000, 0x00000000e0000000)
  object space 198656K, 53% used [0x00000000a0000000,0x00000000a672c700,0x00000000ac200000)
 Metaspace       used 96727K, capacity 110770K, committed 110976K, reserved 1146880K
  class space    used 13185K, capacity 13878K, committed 13952K, reserved 1048576K
}
Event: 66,347 GC heap before
{Heap before GC invocations=43 (full 7):
 PSYoungGen      total 309760K, used 288333K [0x00000000e0000000, 0x00000000f7580000, 0x0000000100000000)
  eden space 268288K, 100% used [0x00000000e0000000,0x00000000f0600000,0x00000000f0600000)
  from space 41472K, 48% used [0x00000000f0600000,0x00000000f19937d0,0x00000000f2e80000)
  to   space 39424K, 0% used [0x00000000f4f00000,0x00000000f4f00000,0x00000000f7580000)
 ParOldGen       total 198656K, used 105649K [0x00000000a0000000, 0x00000000ac200000, 0x00000000e0000000)
  object space 198656K, 53% used [0x00000000a0000000,0x00000000a672c700,0x00000000ac200000)
 Metaspace       used 96727K, capacity 110770K, committed 110976K, reserved 1146880K
  class space    used 13185K, capacity 13878K, committed 13952K, reserved 1048576K
Event: 66,478 GC heap after
Heap after GC invocations=43 (full 7):
 PSYoungGen      total 342016K, used 20269K [0x00000000e0000000, 0x00000000f7400000, 0x0000000100000000)
  eden space 304128K, 0% used [0x00000000e0000000,0x00000000e0000000,0x00000000f2900000)
  from space 37888K, 53% used [0x00000000f4f00000,0x00000000f62cb590,0x00000000f7400000)
  to   space 38400K, 0% used [0x00000000f2900000,0x00000000f2900000,0x00000000f4e80000)
 ParOldGen       total 198656K, used 105649K [0x00000000a0000000, 0x00000000ac200000, 0x00000000e0000000)
  object space 198656K, 53% used [0x00000000a0000000,0x00000000a672c700,0x00000000ac200000)
 Metaspace       used 96727K, capacity 110770K, committed 110976K, reserved 1146880K
  class space    used 13185K, capacity 13878K, committed 13952K, reserved 1048576K
}
Event: 69,557 GC heap before
{Heap before GC invocations=44 (full 7):
 PSYoungGen      total 342016K, used 324397K [0x00000000e0000000, 0x00000000f7400000, 0x0000000100000000)
  eden space 304128K, 100% used [0x00000000e0000000,0x00000000f2900000,0x00000000f2900000)
  from space 37888K, 53% used [0x00000000f4f00000,0x00000000f62cb590,0x00000000f7400000)
  to   space 38400K, 0% used [0x00000000f2900000,0x00000000f2900000,0x00000000f4e80000)
 ParOldGen       total 198656K, used 105649K [0x00000000a0000000, 0x00000000ac200000, 0x00000000e0000000)
  object space 198656K, 53% used [0x00000000a0000000,0x00000000a672c700,0x00000000ac200000)
 Metaspace       used 96727K, capacity 110770K, committed 110976K, reserved 1146880K
  class space    used 13185K, capacity 13878K, committed 13952K, reserved 1048576K

Deoptimization events (10 events):
Event: 62,828 Thread 0x00007f11e4b46800 Uncommon trap: reason=unstable_if action=reinterpret pc=0x00007f11d595e73c method=com.sun.org.apache.xerces.internal.util.XMLAttributesImpl.getValue(Ljava/lang/String;)Ljava/lang/String; @ 22
Event: 62,828 Thread 0x00007f11e4b46800 Uncommon trap: reason=bimorphic action=maybe_recompile pc=0x00007f11d6a4aac4 method=com.sun.org.apache.xerces.internal.impl.XMLNSDocumentScannerImpl.scanStartElement()Z @ 953
Event: 62,874 Thread 0x00007f11e4b46800 Uncommon trap: reason=unstable_if action=reinterpret pc=0x00007f11d5a634c4 method=scala.collection.mutable.ArrayBuilder$ofRef.ensureSize(I)V @ 21
Event: 62,874 Thread 0x00007f11e4b46800 Uncommon trap: reason=unstable_if action=reinterpret pc=0x00007f11d5174dc0 method=scala.collection.mutable.ArrayBuilder$ofRef.ensureSize(I)V @ 21
Event: 62,911 Thread 0x00007f11e6385800 Uncommon trap: reason=unstable_if action=reinterpret pc=0x00007f11d5870f44 method=java.lang.ThreadLocal$ThreadLocalMap.set(Ljava/lang/ThreadLocal;Ljava/lang/Object;)V @ 119
Event: 62,913 Thread 0x00007f11e4b46800 Uncommon trap: reason=unstable_if action=reinterpret pc=0x00007f11d6b80d08 method=org.apache.ivy.core.resolve.ResolveData.isSubMap(Ljava/util/Map;Ljava/util/Map;)Z @ 27
Event: 62,916 Thread 0x00007f11e4b46800 Uncommon trap: reason=bimorphic action=maybe_recompile pc=0x00007f11d679e2bc method=java.util.HashMap.removeNode(ILjava/lang/Object;Ljava/lang/Object;ZZ)Ljava/util/HashMap$Node; @ 68
Event: 62,923 Thread 0x00007f11e4b46800 Uncommon trap: reason=bimorphic action=maybe_recompile pc=0x00007f11d679e2bc method=java.util.HashMap.removeNode(ILjava/lang/Object;Ljava/lang/Object;ZZ)Ljava/util/HashMap$Node; @ 68
Event: 62,936 Thread 0x00007f11e4b46800 Uncommon trap: reason=bimorphic action=maybe_recompile pc=0x00007f11d679e2bc method=java.util.HashMap.removeNode(ILjava/lang/Object;Ljava/lang/Object;ZZ)Ljava/util/HashMap$Node; @ 68
Event: 62,964 Thread 0x00007f11e4b46800 Uncommon trap: reason=null_check action=make_not_entrant pc=0x00007f11d6a8fd94 method=java.util.AbstractMap.equals(Ljava/lang/Object;)Z @ 123

Classes redefined (0 events):
No events

Internal exceptions (10 events):
Event: 61,465 Thread 0x00007f1160011000 Exception <a 'java/net/SocketTimeoutException': Read timed out> (0x00000000e38c5a28) thrown at [/HUDSON/workspace/8-2-build-linux-amd64/jdk8u161/10277/hotspot/src/share/vm/prims/jni.cpp, line 735]
Event: 61,529 Thread 0x00007f1160012000 Exception <a 'java/net/SocketTimeoutException': Read timed out> (0x00000000e389f6d8) thrown at [/HUDSON/workspace/8-2-build-linux-amd64/jdk8u161/10277/hotspot/src/share/vm/prims/jni.cpp, line 735]
Event: 61,567 Thread 0x00007f115000b800 Exception <a 'java/net/SocketTimeoutException': Read timed out> (0x00000000e39eef10) thrown at [/HUDSON/workspace/8-2-build-linux-amd64/jdk8u161/10277/hotspot/src/share/vm/prims/jni.cpp, line 735]
Event: 61,702 Thread 0x00007f115000b800 Exception <a 'java/net/SocketTimeoutException': Read timed out> (0x00000000e39fbcd0) thrown at [/HUDSON/workspace/8-2-build-linux-amd64/jdk8u161/10277/hotspot/src/share/vm/prims/jni.cpp, line 735]
Event: 61,981 Thread 0x00007f117c0b3000 Exception <a 'java/net/SocketTimeoutException': Read timed out> (0x00000000e3e85500) thrown at [/HUDSON/workspace/8-2-build-linux-amd64/jdk8u161/10277/hotspot/src/share/vm/prims/jni.cpp, line 735]
Event: 62,113 Thread 0x00007f117c0b3000 Exception <a 'java/net/SocketTimeoutException': Read timed out> (0x00000000e3e91d78) thrown at [/HUDSON/workspace/8-2-build-linux-amd64/jdk8u161/10277/hotspot/src/share/vm/prims/jni.cpp, line 735]
Event: 62,734 Thread 0x00007f11e4b47800 Implicit null exception at 0x00007f11d6770985 to 0x00007f11d67713b5
Event: 62,793 Thread 0x00007f11e4b45800 Exception <a 'java/lang/NoSuchMethodError': java.lang.Object.$anonfun$createModuleIdentifiers$1(Lorg/jetbrains/sbt/ModulesOps;Lsbt/librarymanagement/Artifact;)Ljava/lang/String;> (0x00000000eaec8950) thrown at [/HUDSON/workspace/8-2-build-linux-amd64/jdk8
Event: 62,807 Thread 0x00007f11e4b45800 Exception <a 'java/lang/NoSuchMethodError': java.lang.Object.$anonfun$createModuleIdentifiers$2(Lsbt/librarymanagement/ModuleID;Ljava/lang/String;)Lorg/jetbrains/sbt/structure/ModuleIdentifier;> (0x00000000eaeddf00) thrown at [/HUDSON/workspace/8-2-build-
Event: 62,964 Thread 0x00007f11e4b46800 Implicit null exception at 0x00007f11d6a8f18c to 0x00007f11d6a8fd5d

Events (10 events):
Event: 64,639 Executing VM operation: ParallelGCFailedAllocation done
Event: 64,864 Thread 0x00007f11e4b46800 DEOPT PACKING pc=0x00007f11d6e09621 sp=0x00007f1192ade030
Event: 64,866 Thread 0x00007f11e4b46800 DEOPT UNPACKING pc=0x00007f11d45ed784 sp=0x00007f1192adde50 mode 0
Event: 65,318 Executing VM operation: ParallelGCFailedAllocation
Event: 65,507 Executing VM operation: ParallelGCFailedAllocation done
Event: 66,333 Thread 0x00007f1160012000 Thread exited: 0x00007f1160012000
Event: 66,336 Executing VM operation: ParallelGCFailedAllocation
Event: 66,509 Executing VM operation: ParallelGCFailedAllocation done
Event: 68,511 Thread 0x00007f1160011000 Thread exited: 0x00007f1160011000
Event: 69,225 Executing VM operation: ParallelGCFailedAllocation


Dynamic libraries:
00400000-00401000 r-xp 00000000 08:06 402074                             /usr/lib/jvm/java-8-oracle/bin/java
00600000-00601000 rw-p 00000000 08:06 402074                             /usr/lib/jvm/java-8-oracle/bin/java
01f77000-01f98000 rw-p 00000000 00:00 0                                  [heap]
a0000000-ac200000 rw-p 00000000 00:00 0 
ac200000-e0000000 ---p 00000000 00:00 0 
e0000000-f7400000 rw-p 00000000 00:00 0 
fa480000-100000000 ---p 00000000 00:00 0 
100000000-100da0000 rw-p 00000000 00:00 0 
100da0000-140000000 ---p 00000000 00:00 0 
7f1148000000-7f1148021000 rw-p 00000000 00:00 0 
7f1148021000-7f114c000000 ---p 00000000 00:00 0 
7f114d168000-7f114d228000 rw-p 00000000 00:00 0 
7f114d228000-7f114d368000 ---p 00000000 00:00 0 
7f114d368000-7f114d36b000 ---p 00000000 00:00 0 
7f114d36b000-7f114d469000 rw-p 00000000 00:00 0 
7f114d469000-7f114d46c000 ---p 00000000 00:00 0 
7f114d46c000-7f114d56a000 rw-p 00000000 00:00 0 
7f114d56a000-7f114d56d000 ---p 00000000 00:00 0 
7f114d56d000-7f114d66b000 rw-p 00000000 00:00 0 
7f114d66b000-7f114d66e000 ---p 00000000 00:00 0 
7f114d66e000-7f114d76c000 rw-p 00000000 00:00 0 
7f114d76c000-7f114d76f000 ---p 00000000 00:00 0 
7f114d76f000-7f114d86d000 rw-p 00000000 00:00 0 
7f114d86d000-7f114d870000 ---p 00000000 00:00 0 
7f114d870000-7f114d96e000 rw-p 00000000 00:00 0 
7f114d96e000-7f114d971000 ---p 00000000 00:00 0 
7f114d971000-7f114da6f000 rw-p 00000000 00:00 0 
7f114da6f000-7f114da72000 ---p 00000000 00:00 0 
7f114da72000-7f114db70000 rw-p 00000000 00:00 0 
7f114db70000-7f114db73000 ---p 00000000 00:00 0 
7f114db73000-7f114dc71000 rw-p 00000000 00:00 0 
7f114dc71000-7f114dc74000 ---p 00000000 00:00 0 
7f114dc74000-7f114dd72000 rw-p 00000000 00:00 0 
7f114dd72000-7f114dd75000 ---p 00000000 00:00 0 
7f114dd75000-7f114de73000 rw-p 00000000 00:00 0 
7f114de73000-7f114de76000 ---p 00000000 00:00 0 
7f114de76000-7f114df74000 rw-p 00000000 00:00 0 
7f114df74000-7f114df77000 ---p 00000000 00:00 0 
7f114df77000-7f114e075000 rw-p 00000000 00:00 0 
7f114e075000-7f114e078000 ---p 00000000 00:00 0 
7f114e078000-7f114e176000 rw-p 00000000 00:00 0 
7f114e176000-7f114e179000 ---p 00000000 00:00 0 
7f114e179000-7f114e277000 rw-p 00000000 00:00 0 
7f114e277000-7f114e27a000 ---p 00000000 00:00 0 
7f114e27a000-7f114e378000 rw-p 00000000 00:00 0 
7f114e378000-7f114e37b000 ---p 00000000 00:00 0 
7f114e37b000-7f114e479000 rw-p 00000000 00:00 0 
7f114e479000-7f114e47c000 ---p 00000000 00:00 0 
7f114e47c000-7f114e57a000 rw-p 00000000 00:00 0 
7f114e57a000-7f114e57d000 ---p 00000000 00:00 0 
7f114e57d000-7f114e67b000 rw-p 00000000 00:00 0 
7f114e67b000-7f114e67e000 ---p 00000000 00:00 0 
7f114e67e000-7f114e77c000 rw-p 00000000 00:00 0 
7f114e77c000-7f114e77f000 ---p 00000000 00:00 0 
7f114e77f000-7f114e87d000 rw-p 00000000 00:00 0 
7f114e87d000-7f114e880000 ---p 00000000 00:00 0 
7f114e880000-7f114e97e000 rw-p 00000000 00:00 0 
7f114e97e000-7f114e981000 ---p 00000000 00:00 0 
7f114e981000-7f114ea7f000 rw-p 00000000 00:00 0 
7f114ea7f000-7f114ea82000 ---p 00000000 00:00 0 
7f114ea82000-7f114eb80000 rw-p 00000000 00:00 0 
7f114eb80000-7f114eb83000 ---p 00000000 00:00 0 
7f114eb83000-7f114ec81000 rw-p 00000000 00:00 0 
7f114ec81000-7f114ec84000 ---p 00000000 00:00 0 
7f114ec84000-7f114ed82000 rw-p 00000000 00:00 0 
7f114ed82000-7f114ef82000 rw-p 00000000 00:00 0 
7f114ef82000-7f114ef96000 r-xp 00000000 08:06 1575960                    /lib/x86_64-linux-gnu/libresolv-2.24.so
7f114ef96000-7f114f195000 ---p 00014000 08:06 1575960                    /lib/x86_64-linux-gnu/libresolv-2.24.so
7f114f195000-7f114f196000 r--p 00013000 08:06 1575960                    /lib/x86_64-linux-gnu/libresolv-2.24.so
7f114f196000-7f114f197000 rw-p 00014000 08:06 1575960                    /lib/x86_64-linux-gnu/libresolv-2.24.so
7f114f197000-7f114f199000 rw-p 00000000 00:00 0 
7f114f199000-7f114f19e000 r-xp 00000000 08:06 1575953                    /lib/x86_64-linux-gnu/libnss_dns-2.24.so
7f114f19e000-7f114f39d000 ---p 00005000 08:06 1575953                    /lib/x86_64-linux-gnu/libnss_dns-2.24.so
7f114f39d000-7f114f39e000 r--p 00004000 08:06 1575953                    /lib/x86_64-linux-gnu/libnss_dns-2.24.so
7f114f39e000-7f114f39f000 rw-p 00005000 08:06 1575953                    /lib/x86_64-linux-gnu/libnss_dns-2.24.so
7f114f39f000-7f114f3a1000 r-xp 00000000 08:06 1579439                    /lib/x86_64-linux-gnu/libnss_mdns4_minimal.so.2
7f114f3a1000-7f114f5a0000 ---p 00002000 08:06 1579439                    /lib/x86_64-linux-gnu/libnss_mdns4_minimal.so.2
7f114f5a0000-7f114f5a1000 r--p 00001000 08:06 1579439                    /lib/x86_64-linux-gnu/libnss_mdns4_minimal.so.2
7f114f5a1000-7f114f5a2000 rw-p 00002000 08:06 1579439                    /lib/x86_64-linux-gnu/libnss_mdns4_minimal.so.2
7f114f5a2000-7f114f7a2000 rw-p 00000000 00:00 0 
7f114f7a2000-7f114f7b8000 r-xp 00000000 08:06 1576563                    /lib/x86_64-linux-gnu/libgcc_s.so.1
7f114f7b8000-7f114f9b7000 ---p 00016000 08:06 1576563                    /lib/x86_64-linux-gnu/libgcc_s.so.1
7f114f9b7000-7f114f9b8000 r--p 00015000 08:06 1576563                    /lib/x86_64-linux-gnu/libgcc_s.so.1
7f114f9b8000-7f114f9b9000 rw-p 00016000 08:06 1576563                    /lib/x86_64-linux-gnu/libgcc_s.so.1
7f114f9b9000-7f114f9eb000 r-xp 00000000 08:06 538286                     /usr/lib/jvm/java-8-oracle/jre/lib/amd64/libsunec.so
7f114f9eb000-7f114fbea000 ---p 00032000 08:06 538286                     /usr/lib/jvm/java-8-oracle/jre/lib/amd64/libsunec.so
7f114fbea000-7f114fbf0000 rw-p 00031000 08:06 538286                     /usr/lib/jvm/java-8-oracle/jre/lib/amd64/libsunec.so
7f114fbf0000-7f114fe00000 rw-p 00000000 00:00 0 
7f114fe00000-7f1150000000 rw-p 00000000 00:00 0 
7f1150000000-7f1150071000 rw-p 00000000 00:00 0 
7f1150071000-7f1154000000 ---p 00000000 00:00 0 
7f1154000000-7f1154021000 rw-p 00000000 00:00 0 
7f1154021000-7f1158000000 ---p 00000000 00:00 0 
7f1158000000-7f1158034000 rw-p 00000000 00:00 0 
7f1158034000-7f115c000000 ---p 00000000 00:00 0 
7f115c000000-7f115c08d000 rw-p 00000000 00:00 0 
7f115c08d000-7f1160000000 ---p 00000000 00:00 0 
7f1160000000-7f1160085000 rw-p 00000000 00:00 0 
7f1160085000-7f1164000000 ---p 00000000 00:00 0 
7f1164000000-7f116403a000 rw-p 00000000 00:00 0 
7f116403a000-7f1168000000 ---p 00000000 00:00 0 
7f1168000000-7f11685b8000 rw-p 00000000 00:00 0 
7f11685b8000-7f116c000000 ---p 00000000 00:00 0 
7f116c000000-7f116c08e000 rw-p 00000000 00:00 0 
7f116c08e000-7f1170000000 ---p 00000000 00:00 0 
7f1170000000-7f1170068000 rw-p 00000000 00:00 0 
7f1170068000-7f1174000000 ---p 00000000 00:00 0 
7f1174000000-7f117408b000 rw-p 00000000 00:00 0 
7f117408b000-7f1178000000 ---p 00000000 00:00 0 
7f1178000000-7f1178247000 rw-p 00000000 00:00 0 
7f1178247000-7f117c000000 ---p 00000000 00:00 0 
7f117c000000-7f117c36c000 rw-p 00000000 00:00 0 
7f117c36c000-7f1180000000 ---p 00000000 00:00 0 
7f1180000000-7f11802a8000 rw-p 00000000 00:00 0 
7f11802a8000-7f1184000000 ---p 00000000 00:00 0 
7f1184000000-7f118403e000 rw-p 00000000 00:00 0 
7f118403e000-7f1188000000 ---p 00000000 00:00 0 
7f1188000000-7f1188029000 rw-p 00000000 00:00 0 
7f1188029000-7f118c000000 ---p 00000000 00:00 0 
7f118c000000-7f118c079000 rw-p 00000000 00:00 0 
7f118c079000-7f1190000000 ---p 00000000 00:00 0 
7f119001b000-7f119001e000 ---p 00000000 00:00 0 
7f119001e000-7f119011c000 rw-p 00000000 00:00 0 
7f119011c000-7f119011f000 ---p 00000000 00:00 0 
7f119011f000-7f119021d000 rw-p 00000000 00:00 0 
7f119021d000-7f1190220000 ---p 00000000 00:00 0 
7f1190220000-7f119031e000 rw-p 00000000 00:00 0 
7f119031e000-7f1190321000 ---p 00000000 00:00 0 
7f1190321000-7f119041f000 rw-p 00000000 00:00 0 
7f119041f000-7f1190422000 ---p 00000000 00:00 0 
7f1190422000-7f1190520000 rw-p 00000000 00:00 0 
7f1190520000-7f1190720000 rw-p 00000000 00:00 0 
7f1190720000-7f1190725000 r--s 00055000 08:06 1971345                    /home/a1/.IdeaIC2017.3/config/plugins/Scala/launcher/sbt-structure-1.0.jar
7f1190725000-7f1190728000 ---p 00000000 00:00 0 
7f1190728000-7f1190826000 rw-p 00000000 00:00 0 
7f1190826000-7f1190829000 ---p 00000000 00:00 0 
7f1190829000-7f1190927000 rw-p 00000000 00:00 0 
7f1190927000-7f119092a000 ---p 00000000 00:00 0 
7f119092a000-7f1190a28000 rw-p 00000000 00:00 0 
7f1190a28000-7f1190c28000 rw-p 00000000 00:00 0 
7f1190c28000-7f1190c29000 rwxp 00000000 00:00 0 
7f1190c29000-7f1190e29000 rw-p 00000000 00:00 0 
7f1190e29000-7f1191029000 rw-p 00000000 00:00 0 
7f1191029000-7f1191229000 rw-p 00000000 00:00 0 
7f1191229000-7f1191429000 rw-p 00000000 00:00 0 
7f1191429000-7f1191629000 rw-p 00000000 00:00 0 
7f1191629000-7f1191829000 rw-p 00000000 00:00 0 
7f1191829000-7f1191a29000 rw-p 00000000 00:00 0 
7f1191a29000-7f1191c29000 rw-p 00000000 00:00 0 
7f1191c29000-7f1191c91000 r--s 00319000 08:06 2763054                    /home/a1/.ivy2/cache/org.webjars/npm/jars/npm-4.2.0.jar
7f1191c91000-7f1191c92000 r--s 00001000 08:06 1992613                    /home/a1/.ivy2/cache/com.typesafe/npm_2.12/jars/npm_2.12-1.2.1.jar
7f1191c92000-7f1191c95000 r--s 00041000 08:06 2763069                    /home/a1/.ivy2/cache/io.spray/spray-json_2.12/bundles/spray-json_2.12-1.3.3.jar
7f1191c95000-7f1191c9a000 r--s 000d1000 08:06 2763036                    /home/a1/.ivy2/cache/io.apigee.trireme/trireme-node10src/jars/trireme-node10src-0.8.9.jar
7f1191c9a000-7f1191ca7000 r--s 00126000 08:06 2653516                    /home/a1/.ivy2/cache/org.mozilla/rhino/jars/rhino-1.7.7.1.jar
7f1191ca7000-7f1191cac000 r--s 0002b000 08:06 2653565                    /home/a1/.ivy2/cache/io.apigee.trireme/trireme-kernel/jars/trireme-kernel-0.8.9.jar
7f1191cac000-7f1191cb0000 r--s 00035000 08:06 2763032                    /home/a1/.ivy2/cache/io.apigee.trireme/trireme-core/jars/trireme-core-0.8.9.jar
7f1191cb0000-7f1191cbc000 r--s 000c8000 08:06 2763084                    /home/a1/.ivy2/cache/com.typesafe.akka/akka-persistence_2.12/jars/akka-persistence_2.12-2.5.4.jar
7f1191cbc000-7f1191cc5000 r--s 00086000 08:06 2763076                    /home/a1/.ivy2/cache/com.typesafe.akka/akka-cluster-tools_2.12/jars/akka-cluster-tools_2.12-2.5.4.jar
7f1191cc5000-7f1191cce000 r--s 000b1000 08:06 2763059                    /home/a1/.ivy2/cache/com.typesafe.akka/akka-cluster_2.12/jars/akka-cluster_2.12-2.5.4.jar
7f1191cce000-7f1191cd4000 r--s 0003c000 08:06 2653540                    /home/a1/.ivy2/cache/org.agrona/agrona/jars/agrona-0.9.5.jar
7f1191cd4000-7f1191cd7000 r--s 00019000 08:06 2653514                    /home/a1/.ivy2/cache/io.aeron/aeron-client/jars/aeron-client-1.2.5.jar
7f1191cd7000-7f1191cdc000 r--s 00031000 08:06 2763102                    /home/a1/.ivy2/cache/io.aeron/aeron-driver/jars/aeron-driver-1.2.5.jar
7f1191cdc000-7f1191cf5000 r--s 00123000 08:06 1860873                    /home/a1/.ivy2/cache/io.netty/netty/bundles/netty-3.10.6.Final.jar
7f1191cf5000-7f1191cfc000 r--s 00070000 08:06 2763100                    /home/a1/.ivy2/cache/com.typesafe.akka/akka-protobuf_2.12/jars/akka-protobuf_2.12-2.5.4.jar
7f1191cfc000-7f1191d00000 r--s 00038000 08:06 1992615                    /home/a1/.ivy2/cache/com.typesafe/ssl-config-core_2.12/bundles/ssl-config-core_2.12-0.2.1.jar
7f1191d00000-7f1191d01000 r--s 00000000 08:06 1992611                    /home/a1/.ivy2/cache/org.reactivestreams/reactive-streams/jars/reactive-streams-1.0.1.jar
7f1191d01000-7f1191d30000 r--s 00351000 08:06 2763096                    /home/a1/.ivy2/cache/com.typesafe.akka/akka-stream_2.12/jars/akka-stream_2.12-2.5.4.jar
7f1191d30000-7f1191d49000 r--s 0020f000 08:06 1992608                    /home/a1/.ivy2/cache/com.typesafe.akka/akka-remote_2.12/jars/akka-remote_2.12-2.5.4.jar
7f1191d49000-7f1191d4d000 r--s 00036000 08:06 1860862                    /home/a1/.ivy2/cache/com.typesafe.akka/akka-contrib_2.12/jars/akka-contrib_2.12-2.5.4.jar
7f1191d4d000-7f1191d4f000 r--s 00020000 08:06 1860860                    /home/a1/.ivy2/cache/com.typesafe/jse_2.12/jars/jse_2.12-1.2.3.jar
7f1191d4f000-7f1191f4f000 rw-p 00000000 00:00 0 
7f1191f4f000-7f1191f50000 r--s 00012000 08:06 2763083                    /home/a1/.ivy2/cache/scala_2.12/sbt_1.0/com.typesafe.sbt/sbt-js-engine/jars/sbt-js-engine-1.2.2.jar
7f1191f50000-7f1191f56000 r--s 00048000 08:06 1841129                    /home/a1/.ivy2/cache/org.apache.commons/commons-lang3/jars/commons-lang3-3.1.jar
7f1191f56000-7f1191f58000 r--s 00006000 08:06 2763079                    /home/a1/.ivy2/cache/org.webjars/webjars-locator-core/jars/webjars-locator-core-0.33.jar
7f1191f58000-7f1191f6b000 r--s 0010a000 08:06 2235360                    /home/a1/.ivy2/cache/org.scala-lang.modules/scala-java8-compat_2.12/bundles/scala-java8-compat_2.12-0.8.0.jar
7f1191f6b000-7f1191f8d000 r--s 002e6000 08:06 2253039                    /home/a1/.ivy2/cache/com.typesafe.akka/akka-actor_2.12/jars/akka-actor_2.12-2.5.4.jar
7f1191f8d000-7f1191f8f000 r--s 0001e000 08:06 2763072                    /home/a1/.ivy2/cache/scala_2.12/sbt_1.0/com.typesafe.sbt/sbt-web/jars/sbt-web-1.4.3.jar
7f1191f8f000-7f1191f90000 r--s 00008000 08:06 2763062                    /home/a1/.ivy2/cache/scala_2.12/sbt_1.0/com.lightbend.sbt/sbt-javaagent/jars/sbt-javaagent-0.1.4.jar
7f1191f90000-7f1191f97000 r--s 00038000 08:06 2653515                    /home/a1/.ivy2/cache/org.bouncycastle/bcpg-jdk15on/jars/bcpg-jdk15on-1.51.jar
7f1191f97000-7f1191f9b000 r--s 00020000 08:06 2653536                    /home/a1/.ivy2/cache/org.eclipse.aether/aether-impl/jars/aether-impl-0.9.0.M2.jar
7f1191f9b000-7f1191f9f000 r--s 0001d000 08:06 2763042                    /home/a1/.ivy2/cache/org.eclipse.aether/aether-util/jars/aether-util-0.9.0.M2.jar
7f1191f9f000-7f1191fa1000 r--s 00003000 08:06 2653564                    /home/a1/.ivy2/cache/org.eclipse.aether/aether-spi/jars/aether-spi-0.9.0.M2.jar
7f1191fa1000-7f1191fa5000 r--s 0001d000 08:06 2653556                    /home/a1/.ivy2/cache/org.eclipse.aether/aether-api/jars/aether-api-0.9.0.M2.jar
7f1191fa5000-7f1191fa7000 r--s 0000e000 08:06 2653525                    /home/a1/.ivy2/cache/org.apache.maven/maven-aether-provider/jars/maven-aether-provider-3.2.2.jar
7f1191fa7000-7f1191fac000 r--s 00025000 08:06 2653519                    /home/a1/.ivy2/cache/org.apache.maven/maven-model-builder/jars/maven-model-builder-3.2.2.jar
7f1191fac000-7f1191faf000 r--s 0000a000 08:06 2653528                    /home/a1/.ivy2/cache/org.codehaus.plexus/plexus-classworlds/bundles/plexus-classworlds-2.5.1.jar
7f1191faf000-7f1191fb5000 r--s 00042000 08:06 2503809                    /home/a1/.ivy2/cache/org.eclipse.sisu/org.eclipse.sisu.inject/eclipse-plugins/org.eclipse.sisu.inject-0.0.0.M5.jar
7f1191fb5000-7f1191fb7000 r--s 00000000 08:06 2653557                    /home/a1/.ivy2/cache/aopalliance/aopalliance/jars/aopalliance-1.0.jar
7f1191fb7000-7f1191fbf000 r--s 00050000 08:06 2503803                    /home/a1/.ivy2/cache/org.sonatype.sisu/sisu-guice/jars/sisu-guice-3.1.0-no_aop.jar
7f1191fbf000-7f1191fc0000 r--s 00001000 08:06 2253053                    /home/a1/.ivy2/cache/javax.annotation/jsr250-api/jars/jsr250-api-1.0.jar
7f1191fc0000-7f1191fc3000 r--s 00008000 08:06 2653563                    /home/a1/.ivy2/cache/javax.enterprise/cdi-api/jars/cdi-api-1.0.jar
7f1191fc3000-7f1191fc9000 r--s 0002a000 08:06 2763052                    /home/a1/.ivy2/cache/org.eclipse.sisu/org.eclipse.sisu.plexus/eclipse-plugins/org.eclipse.sisu.plexus-0.0.0.M5.jar
7f1191fc9000-7f1191fcb000 r--s 0000a000 08:06 2763098                    /home/a1/.ivy2/cache/org.apache.maven/maven-plugin-api/jars/maven-plugin-api-3.2.2.jar
7f1191fcb000-7f1191fce000 r--s 0000b000 08:06 2763040                    /home/a1/.ivy2/cache/org.apache.maven/maven-artifact/jars/maven-artifact-3.2.2.jar
7f1191fce000-7f1191fd0000 r--s 00005000 08:06 2763034                    /home/a1/.ivy2/cache/org.apache.maven/maven-repository-metadata/jars/maven-repository-metadata-3.2.2.jar
7f1191fd0000-7f1191fd2000 r--s 00002000 08:06 2653555                    /home/a1/.ivy2/cache/org.sonatype.plexus/plexus-cipher/jars/plexus-cipher-1.4.jar
7f1191fd2000-7f1191fd4000 r--s 00000000 08:06 2653537                    /home/a1/.ivy2/cache/org.codehaus.plexus/plexus-component-annotations/jars/plexus-component-annotations-1.5.5.jar
7f1191fd4000-7f1191fd7000 r--s 0000d000 08:06 2763061                    /home/a1/.ivy2/cache/org.codehaus.plexus/plexus-interpolation/jars/plexus-interpolation-1.19.jar
7f1191fd7000-7f1191fd9000 r--s 00009000 08:06 2653547                    /home/a1/.ivy2/cache/org.apache.maven/maven-settings-builder/jars/maven-settings-builder-3.2.2.jar
7f1191fd9000-7f1191fdd000 r--s 0003a000 08:06 1992610                    /home/a1/.ivy2/cache/org.codehaus.plexus/plexus-utils/jars/plexus-utils-3.0.17.jar
7f1191fdd000-7f1191fe0000 ---p 00000000 00:00 0 
7f1191fe0000-7f11920de000 rw-p 00000000 00:00 0 
7f11920de000-7f11922de000 rw-p 00000000 00:00 0 
7f11922de000-7f11924de000 rw-p 00000000 00:00 0 
7f11924de000-7f11926de000 rw-p 00000000 00:00 0 
7f11926de000-7f11926e1000 ---p 00000000 00:00 0 
7f11926e1000-7f11927df000 rw-p 00000000 00:00 0 
7f11927df000-7f11927e2000 ---p 00000000 00:00 0 
7f11927e2000-7f11928e0000 rw-p 00000000 00:00 0 
7f11928e0000-7f11928e3000 ---p 00000000 00:00 0 
7f11928e3000-7f11929e1000 rw-p 00000000 00:00 0 
7f11929e1000-7f11929e4000 ---p 00000000 00:00 0 
7f11929e4000-7f1192ae2000 rw-p 00000000 00:00 0 
7f1192ae2000-7f1192ce2000 rw-p 00000000 00:00 0 
7f1192ce2000-7f1192ee2000 rw-p 00000000 00:00 0 
7f1192ee2000-7f1192ee5000 ---p 00000000 00:00 0 
7f1192ee5000-7f1192fe3000 rw-p 00000000 00:00 0 
7f1192fe3000-7f1192fe6000 ---p 00000000 00:00 0 
7f1192fe6000-7f11930e4000 rw-p 00000000 00:00 0 
7f11930e4000-7f11932e4000 rw-p 00000000 00:00 0 
7f11932e4000-7f11932e7000 ---p 00000000 00:00 0 
7f11932e7000-7f11933e5000 rw-p 00000000 00:00 0 
7f11933e5000-7f11933e8000 ---p 00000000 00:00 0 
7f11933e8000-7f11934e6000 rw-p 00000000 00:00 0 
7f11934e6000-7f11934e9000 ---p 00000000 00:00 0 
7f11934e9000-7f11935e7000 rw-p 00000000 00:00 0 
7f11935e7000-7f11937e7000 rw-p 00000000 00:00 0 
7f11937e7000-7f11939e7000 rw-p 00000000 00:00 0 
7f11939e7000-7f1193be7000 rw-p 00000000 00:00 0 
7f1193be7000-7f1193de7000 rw-p 00000000 00:00 0 
7f1193de7000-7f1193dff000 r-xp 00000000 08:06 2504032                    /tmp/jna-3056/jna1599011267045387803.tmp (deleted)
7f1193dff000-7f1193fff000 ---p 00018000 08:06 2504032                    /tmp/jna-3056/jna1599011267045387803.tmp (deleted)
7f1193fff000-7f1194000000 rw-p 00018000 08:06 2504032                    /tmp/jna-3056/jna1599011267045387803.tmp (deleted)
7f1194000000-7f1194022000 rw-p 00000000 00:00 0 
7f1194022000-7f1198000000 ---p 00000000 00:00 0 
7f1198000000-7f119804c000 rw-p 00000000 00:00 0 
7f119804c000-7f119c000000 ---p 00000000 00:00 0 
7f119c000000-7f119db18000 rw-p 00000000 00:00 0 
7f119db18000-7f11a0000000 ---p 00000000 00:00 0 
7f11a0000000-7f11a1053000 rw-p 00000000 00:00 0 
7f11a1053000-7f11a4000000 ---p 00000000 00:00 0 
7f11a4000000-7f11a403f000 rw-p 00000000 00:00 0 
7f11a403f000-7f11a8000000 ---p 00000000 00:00 0 
7f11a8000000-7f11a9692000 rw-p 00000000 00:00 0 
7f11a9692000-7f11ac000000 ---p 00000000 00:00 0 
7f11ac000000-7f11ac039000 rw-p 00000000 00:00 0 
7f11ac039000-7f11b0000000 ---p 00000000 00:00 0 
7f11b0000000-7f11b0038000 rw-p 00000000 00:00 0 
7f11b0038000-7f11b4000000 ---p 00000000 00:00 0 
7f11b4000000-7f11b403d000 rw-p 00000000 00:00 0 
7f11b403d000-7f11b8000000 ---p 00000000 00:00 0 
7f11b8000000-7f11b82cc000 rw-p 00000000 00:00 0 
7f11b82cc000-7f11bc000000 ---p 00000000 00:00 0 
7f11bc000000-7f11bc060000 rw-p 00000000 00:00 0 
7f11bc060000-7f11c0000000 ---p 00000000 00:00 0 
7f11c0000000-7f11c0001000 r--s 00006000 08:06 2653546                    /home/a1/.ivy2/cache/org.sonatype.plexus/plexus-sec-dispatcher/jars/plexus-sec-dispatcher-1.3.jar
7f11c0001000-7f11c0003000 r--s 00009000 08:06 2653535                    /home/a1/.ivy2/cache/org.apache.maven/maven-settings/jars/maven-settings-3.2.2.jar
7f11c0003000-7f11c0006000 r--s 00025000 08:06 2503808                    /home/a1/.ivy2/cache/org.apache.maven/maven-model/jars/maven-model-3.2.2.jar
7f11c0006000-7f11c0012000 r--s 00081000 08:06 2763092                    /home/a1/.ivy2/cache/org.apache.maven/maven-core/jars/maven-core-3.2.2.jar
7f11c0012000-7f11c0028000 r--s 0010a000 08:06 2365644                    /home/a1/.ivy2/cache/org.vafer/jdeb/jars/jdeb-1.3.jar
7f11c0028000-7f11c0029000 r--s 00000000 08:06 2763053                    /home/a1/.ivy2/cache/javax.inject/javax.inject/jars/javax.inject-1.jar
7f11c0029000-7f11c0034000 r--s 00069000 08:06 1860872                    /home/a1/.ivy2/cache/ch.qos.logback/logback-core/jars/logback-core-1.2.1.jar
7f11c0034000-7f11c003a000 r--s 00046000 08:06 1860864                    /home/a1/.ivy2/cache/ch.qos.logback/logback-classic/jars/logback-classic-1.2.1.jar
7f11c003a000-7f11c007a000 r--s 00285000 08:06 2653524                    /home/a1/.ivy2/cache/org.bouncycastle/bcprov-jdk15on/jars/bcprov-jdk15on-1.52.jar
7f11c007a000-7f11c008b000 r--s 00088000 08:06 2653521                    /home/a1/.ivy2/cache/org.bouncycastle/bcpkix-jdk15on/jars/bcpkix-jdk15on-1.52.jar
7f11c008b000-7f11c0090000 r--s 00041000 08:06 2503802                    /home/a1/.ivy2/cache/commons-lang/commons-lang/jars/commons-lang-2.6.jar
7f11c0090000-7f11c0095000 r--s 0002c000 08:06 2365648                    /home/a1/.ivy2/cache/com.github.jnr/jnr-posix/jars/jnr-posix-3.0.12.jar
7f11c0095000-7f11c0097000 r--s 00007000 08:06 2653518                    /home/a1/.ivy2/cache/com.github.jnr/jnr-enxio/jars/jnr-enxio-0.9.jar
7f11c0097000-7f11c009c000 r--s 00049000 08:06 2653548                    /home/a1/.ivy2/cache/com.github.jnr/jnr-constants/jars/jnr-constants-0.8.7.jar
7f11c009c000-7f11c009f000 r--s 00033000 08:06 2365645                    /home/a1/.ivy2/cache/com.github.jnr/jnr-x86asm/jars/jnr-x86asm-1.0.2.jar
7f11c009f000-7f11c00a0000 r--s 0000a000 08:06 1992621                    /home/a1/.ivy2/cache/org.ow2.asm/asm-util/jars/asm-util-5.0.3.jar
7f11c00a0000-7f11c00a1000 r--s 00004000 08:06 2763048                    /home/a1/.ivy2/cache/org.ow2.asm/asm-analysis/jars/asm-analysis-5.0.3.jar
7f11c00a1000-7f11c00a3000 r--s 00006000 08:06 1992620                    /home/a1/.ivy2/cache/org.ow2.asm/asm-tree/jars/asm-tree-5.0.3.jar
7f11c00a3000-7f11c00a5000 r--s 00009000 08:06 1992619                    /home/a1/.ivy2/cache/org.ow2.asm/asm-commons/jars/asm-commons-5.0.3.jar
7f11c00a5000-7f11c00a6000 r--s 0000c000 08:06 1992618                    /home/a1/.ivy2/cache/org.ow2.asm/asm/jars/asm-5.0.3.jar
7f11c00a6000-7f11c00a8000 r--s 0006e000 08:06 2653545                    /home/a1/.ivy2/cache/com.github.jnr/jffi/jars/jffi-1.2.9-native.jar
7f11c00a8000-7f11c00ac000 r--s 00021000 08:06 2653531                    /home/a1/.ivy2/cache/com.github.jnr/jffi/jars/jffi-1.2.9.jar
7f11c00ac000-7f11c00bc000 r--s 00090000 08:06 2365649                    /home/a1/.ivy2/cache/com.github.jnr/jnr-ffi/jars/jnr-ffi-2.0.3.jar
7f11c00bc000-7f11c00bf000 r--s 0000f000 08:06 2653517                    /home/a1/.ivy2/cache/org.glassfish.jersey.ext/jersey-entity-filtering/jars/jersey-entity-filtering-2.22.2.jar
7f11c00bf000-7f11c00c1000 r--s 00004000 08:06 2653530                    /home/a1/.ivy2/cache/org.glassfish.jersey.media/jersey-media-json-jackson/jars/jersey-media-json-jackson-2.22.2.jar
7f11c00c1000-7f11c00c8000 r--s 0003a000 08:06 1726469                    /home/a1/.ivy2/cache/commons-codec/commons-codec/jars/commons-codec-1.9.jar
7f11c00c8000-7f11c00cf000 r--s 00049000 08:06 1751628                    /home/a1/.ivy2/cache/org.apache.httpcomponents/httpcore/jars/httpcore-4.4.5.jar
7f11c00cf000-7f11c00dc000 r--s 000a5000 08:06 1751550                    /home/a1/.ivy2/cache/org.apache.httpcomponents/httpclient/jars/httpclient-4.5.jar
7f11c00dc000-7f11c00e6000 r--s 000a5000 08:06 1860865                    /home/a1/.ivy2/cache/org.javassist/javassist/bundles/javassist-3.18.1-GA.jar
7f11c00e6000-7f11c00fe000 r--s 000d6000 08:06 2763039                    /home/a1/.ivy2/cache/org.glassfish.jersey.bundles.repackaged/jersey-guava/bundles/jersey-guava-2.22.2.jar
7f11c00fe000-7f11c0101000 ---p 00000000 00:00 0 
7f11c0101000-7f11c01ff000 rw-p 00000000 00:00 0 
7f11c01ff000-7f11c03ff000 rw-p 00000000 00:00 0 
7f11c03ff000-7f11c05ff000 rw-p 00000000 00:00 0 
7f11c05ff000-7f11c07ff000 rw-p 00000000 00:00 0 
7f11c07ff000-7f11c09ff000 rw-p 00000000 00:00 0 
7f11c09ff000-7f11c0bff000 rw-p 00000000 00:00 0 
7f11c0bff000-7f11c0dff000 rw-p 00000000 00:00 0 
7f11c0dff000-7f11c0fff000 rw-p 00000000 00:00 0 
7f11c0fff000-7f11c4000000 rw-p 00000000 00:00 0 
7f11c4000000-7f11c4091000 rw-p 00000000 00:00 0 
7f11c4091000-7f11c8000000 ---p 00000000 00:00 0 
7f11c8000000-7f11c8001000 r--s 00004000 08:06 2763065                    /home/a1/.ivy2/cache/com.github.jnr/jnr-unixsocket/jars/jnr-unixsocket-0.8.jar
7f11c8001000-7f11c8003000 r--s 0000e000 08:06 1751641                    /home/a1/.ivy2/cache/commons-logging/commons-logging/jars/commons-logging-1.2.jar
7f11c8003000-7f11c8005000 r--s 00005000 08:06 2253041                    /home/a1/.ivy2/cache/org.glassfish.jersey.connectors/jersey-apache-connector/jars/jersey-apache-connector-2.22.2.jar
7f11c8005000-7f11c8006000 r--s 00004000 08:06 2253037                    /home/a1/.ivy2/cache/org.glassfish.hk2/osgi-resource-locator/jars/osgi-resource-locator-1.0.1.jar
7f11c8006000-7f11c800a000 r--s 00029000 08:06 2653550                    /home/a1/.ivy2/cache/org.glassfish.hk2/hk2-locator/jars/hk2-locator-2.4.0-b34.jar
7f11c800a000-7f11c800b000 r--s 00001000 08:06 2653541                    /home/a1/.ivy2/cache/org.glassfish.hk2.external/javax.inject/jars/javax.inject-2.4.0-b34.jar
7f11c800b000-7f11c800d000 r--s 00002000 08:06 2253050                    /home/a1/.ivy2/cache/org.glassfish.hk2.external/aopalliance-repackaged/jars/aopalliance-repackaged-2.4.0-b34.jar
7f11c800d000-7f11c8011000 r--s 0001a000 08:06 2253042                    /home/a1/.ivy2/cache/org.glassfish.hk2/hk2-utils/jars/hk2-utils-2.4.0-b34.jar
7f11c8011000-7f11c8016000 r--s 00027000 08:06 2253045                    /home/a1/.ivy2/cache/org.glassfish.hk2/hk2-api/jars/hk2-api-2.4.0-b34.jar
7f11c8016000-7f11c8018000 r--s 00005000 08:06 2763028                    /home/a1/.ivy2/cache/javax.annotation/javax.annotation-api/jars/javax.annotation-api-1.2.jar
7f11c8018000-7f11c8026000 r--s 0009d000 08:06 2116134                    /home/a1/.ivy2/cache/org.glassfish.jersey.core/jersey-common/jars/jersey-common-2.22.2.jar
7f11c8026000-7f11c802a000 r--s 00019000 08:06 2503801                    /home/a1/.ivy2/cache/javax.ws.rs/javax.ws.rs-api/jars/javax.ws.rs-api-2.0.1.jar
7f11c802a000-7f11c802e000 r--s 00025000 08:06 2116135                    /home/a1/.ivy2/cache/org.glassfish.jersey.core/jersey-client/jars/jersey-client-2.22.2.jar
7f11c802e000-7f11c8031000 r--s 00011000 08:06 2763029                    /home/a1/.ivy2/cache/com.fasterxml.jackson.datatype/jackson-datatype-guava/bundles/jackson-datatype-guava-2.8.8.jar
7f11c8031000-7f11c8033000 r--s 00007000 08:06 2763066                    /home/a1/.ivy2/cache/com.fasterxml.jackson.module/jackson-module-jaxb-annotations/bundles/jackson-module-jaxb-annotations-2.8.8.jar
7f11c8033000-7f11c8036000 r--s 0000b000 08:06 1860871                    /home/a1/.ivy2/cache/com.fasterxml.jackson.core/jackson-annotations/bundles/jackson-annotations-2.8.0.jar
7f11c8036000-7f11c8048000 r--s 0011d000 08:06 1860870                    /home/a1/.ivy2/cache/com.fasterxml.jackson.core/jackson-databind/bundles/jackson-databind-2.8.8.jar
7f11c8048000-7f11c804b000 r--s 00042000 08:06 1751583                    /home/a1/.ivy2/cache/com.fasterxml.jackson.core/jackson-core/bundles/jackson-core-2.8.8.jar
7f11c804b000-7f11c804c000 r--s 00007000 08:06 2763044                    /home/a1/.ivy2/cache/com.fasterxml.jackson.jaxrs/jackson-jaxrs-base/bundles/jackson-jaxrs-base-2.8.8.jar
7f11c804c000-7f11c804d000 r--s 00003000 08:06 2653559                    /home/a1/.ivy2/cache/com.fasterxml.jackson.jaxrs/jackson-jaxrs-json-provider/bundles/jackson-jaxrs-json-provider-2.8.8.jar
7f11c804d000-7f11c805e000 r--s 0009a000 08:06 2763082                    /home/a1/.ivy2/cache/com.spotify/docker-client/jars/docker-client-8.9.0.jar
7f11c805e000-7f11c8060000 r--s 0002a000 08:06 1992622                    /home/a1/.ivy2/cache/org.scala-sbt/io_2.12/jars/io_2.12-1.0.0.jar
7f11c8060000-7f11c8061000 r--s 00004000 08:06 2116139                    /home/a1/.ivy2/cache/org.apache.ant/ant-launcher/jars/ant-launcher-1.10.1.jar
7f11c8061000-7f11c8080000 r--s 001ef000 08:06 2116137                    /home/a1/.ivy2/cache/org.apache.ant/ant/jars/ant-1.10.1.jar
7f11c8080000-7f11c808a000 r--s 00078000 08:06 1751523                    /home/a1/.ivy2/cache/org.apache.commons/commons-compress/jars/commons-compress-1.14.jar
7f11c808a000-7f11c8093000 r--s 000a7000 08:06 2653566                    /home/a1/.ivy2/cache/scala_2.12/sbt_1.0/com.typesafe.sbt/sbt-native-packager/jars/sbt-native-packager-1.3.3.jar
7f11c8093000-7f11c8095000 r--s 00012000 08:06 2503804                    /home/a1/.ivy2/cache/com.typesafe.play/twirl-parser_2.12/jars/twirl-parser_2.12-1.3.14.jar
7f11c8095000-7f11c8097000 r--s 0000f000 08:06 2503811                    /home/a1/.ivy2/cache/com.typesafe.play/twirl-compiler_2.12/jars/twirl-compiler_2.12-1.3.14.jar
7f11c8097000-7f11c8098000 r--s 0000c000 08:06 2503805                    /home/a1/.ivy2/cache/scala_2.12/sbt_1.0/com.typesafe.sbt/sbt-twirl/jars/sbt-twirl-1.3.14.jar
7f11c8098000-7f11c8099000 r--s 00003000 08:06 2763071                    /home/a1/.ivy2/cache/org.slf4j/slf4j-simple/jars/slf4j-simple-1.7.25.jar
7f11c8099000-7f11c809e000 r--s 00040000 08:06 1714339                    /home/a1/.ivy2/cache/com.typesafe/config/bundles/config-1.3.1.jar
7f11c809e000-7f11c80a1000 r--s 00021000 08:06 2763030                    /home/a1/.ivy2/cache/com.github.pathikrit/better-files_2.12/jars/better-files_2.12-2.17.1.jar
7f11c80a1000-7f11c80a3000 r--s 00009000 08:06 1847962                    /home/a1/.ivy2/cache/org.slf4j/slf4j-api/jars/slf4j-api-1.7.25.jar
7f11c80a3000-7f11c80a4000 r--s 00000000 08:06 2763094                    /home/a1/.ivy2/cache/org.codehaus.mojo/animal-sniffer-annotations/jars/animal-sniffer-annotations-1.14.jar
7f11c80a4000-7f11c80a6000 r--s 00001000 08:06 2763090                    /home/a1/.ivy2/cache/com.google.j2objc/j2objc-annotations/jars/j2objc-annotations-1.1.jar
7f11c80a6000-7f11c80a7000 r--s 00002000 08:06 2763088                    /home/a1/.ivy2/cache/com.google.errorprone/error_prone_annotations/jars/error_prone_annotations-2.0.18.jar
7f11c80a7000-7f11c80aa000 r--s 00006000 08:06 2763086                    /home/a1/.ivy2/cache/com.google.code.findbugs/jsr305/jars/jsr305-1.3.9.jar
7f11c80aa000-7f11c80da000 r--s 0024f000 08:06 1860869                    /home/a1/.ivy2/cache/com.google.guava/guava/bundles/guava-23.0.jar
7f11c80da000-7f11c80de000 r--s 00112000 08:06 1992609                    /home/a1/.ivy2/cache/net.java.dev.jna/jna/jars/jna-4.2.1.jar
7f11c80de000-7f11c80df000 r--s 00006000 08:06 1992617                    /home/a1/.ivy2/cache/io.methvin/directory-watcher/jars/directory-watcher-0.3.2.jar
7f11c80df000-7f11c80e1000 r--s 0000b000 08:06 2763074                    /home/a1/.ivy2/cache/com.lightbend.play/play-file-watch_2.12/jars/play-file-watch_2.12-1.1.7.jar
7f11c80e1000-7f11c80e3000 r--s 00000000 08:06 1860867                    /home/a1/.ivy2/cache/com.typesafe.play/play-exceptions/jars/play-exceptions-2.6.12.jar
7f11c80e3000-7f11c80e4000 r--s 00000000 08:06 1860863                    /home/a1/.ivy2/cache/com.typesafe.play/build-link/jars/build-link-2.6.12.jar
7f11c80e4000-7f11c80e6000 r--s 00010000 08:06 2763057                    /home/a1/.ivy2/cache/com.typesafe.play/run-support_2.12/jars/run-support_2.12-2.6.12.jar
7f11c80e6000-7f11c80e9000 r--s 00031000 08:06 1992614                    /home/a1/.ivy2/cache/org.scala-lang.modules/scala-parser-combinators_2.12/bundles/scala-parser-combinators_2.12-1.0.6.jar
7f11c80e9000-7f11c80ed000 r--s 0002f000 08:06 1860859                    /home/a1/.ivy2/cache/commons-io/commons-io/jars/commons-io-2.5.jar
7f11c80ed000-7f11c80f3000 r--s 00080000 08:06 1729042                    /home/a1/.ivy2/cache/org.scala-lang.modules/scala-xml_2.12/bundles/scala-xml_2.12-1.0.6.jar
7f11c80f3000-7f11c80f5000 r--s 00011000 08:06 2503810                    /home/a1/.ivy2/cache/com.typesafe.play/twirl-api_2.12/jars/twirl-api_2.12-1.3.14.jar
7f11c80f5000-7f11c80f8000 r--s 00030000 08:06 2763046                    /home/a1/.ivy2/cache/com.typesafe.play/sbt-routes-compiler_2.12/jars/sbt-routes-compiler_2.12-2.6.12.jar
7f11c80f8000-7f11c80fb000 r--s 00032000 08:06 1860868                    /home/a1/.ivy2/cache/scala_2.12/sbt_1.0/com.typesafe.play/sbt-plugin/jars/sbt-plugin-2.6.12.jar
7f11c80fb000-7f11c80fe000 ---p 00000000 00:00 0 
7f11c80fe000-7f11c8134000 rw-p 00000000 00:00 0 
7f11c8134000-7f11c8136000 r--s 00001000 08:06 538266                     /usr/lib/jvm/java-8-oracle/jre/lib/ext/dnsns.jar
7f11c8136000-7f11c8138000 r--s 00009000 08:06 538265                     /usr/lib/jvm/java-8-oracle/jre/lib/ext/sunec.jar
7f11c8138000-7f11c8139000 r--s 0000a000 08:06 538269                     /usr/lib/jvm/java-8-oracle/jre/lib/ext/jaccess.jar
7f11c8139000-7f11c813f000 r--s 0003e000 08:06 538275                     /usr/lib/jvm/java-8-oracle/jre/lib/ext/sunjce_provider.jar
7f11c813f000-7f11c8143000 r--s 0003a000 08:06 538272                     /usr/lib/jvm/java-8-oracle/jre/lib/ext/sunpkcs11.jar
7f11c8143000-7f11c8148000 r--s 00084000 08:06 538193                     /usr/lib/jvm/java-8-oracle/jre/lib/jfr.jar
7f11c8148000-7f11c814d000 r--s 002f9000 08:06 538251                     /usr/lib/jvm/java-8-oracle/jre/lib/charsets.jar
7f11c814d000-7f11c8150000 r--s 0001a000 08:06 538344                     /usr/lib/jvm/java-8-oracle/jre/lib/jce.jar
7f11c8150000-7f11c8163000 r--s 00345000 08:06 538262                     /usr/lib/jvm/java-8-oracle/jre/lib/resources.jar
7f11c8163000-7f11c8164000 r--s 00010000 08:06 538271                     /usr/lib/jvm/java-8-oracle/jre/lib/ext/zipfs.jar
7f11c81da000-7f11c81dd000 r--s 0001a000 08:06 538344                     /usr/lib/jvm/java-8-oracle/jre/lib/jce.jar
7f11c81dd000-7f11c83dd000 rw-p 00000000 00:00 0 
7f11c83dd000-7f11c83e4000 r--s 00000000 08:06 2891489                    /usr/lib/x86_64-linux-gnu/gconv/gconv-modules.cache
7f11c83e4000-7f11c8414000 r--p 00000000 08:06 2895291                    /usr/share/locale/ru/LC_MESSAGES/libc.mo
7f11c8414000-7f11c8614000 rw-p 00000000 00:00 0 
7f11c8614000-7f11c8814000 rw-p 00000000 00:00 0 
7f11c8814000-7f11c8819000 r--s 0009d000 08:06 538263                     /usr/lib/jvm/java-8-oracle/jre/lib/jsse.jar
7f11c8819000-7f11c8a19000 rw-p 00000000 00:00 0 
7f11c8a19000-7f11c8c19000 rw-p 00000000 00:00 0 
7f11c8c19000-7f11c8e19000 rw-p 00000000 00:00 0 
7f11c8e19000-7f11c9019000 rw-p 00000000 00:00 0 
7f11c9019000-7f11c901c000 ---p 00000000 00:00 0 
7f11c901c000-7f11c911a000 rw-p 00000000 00:00 0 
7f11c911a000-7f11c931a000 rw-p 00000000 00:00 0 
7f11c931a000-7f11c9335000 r--s 001d4000 08:06 538270                     /usr/lib/jvm/java-8-oracle/jre/lib/ext/nashorn.jar
7f11c9335000-7f11c933e000 r-xp 00000000 08:06 538336                     /usr/lib/jvm/java-8-oracle/jre/lib/amd64/libmanagement.so
7f11c933e000-7f11c953d000 ---p 00009000 08:06 538336                     /usr/lib/jvm/java-8-oracle/jre/lib/amd64/libmanagement.so
7f11c953d000-7f11c953e000 rw-p 00008000 08:06 538336                     /usr/lib/jvm/java-8-oracle/jre/lib/amd64/libmanagement.so
7f11c953e000-7f11c9540000 r--s 00009000 08:06 1982582                    /home/a1/.sbt/boot/scala-2.12.4/org.scala-sbt/sbt/1.1.1/slf4j-api-1.7.25.jar
7f11c9540000-7f11c9740000 rw-p 00000000 00:00 0 
7f11c9740000-7f11c974a000 r--s 00116000 08:06 538274                     /usr/lib/jvm/java-8-oracle/jre/lib/ext/localedata.jar
7f11c974a000-7f11c9766000 r--s 00393000 08:06 538267                     /usr/lib/jvm/java-8-oracle/jre/lib/ext/cldrdata.jar
7f11c9766000-7f11c9966000 rw-p 00000000 00:00 0 
7f11c9966000-7f11c996d000 r--s 00095000 08:06 1982542                    /home/a1/.sbt/boot/scala-2.12.4/org.scala-sbt/sbt/1.1.1/main-settings_2.12-1.1.1.jar
7f11c996d000-7f11c996e000 r--s 00003000 08:06 1982531                    /home/a1/.sbt/boot/scala-2.12.4/org.scala-sbt/sbt/1.1.1/zinc-compile_2.12-1.1.1.jar
7f11c996e000-7f11c9970000 r--s 00007000 08:06 1982571                    /home/a1/.sbt/boot/scala-2.12.4/org.scala-sbt/sbt/1.1.1/lenses_2.12-0.4.12.jar
7f11c9970000-7f11c9971000 r--s 00009000 08:06 1982520                    /home/a1/.sbt/boot/scala-2.12.4/org.scala-sbt/sbt/1.1.1/gigahorse-okhttp_2.12-0.3.0.jar
7f11c9971000-7f11c9974000 r--s 00022000 08:06 1982551                    /home/a1/.sbt/boot/scala-2.12.4/org.scala-sbt/sbt/1.1.1/sbinary_2.12-0.4.4.jar
7f11c9974000-7f11c9975000 r--s 00007000 08:06 1982563                    /home/a1/.sbt/boot/scala-2.12.4/org.scala-sbt/sbt/1.1.1/okhttp-urlconnection-3.7.0.jar
7f11c9975000-7f11c9977000 r--s 0002d000 08:06 1982554                    /home/a1/.sbt/boot/scala-2.12.4/org.scala-sbt/sbt/1.1.1/util-cache_2.12-1.1.2.jar
7f11c9977000-7f11c9984000 r--s 001ad000 08:06 1982579                    /home/a1/.sbt/boot/scala-2.12.4/org.scala-sbt/sbt/1.1.1/zinc-persist_2.12-1.1.1.jar
7f11c9984000-7f11c9986000 r--s 00024000 08:06 1982525                    /home/a1/.sbt/boot/scala-2.12.4/org.scala-sbt/sbt/1.1.1/zinc-apiinfo_2.12-1.1.1.jar
7f11c9986000-7f11c9988000 r--s 0000e000 08:06 1982592                    /home/a1/.sbt/boot/scala-2.12.4/org.scala-sbt/sbt/1.1.1/fastparse-utils_2.12-0.4.2.jar
7f11c9988000-7f11c9989000 r--s 0000e000 08:06 1982536                    /home/a1/.sbt/boot/scala-2.12.4/org.scala-sbt/sbt/1.1.1/zinc_2.12-1.1.1.jar
7f11c9989000-7f11c9b89000 rw-p 00000000 00:00 0 
7f11c9b89000-7f11c9b8d000 r--s 00039000 08:06 1982586                    /home/a1/.sbt/boot/scala-2.12.4/org.scala-sbt/sbt/1.1.1/util-logging_2.12-1.1.2.jar
7f11c9b8d000-7f11c9baf000 r--s 0034a000 08:06 1982527                    /home/a1/.sbt/boot/scala-2.12.4/org.scala-sbt/sbt/1.1.1/scala-reflect-2.12.4.jar
7f11c9baf000-7f11c9bb3000 r--s 00030000 08:06 1982550                    /home/a1/.sbt/boot/scala-2.12.4/org.scala-sbt/sbt/1.1.1/scala-parser-combinators_2.12-1.0.5.jar
7f11c9bb3000-7f11c9bb5000 r--s 00008000 08:06 1982537                    /home/a1/.sbt/boot/scala-2.12.4/org.scala-sbt/sbt/1.1.1/sjson-new-scalajson_2.12-0.8.2.jar
7f11c9bb5000-7f11c9bb9000 r--s 0004c000 08:06 1982577                    /home/a1/.sbt/boot/scala-2.12.4/org.scala-sbt/sbt/1.1.1/collections_2.12-1.1.1.jar
7f11c9bb9000-7f11c9bbe000 r--s 00031000 08:06 1982576                    /home/a1/.sbt/boot/scala-2.12.4/org.scala-sbt/sbt/1.1.1/config-1.2.0.jar
7f11c9bbe000-7f11c9bc2000 r--s 0015c000 08:06 1982558                    /home/a1/.sbt/boot/scala-2.12.4/org.scala-sbt/sbt/1.1.1/jna-4.5.0.jar
7f11c9bc2000-7f11c9bc5000 r--s 0003e000 08:06 1982581                    /home/a1/.sbt/boot/scala-2.12.4/org.scala-sbt/sbt/1.1.1/command_2.12-1.1.1.jar
7f11c9bc5000-7f11c9bc7000 r--s 00012000 08:06 1982548                    /home/a1/.sbt/boot/scala-2.12.4/org.scala-sbt/sbt/1.1.1/tasks_2.12-1.1.1.jar
7f11c9bc7000-7f11c9bc8000 r--s 00005000 08:06 1982534                    /home/a1/.sbt/boot/scala-2.12.4/org.scala-sbt/sbt/1.1.1/log4j-slf4j-impl-2.8.1.jar
7f11c9bc8000-7f11c9bca000 r--s 00011000 08:06 1982540                    /home/a1/.sbt/boot/scala-2.12.4/org.scala-sbt/sbt/1.1.1/jawn-parser_2.12-0.10.4.jar
7f11c9bca000-7f11c9bcd000 r--s 0002d000 08:06 1982547                    /home/a1/.sbt/boot/scala-2.12.4/org.scala-sbt/sbt/1.1.1/testing_2.12-1.1.1.jar
7f11c9bcd000-7f11c9bd3000 r--s 000bb000 08:06 1982584                    /home/a1/.sbt/boot/scala-2.12.4/org.scala-sbt/sbt/1.1.1/sjson-new-core_2.12-0.8.2.jar
7f11c9bd3000-7f11c9bed000 r--s 0021e000 08:06 1982528                    /home/a1/.sbt/boot/scala-2.12.4/org.scala-sbt/sbt/1.1.1/jna-platform-4.5.0.jar
7f11c9bed000-7f11c9bf1000 r--s 00047000 08:06 1982583                    /home/a1/.sbt/boot/scala-2.12.4/org.scala-sbt/sbt/1.1.1/fastparse_2.12-0.4.2.jar
7f11c9bf1000-7f11c9bf3000 r--s 00004000 08:06 1982564                    /home/a1/.sbt/boot/scala-2.12.4/org.scala-sbt/sbt/1.1.1/ipcsocket-1.0.0.jar
7f11c9bf3000-7f11c9bf4000 r--s 00001000 08:06 1982532                    /home/a1/.sbt/boot/scala-2.12.4/org.scala-sbt/sbt/1.1.1/scalacache-caffeine_2.12-0.20.0.jar
7f11c9bf4000-7f11c9bf5000 r--s 00002000 08:06 1982562                    /home/a1/.sbt/boot/scala-2.12.4/org.scala-sbt/sbt/1.1.1/launcher-interface-1.0.2.jar
7f11c9bf5000-7f11c9bfa000 r--s 00093000 08:06 1982541                    /home/a1/.sbt/boot/scala-2.12.4/org.scala-sbt/sbt/1.1.1/librarymanagement-ivy_2.12-1.1.3.jar
7f11c9bfa000-7f11c9c00000 r--s 00080000 08:06 1982521                    /home/a1/.sbt/boot/scala-2.12.4/org.scala-sbt/sbt/1.1.1/scala-xml_2.12-1.0.6.jar
7f11c9c00000-7f11c9c04000 r--s 00062000 08:06 1982544                    /home/a1/.sbt/boot/scala-2.12.4/org.scala-sbt/sbt/1.1.1/protocol_2.12-1.1.1.jar
7f11c9c04000-7f11c9c05000 r--s 0000f000 08:06 1982578                    /home/a1/.sbt/boot/scala-2.12.4/org.scala-sbt/sbt/1.1.1/sbt-1.1.1.jar
7f11c9c05000-7f11c9c06000 r--s 00000000 08:06 1982553                    /home/a1/.sbt/boot/scala-2.12.4/org.scala-sbt/sbt/1.1.1/reactive-streams-1.0.0.jar
7f11c9c06000-7f11c9c07000 r--s 00000000 08:06 1982546                    /home/a1/.sbt/boot/scala-2.12.4/org.scala-sbt/sbt/1.1.1/template-resolver-0.1.jar
7f11c9c07000-7f11c9c09000 r--s 0000b000 08:06 1982589                    /home/a1/.sbt/boot/scala-2.12.4/org.scala-sbt/sbt/1.1.1/logic_2.12-1.1.1.jar
7f11c9c09000-7f11c9c18000 r--s 0013d000 08:06 1982519                    /home/a1/.sbt/boot/scala-2.12.4/org.scala-sbt/sbt/1.1.1/protobuf-java-3.3.1.jar
7f11c9c18000-7f11c9c1c000 r--s 00034000 08:06 1982523                    /home/a1/.sbt/boot/scala-2.12.4/org.scala-sbt/sbt/1.1.1/jsch-0.1.46.jar
7f11c9c1c000-7f11c9c20000 r--s 0004f000 08:06 1982587                    /home/a1/.sbt/boot/scala-2.12.4/org.scala-sbt/sbt/1.1.1/zinc-core_2.12-1.1.1.jar
7f11c9c20000-7f11c9c21000 r--s 0000b000 08:06 1982556                    /home/a1/.sbt/boot/scala-2.12.4/org.scala-sbt/sbt/1.1.1/zinc-ivy-integration_2.12-1.1.1.jar
7f11c9c21000-7f11c9c25000 r--s 00038000 08:06 1982524                    /home/a1/.sbt/boot/scala-2.12.4/org.scala-sbt/sbt/1.1.1/ssl-config-core_2.12-0.2.2.jar
7f11c9c25000-7f11c9c28000 r--s 00031000 08:06 1982567                    /home/a1/.sbt/boot/scala-2.12.4/org.scala-sbt/sbt/1.1.1/actions_2.12-1.1.1.jar
7f11c9c28000-7f11c9c29000 r--s 00003000 08:06 1982565                    /home/a1/.sbt/boot/scala-2.12.4/org.scala-sbt/sbt/1.1.1/util-relation_2.12-1.1.2.jar
7f11c9c29000-7f11c9c2a000 r--s 00011000 08:06 1982591                    /home/a1/.sbt/boot/scala-2.12.4/org.scala-sbt/sbt/1.1.1/run_2.12-1.1.1.jar
7f11c9c2a000-7f11c9c33000 r--s 000ae000 08:06 1982555                    /home/a1/.sbt/boot/scala-2.12.4/org.scala-sbt/sbt/1.1.1/librarymanagement-core_2.12-1.1.3.jar
7f11c9c33000-7f11c9c36000 r--s 0003c000 08:06 1982572                    /home/a1/.sbt/boot/scala-2.12.4/org.scala-sbt/sbt/1.1.1/completion_2.12-1.1.1.jar
7f11c9c36000-7f11c9c39000 r--s 00026000 08:06 1982575                    /home/a1/.sbt/boot/scala-2.12.4/org.scala-sbt/sbt/1.1.1/gigahorse-core_2.12-0.3.0.jar
7f11c9c39000-7f11c9c4e000 r--s 00101000 08:06 1982535                    /home/a1/.sbt/boot/scala-2.12.4/org.scala-sbt/sbt/1.1.1/ivy-2.3.0-sbt-b18f59ea3bc914a297bb6f1a4f7fb0ace399e310.jar
7f11c9c4e000-7f11c9c50000 r--s 00002000 08:06 1982574                    /home/a1/.sbt/boot/scala-2.12.4/org.scala-sbt/sbt/1.1.1/test-interface-1.0.jar
7f11c9c50000-7f11c9c53000 r--s 00012000 08:06 1982543                    /home/a1/.sbt/boot/scala-2.12.4/org.scala-sbt/sbt/1.1.1/disruptor-3.3.6.jar
7f11c9c53000-7f11c9c55000 r--s 00019000 08:06 1982561                    /home/a1/.sbt/boot/scala-2.12.4/org.scala-sbt/sbt/1.1.1/task-system_2.12-1.1.1.jar
7f11c9c55000-7f11c9c59000 r--s 00013000 08:06 1982570                    /home/a1/.sbt/boot/scala-2.12.4/org.scala-sbt/sbt/1.1.1/compiler-interface-1.1.1.jar
7f11c9c59000-7f11c9c5b000 r--s 00019000 08:06 1982529                    /home/a1/.sbt/boot/scala-2.12.4/org.scala-sbt/sbt/1.1.1/sourcecode_2.12-0.1.3.jar
7f11c9c5b000-7f11c9c5e000 r--s 0001c000 08:06 1982557                    /home/a1/.sbt/boot/scala-2.12.4/org.scala-sbt/sbt/1.1.1/scalacache-core_2.12-0.20.0.jar
7f11c9c5e000-7f11c9c7a000 r--s 0013b000 08:06 1982518                    /home/a1/.sbt/boot/scala-2.12.4/org.scala-sbt/sbt/1.1.1/log4j-core-2.8.1.jar
7f11c9c7a000-7f11c9c7c000 r--s 00007000 08:06 1982566                    /home/a1/.sbt/boot/scala-2.12.4/org.scala-sbt/sbt/1.1.1/util-tracking_2.12-1.1.2.jar
7f11c9c7c000-7f11c9c92000 r--s 000e0000 08:06 1982539                    /home/a1/.sbt/boot/scala-2.12.4/org.scala-sbt/sbt/1.1.1/caffeine-2.5.6.jar
7f11c9c92000-7f11c9ca3000 r-xp 00000000 08:06 538331                     /usr/lib/jvm/java-8-oracle/jre/lib/amd64/libnio.so
7f11c9ca3000-7f11c9ea2000 ---p 00011000 08:06 538331                     /usr/lib/jvm/java-8-oracle/jre/lib/amd64/libnio.so
7f11c9ea2000-7f11c9ea3000 rw-p 00010000 08:06 538331                     /usr/lib/jvm/java-8-oracle/jre/lib/amd64/libnio.so
7f11c9ea3000-7f11c9eb9000 r-xp 00000000 08:06 538328                     /usr/lib/jvm/java-8-oracle/jre/lib/amd64/libnet.so
7f11c9eb9000-7f11ca0b9000 ---p 00016000 08:06 538328                     /usr/lib/jvm/java-8-oracle/jre/lib/amd64/libnet.so
7f11ca0b9000-7f11ca0ba000 rw-p 00016000 08:06 538328                     /usr/lib/jvm/java-8-oracle/jre/lib/amd64/libnet.so
7f11ca0ba000-7f11ca150000 r--s 0110a000 08:06 538268                     /usr/lib/jvm/java-8-oracle/jre/lib/ext/jfxrt.jar
7f11ca150000-7f11ca151000 ---p 00000000 00:00 0 
7f11ca151000-7f11ca251000 rw-p 00000000 00:00 0 
7f11ca251000-7f11ca254000 ---p 00000000 00:00 0 
7f11ca254000-7f11ca352000 rw-p 00000000 00:00 0 
7f11ca352000-7f11ca355000 ---p 00000000 00:00 0 
7f11ca355000-7f11ca453000 rw-p 00000000 00:00 0 
7f11ca453000-7f11ca456000 ---p 00000000 00:00 0 
7f11ca456000-7f11ca554000 rw-p 00000000 00:00 0 
7f11ca554000-7f11ca557000 ---p 00000000 00:00 0 
7f11ca557000-7f11ca655000 rw-p 00000000 00:00 0 
7f11ca655000-7f11ca658000 ---p 00000000 00:00 0 
7f11ca658000-7f11ca756000 rw-p 00000000 00:00 0 
7f11ca756000-7f11ca8f1000 r--p 00000000 08:06 2890459                    /usr/lib/locale/locale-archive
7f11ca8f1000-7f11ca8f4000 ---p 00000000 00:00 0 
7f11ca8f4000-7f11ca9f2000 rw-p 00000000 00:00 0 
7f11ca9f2000-7f11ca9f5000 ---p 00000000 00:00 0 
7f11ca9f5000-7f11caaf3000 rw-p 00000000 00:00 0 
7f11caaf3000-7f11caaf4000 ---p 00000000 00:00 0 
7f11caaf4000-7f11cb800000 rw-p 00000000 00:00 0 
7f11cb800000-7f11cc000000 rw-p 00000000 00:00 0 
7f11cc000000-7f11cc081000 rw-p 00000000 00:00 0 
7f11cc081000-7f11d0000000 ---p 00000000 00:00 0 
7f11d0000000-7f11d000a000 r--s 00199000 08:06 1982533                    /home/a1/.sbt/boot/scala-2.12.4/org.scala-sbt/sbt/1.1.1/main_2.12-1.1.1.jar
7f11d000a000-7f11d000b000 r--s 00003000 08:06 1982590                    /home/a1/.sbt/boot/scala-2.12.4/org.scala-sbt/sbt/1.1.1/util-position_2.12-1.1.2.jar
7f11d000b000-7f11d0043000 r--s 004ca000 08:06 1982601                    /home/a1/.sbt/boot/scala-2.12.4/lib/scala-library.jar
7f11d0043000-7f11d008f000 r--s 0090b000 08:06 1982603                    /home/a1/.sbt/boot/scala-2.12.4/lib/scala-compiler.jar
7f11d008f000-7f11d0392000 rw-p 00000000 00:00 0 
7f11d0392000-7f11d056b000 r--s 03d64000 08:06 538253                     /usr/lib/jvm/java-8-oracle/jre/lib/rt.jar
7f11d056b000-7f11d05e1000 rw-p 00000000 00:00 0 
7f11d05e1000-7f11d38e1000 rw-p 00000000 00:00 0 
7f11d38e1000-7f11d38e2000 ---p 00000000 00:00 0 
7f11d38e2000-7f11d39e2000 rw-p 00000000 00:00 0 
7f11d39e2000-7f11d39e3000 ---p 00000000 00:00 0 
7f11d39e3000-7f11d3ae3000 rw-p 00000000 00:00 0 
7f11d3ae3000-7f11d3ae4000 ---p 00000000 00:00 0 
7f11d3ae4000-7f11d3be4000 rw-p 00000000 00:00 0 
7f11d3be4000-7f11d3be5000 ---p 00000000 00:00 0 
7f11d3be5000-7f11d3ce5000 rw-p 00000000 00:00 0 
7f11d3ce5000-7f11d3d46000 rw-p 00000000 00:00 0 
7f11d3d46000-7f11d3ee5000 ---p 00000000 00:00 0 
7f11d3ee5000-7f11d3f46000 rw-p 00000000 00:00 0 
7f11d3f46000-7f11d40e5000 ---p 00000000 00:00 0 
7f11d40e5000-7f11d419f000 rw-p 00000000 00:00 0 
7f11d419f000-7f11d41a0000 ---p 00000000 00:00 0 
7f11d41a0000-7f11d41e5000 ---p 00000000 00:00 0 
7f11d41e5000-7f11d4291000 rw-p 00000000 00:00 0 
7f11d4291000-7f11d45a6000 ---p 00000000 00:00 0 
7f11d45a6000-7f11d7066000 rwxp 00000000 00:00 0 
7f11d7066000-7f11e35a6000 ---p 00000000 00:00 0 
7f11e35a6000-7f11e35c1000 r-xp 00000000 08:06 538324                     /usr/lib/jvm/java-8-oracle/jre/lib/amd64/libzip.so
7f11e35c1000-7f11e37c1000 ---p 0001b000 08:06 538324                     /usr/lib/jvm/java-8-oracle/jre/lib/amd64/libzip.so
7f11e37c1000-7f11e37c2000 rw-p 0001b000 08:06 538324                     /usr/lib/jvm/java-8-oracle/jre/lib/amd64/libzip.so
7f11e37c2000-7f11e37cc000 r-xp 00000000 08:06 1575954                    /lib/x86_64-linux-gnu/libnss_files-2.24.so
7f11e37cc000-7f11e39cc000 ---p 0000a000 08:06 1575954                    /lib/x86_64-linux-gnu/libnss_files-2.24.so
7f11e39cc000-7f11e39cd000 r--p 0000a000 08:06 1575954                    /lib/x86_64-linux-gnu/libnss_files-2.24.so
7f11e39cd000-7f11e39ce000 rw-p 0000b000 08:06 1575954                    /lib/x86_64-linux-gnu/libnss_files-2.24.so
7f11e39ce000-7f11e39d4000 rw-p 00000000 00:00 0 
7f11e39d4000-7f11e39df000 r-xp 00000000 08:06 1575956                    /lib/x86_64-linux-gnu/libnss_nis-2.24.so
7f11e39df000-7f11e3bde000 ---p 0000b000 08:06 1575956                    /lib/x86_64-linux-gnu/libnss_nis-2.24.so
7f11e3bde000-7f11e3bdf000 r--p 0000a000 08:06 1575956                    /lib/x86_64-linux-gnu/libnss_nis-2.24.so
7f11e3bdf000-7f11e3be0000 rw-p 0000b000 08:06 1575956                    /lib/x86_64-linux-gnu/libnss_nis-2.24.so
7f11e3be0000-7f11e3bf4000 r-xp 00000000 08:06 1575951                    /lib/x86_64-linux-gnu/libnsl-2.24.so
7f11e3bf4000-7f11e3df4000 ---p 00014000 08:06 1575951                    /lib/x86_64-linux-gnu/libnsl-2.24.so
7f11e3df4000-7f11e3df5000 r--p 00014000 08:06 1575951                    /lib/x86_64-linux-gnu/libnsl-2.24.so
7f11e3df5000-7f11e3df6000 rw-p 00015000 08:06 1575951                    /lib/x86_64-linux-gnu/libnsl-2.24.so
7f11e3df6000-7f11e3df8000 rw-p 00000000 00:00 0 
7f11e3df8000-7f11e3dff000 r-xp 00000000 08:06 1575952                    /lib/x86_64-linux-gnu/libnss_compat-2.24.so
7f11e3dff000-7f11e3ffe000 ---p 00007000 08:06 1575952                    /lib/x86_64-linux-gnu/libnss_compat-2.24.so
7f11e3ffe000-7f11e3fff000 r--p 00006000 08:06 1575952                    /lib/x86_64-linux-gnu/libnss_compat-2.24.so
7f11e3fff000-7f11e4000000 rw-p 00007000 08:06 1575952                    /lib/x86_64-linux-gnu/libnss_compat-2.24.so
7f11e4000000-7f11e7d0c000 rw-p 00000000 00:00 0 
7f11e7d0c000-7f11e8000000 ---p 00000000 00:00 0 
7f11e8000000-7f11e8002000 r--s 0000f000 08:06 1982580                    /home/a1/.sbt/boot/scala-2.12.4/org.scala-sbt/sbt/1.1.1/shaded-scalajson_2.12-1.0.0-M4.jar
7f11e8002000-7f11e800f000 r--s 001a6000 08:06 1982559                    /home/a1/.sbt/boot/scala-2.12.4/org.scala-sbt/sbt/1.1.1/scalapb-runtime_2.12-0.6.0.jar
7f11e800f000-7f11e8011000 r--s 00012000 08:06 1982585                    /home/a1/.sbt/boot/scala-2.12.4/org.scala-sbt/sbt/1.1.1/core-macros_2.12-1.1.1.jar
7f11e8011000-7f11e8013000 r--s 00002000 08:06 1982549                    /home/a1/.sbt/boot/scala-2.12.4/org.scala-sbt/sbt/1.1.1/util-control_2.12-1.1.2.jar
7f11e8013000-7f11e8035000 r--s 0034a000 08:06 1982604                    /home/a1/.sbt/boot/scala-2.12.4/lib/scala-reflect.jar
7f11e8035000-7f11e8051000 r--s 0010c000 08:06 1971344                    /home/a1/.IdeaIC2017.3/config/plugins/Scala/launcher/sbt-launch.jar
7f11e8051000-7f11e807c000 r-xp 00000000 08:06 538318                     /usr/lib/jvm/java-8-oracle/jre/lib/amd64/libjava.so
7f11e807c000-7f11e827b000 ---p 0002b000 08:06 538318                     /usr/lib/jvm/java-8-oracle/jre/lib/amd64/libjava.so
7f11e827b000-7f11e827d000 rw-p 0002a000 08:06 538318                     /usr/lib/jvm/java-8-oracle/jre/lib/amd64/libjava.so
7f11e827d000-7f11e828a000 r-xp 00000000 08:06 538323                     /usr/lib/jvm/java-8-oracle/jre/lib/amd64/libverify.so
7f11e828a000-7f11e848a000 ---p 0000d000 08:06 538323                     /usr/lib/jvm/java-8-oracle/jre/lib/amd64/libverify.so
7f11e848a000-7f11e848c000 rw-p 0000d000 08:06 538323                     /usr/lib/jvm/java-8-oracle/jre/lib/amd64/libverify.so
7f11e848c000-7f11e8493000 r-xp 00000000 08:06 1575961                    /lib/x86_64-linux-gnu/librt-2.24.so
7f11e8493000-7f11e8692000 ---p 00007000 08:06 1575961                    /lib/x86_64-linux-gnu/librt-2.24.so
7f11e8692000-7f11e8693000 r--p 00006000 08:06 1575961                    /lib/x86_64-linux-gnu/librt-2.24.so
7f11e8693000-7f11e8694000 rw-p 00007000 08:06 1575961                    /lib/x86_64-linux-gnu/librt-2.24.so
7f11e8694000-7f11e8797000 r-xp 00000000 08:06 1575948                    /lib/x86_64-linux-gnu/libm-2.24.so
7f11e8797000-7f11e8996000 ---p 00103000 08:06 1575948                    /lib/x86_64-linux-gnu/libm-2.24.so
7f11e8996000-7f11e8997000 r--p 00102000 08:06 1575948                    /lib/x86_64-linux-gnu/libm-2.24.so
7f11e8997000-7f11e8998000 rw-p 00103000 08:06 1575948                    /lib/x86_64-linux-gnu/libm-2.24.so
7f11e8998000-7f11e9671000 r-xp 00000000 08:06 925647                     /usr/lib/jvm/java-8-oracle/jre/lib/amd64/server/libjvm.so
7f11e9671000-7f11e9870000 ---p 00cd9000 08:06 925647                     /usr/lib/jvm/java-8-oracle/jre/lib/amd64/server/libjvm.so
7f11e9870000-7f11e9949000 rw-p 00cd8000 08:06 925647                     /usr/lib/jvm/java-8-oracle/jre/lib/amd64/server/libjvm.so
7f11e9949000-7f11e9995000 rw-p 00000000 00:00 0 
7f11e9995000-7f11e9b2a000 r-xp 00000000 08:06 1575944                    /lib/x86_64-linux-gnu/libc-2.24.so
7f11e9b2a000-7f11e9d2a000 ---p 00195000 08:06 1575944                    /lib/x86_64-linux-gnu/libc-2.24.so
7f11e9d2a000-7f11e9d2e000 r--p 00195000 08:06 1575944                    /lib/x86_64-linux-gnu/libc-2.24.so
7f11e9d2e000-7f11e9d30000 rw-p 00199000 08:06 1575944                    /lib/x86_64-linux-gnu/libc-2.24.so
7f11e9d30000-7f11e9d34000 rw-p 00000000 00:00 0 
7f11e9d34000-7f11e9d37000 r-xp 00000000 08:06 1575947                    /lib/x86_64-linux-gnu/libdl-2.24.so
7f11e9d37000-7f11e9f36000 ---p 00003000 08:06 1575947                    /lib/x86_64-linux-gnu/libdl-2.24.so
7f11e9f36000-7f11e9f37000 r--p 00002000 08:06 1575947                    /lib/x86_64-linux-gnu/libdl-2.24.so
7f11e9f37000-7f11e9f38000 rw-p 00003000 08:06 1575947                    /lib/x86_64-linux-gnu/libdl-2.24.so
7f11e9f38000-7f11e9f4e000 r-xp 00000000 08:06 403435                     /usr/lib/jvm/java-8-oracle/lib/amd64/jli/libjli.so
7f11e9f4e000-7f11ea14d000 ---p 00016000 08:06 403435                     /usr/lib/jvm/java-8-oracle/lib/amd64/jli/libjli.so
7f11ea14d000-7f11ea14e000 rw-p 00015000 08:06 403435                     /usr/lib/jvm/java-8-oracle/lib/amd64/jli/libjli.so
7f11ea14e000-7f11ea166000 r-xp 00000000 08:06 1575959                    /lib/x86_64-linux-gnu/libpthread-2.24.so
7f11ea166000-7f11ea365000 ---p 00018000 08:06 1575959                    /lib/x86_64-linux-gnu/libpthread-2.24.so
7f11ea365000-7f11ea366000 r--p 00017000 08:06 1575959                    /lib/x86_64-linux-gnu/libpthread-2.24.so
7f11ea366000-7f11ea367000 rw-p 00018000 08:06 1575959                    /lib/x86_64-linux-gnu/libpthread-2.24.so
7f11ea367000-7f11ea36b000 rw-p 00000000 00:00 0 
7f11ea36b000-7f11ea38e000 r-xp 00000000 08:06 1575939                    /lib/x86_64-linux-gnu/ld-2.24.so
7f11ea38e000-7f11ea38f000 r--s 00000000 08:06 1982568                    /home/a1/.sbt/boot/scala-2.12.4/org.scala-sbt/sbt/1.1.1/util-interface-1.1.2.jar
7f11ea38f000-7f11ea390000 r--s 00005000 08:06 1982522                    /home/a1/.sbt/boot/scala-2.12.4/org.scala-sbt/sbt/1.1.1/test-agent-1.1.1.jar
7f11ea390000-7f11ea396000 r--s 0005b000 08:06 1982552                    /home/a1/.sbt/boot/scala-2.12.4/org.scala-sbt/sbt/1.1.1/okhttp-3.7.0.jar
7f11ea396000-7f11ea398000 r--s 00012000 08:06 1982588                    /home/a1/.sbt/boot/scala-2.12.4/org.scala-sbt/sbt/1.1.1/okio-1.12.0.jar
7f11ea398000-7f11ea39c000 r--s 0003c000 08:06 1982573                    /home/a1/.sbt/boot/scala-2.12.4/org.scala-sbt/sbt/1.1.1/io_2.12-1.1.4.jar
7f11ea39c000-7f11ea39d000 r--s 0000c000 08:06 1982538                    /home/a1/.sbt/boot/scala-2.12.4/org.scala-sbt/sbt/1.1.1/zinc-classfile_2.12-1.1.1.jar
7f11ea39d000-7f11ea3a1000 r--s 0003e000 08:06 1982569                    /home/a1/.sbt/boot/scala-2.12.4/org.scala-sbt/sbt/1.1.1/jline-2.14.4.jar
7f11ea3a1000-7f11ea3a6000 r--s 00033000 08:06 1982526                    /home/a1/.sbt/boot/scala-2.12.4/org.scala-sbt/sbt/1.1.1/log4j-api-2.8.1.jar
7f11ea3a6000-7f11ea3a8000 r--s 00010000 08:06 1982560                    /home/a1/.sbt/boot/scala-2.12.4/org.scala-sbt/sbt/1.1.1/zinc-classpath_2.12-1.1.1.jar
7f11ea3a8000-7f11ea3a9000 r--s 00001000 08:06 1982545                    /home/a1/.sbt/boot/scala-2.12.4/org.scala-sbt/sbt/1.1.1/sjson-new-murmurhash_2.12-0.8.2.jar
7f11ea3a9000-7f11ea453000 rw-p 00000000 00:00 0 
7f11ea453000-7f11ea471000 rw-p 00000000 00:00 0 
7f11ea471000-7f11ea474000 ---p 00000000 00:00 0 
7f11ea474000-7f11ea574000 rw-p 00000000 00:00 0 
7f11ea574000-7f11ea577000 r--s 00034000 08:06 1982530                    /home/a1/.sbt/boot/scala-2.12.4/org.scala-sbt/sbt/1.1.1/zinc-compile-core_2.12-1.1.1.jar
7f11ea577000-7f11ea57d000 r--s 00080000 08:06 1982602                    /home/a1/.sbt/boot/scala-2.12.4/lib/scala-xml_2.12.jar
7f11ea57d000-7f11ea581000 r--s 0003e000 08:06 1982600                    /home/a1/.sbt/boot/scala-2.12.4/lib/jline.jar
7f11ea581000-7f11ea589000 rw-s 00000000 08:06 2253110                    /tmp/hsperfdata_a1/17349
7f11ea589000-7f11ea58a000 rw-p 00000000 00:00 0 
7f11ea58a000-7f11ea58b000 ---p 00000000 00:00 0 
7f11ea58b000-7f11ea58e000 rw-p 00000000 00:00 0 
7f11ea58e000-7f11ea58f000 r--p 00023000 08:06 1575939                    /lib/x86_64-linux-gnu/ld-2.24.so
7f11ea58f000-7f11ea590000 rw-p 00024000 08:06 1575939                    /lib/x86_64-linux-gnu/ld-2.24.so
7f11ea590000-7f11ea591000 rw-p 00000000 00:00 0 
7ffcc1da5000-7ffcc1dc6000 rw-p 00000000 00:00 0                          [stack]
7ffcc1ddc000-7ffcc1dde000 r--p 00000000 00:00 0                          [vvar]
7ffcc1dde000-7ffcc1de0000 r-xp 00000000 00:00 0                          [vdso]
ffffffffff600000-ffffffffff601000 r-xp 00000000 00:00 0                  [vsyscall]

VM Arguments:
jvm_args: -Djline.terminal=jline.UnsupportedTerminal -Dsbt.log.noformat=true -Dfile.encoding=UTF-8 -Didea.managed=true -Xmx1536M -XX:MaxPermSize=384M -Dfile.encoding=UTF-8 
java_command: /home/a1/.IdeaIC2017.3/config/plugins/Scala/launcher/sbt-launch.jar
java_class_path (initial): /home/a1/.IdeaIC2017.3/config/plugins/Scala/launcher/sbt-launch.jar
Launcher Type: SUN_STANDARD

Environment Variables:
PATH=/usr/local/bin:/usr/bin:/bin:/usr/local/games:/usr/games
SHELL=/bin/bash
DISPLAY=:0.0

Signal Handlers:
SIGSEGV: [libjvm.so+0xad01e0], sa_mask[0]=11111111011111111101111111111110, sa_flags=SA_RESTART|SA_SIGINFO
SIGBUS: [libjvm.so+0xad01e0], sa_mask[0]=11111111011111111101111111111110, sa_flags=SA_RESTART|SA_SIGINFO
SIGFPE: [libjvm.so+0x927fb0], sa_mask[0]=11111111011111111101111111111110, sa_flags=SA_RESTART|SA_SIGINFO
SIGPIPE: [libjvm.so+0x927fb0], sa_mask[0]=11111111011111111101111111111110, sa_flags=SA_RESTART|SA_SIGINFO
SIGXFSZ: [libjvm.so+0x927fb0], sa_mask[0]=11111111011111111101111111111110, sa_flags=SA_RESTART|SA_SIGINFO
SIGILL: [libjvm.so+0x927fb0], sa_mask[0]=11111111011111111101111111111110, sa_flags=SA_RESTART|SA_SIGINFO
SIGUSR1: SIG_DFL, sa_mask[0]=00000000000000000000000000000000, sa_flags=none
SIGUSR2: [libjvm.so+0x9297f0], sa_mask[0]=00100000000000000000000000000000, sa_flags=SA_RESTART|SA_SIGINFO
SIGHUP: [libjvm.so+0x92abf0], sa_mask[0]=11111111011111111101111111111110, sa_flags=SA_RESTART|SA_SIGINFO
SIGINT: [libjvm.so+0x92abf0], sa_mask[0]=11111111011111111101111111111110, sa_flags=SA_RESTART|SA_SIGINFO
SIGTERM: [libjvm.so+0x92abf0], sa_mask[0]=11111111011111111101111111111110, sa_flags=SA_RESTART|SA_SIGINFO
SIGQUIT: [libjvm.so+0x92abf0], sa_mask[0]=11111111011111111101111111111110, sa_flags=SA_RESTART|SA_SIGINFO


---------------  S Y S T E M  ---------------

OS:PRETTY_NAME="Debian GNU/Linux 9 (stretch)"
NAME="Debian GNU/Linux"
VERSION_ID="9"
VERSION="9 (stretch)"
ID=debian
HOME_URL="https://www.debian.org/"
SUPPORT_URL="https://www.debian.org/support"
BUG_REPORT_URL="https://bugs.debian.org/"

uname:Linux 4.9.0-4-amd64 #1 SMP Debian 4.9.65-3+deb9u1 (2017-12-23) x86_64
libc:glibc 2.24 NPTL 2.24 
rlimit: STACK 8192k, CORE 0k, NPROC 14985, NOFILE 1048576, AS infinity
load average:8,31 2,95 1,77

/proc/meminfo:
MemTotal:        3933408 kB
MemFree:          102868 kB
MemAvailable:       7376 kB
Buffers:             284 kB
Cached:           127196 kB
SwapCached:        13536 kB
Active:          2897252 kB
Inactive:         616728 kB
Active(anon):    2889272 kB
Inactive(anon):   608340 kB
Active(file):       7980 kB
Inactive(file):     8388 kB
Unevictable:         112 kB
Mlocked:             112 kB
SwapTotal:       4400124 kB
SwapFree:              0 kB
Dirty:               180 kB
Writeback:            20 kB
AnonPages:       3374912 kB
Mapped:            53792 kB
Shmem:            111124 kB
Slab:             108772 kB
SReclaimable:      29172 kB
SUnreclaim:        79600 kB
KernelStack:       15488 kB
PageTables:        92120 kB
NFS_Unstable:          0 kB
Bounce:                0 kB
WritebackTmp:          0 kB
CommitLimit:     6366828 kB
Committed_AS:   16783516 kB
VmallocTotal:   34359738367 kB
VmallocUsed:           0 kB
VmallocChunk:          0 kB
HardwareCorrupted:     0 kB
AnonHugePages:         0 kB
ShmemHugePages:        0 kB
ShmemPmdMapped:        0 kB
HugePages_Total:       0
HugePages_Free:        0
HugePages_Rsvd:        0
HugePages_Surp:        0
Hugepagesize:       2048 kB
DirectMap4k:      708320 kB
DirectMap2M:     3368960 kB
DirectMap1G:           0 kB


CPU:total 4 (initial active 4) (2 cores per cpu, 2 threads per core) family 6 model 142 stepping 9, cmov, cx8, fxsr, mmx, sse, sse2, sse3, ssse3, sse4.1, sse4.2, popcnt, avx, avx2, aes, clmul, erms, 3dnowpref, lzcnt, ht, tsc, tscinvbit, bmi1, bmi2, adx

/proc/cpuinfo:
processor	: 0
vendor_id	: GenuineIntel
cpu family	: 6
model		: 142
model name	: Intel(R) Core(TM) i5-7200U CPU @ 2.50GHz
stepping	: 9
microcode	: 0x4e
cpu MHz		: 3021.020
cache size	: 3072 KB
physical id	: 0
siblings	: 4
core id		: 0
cpu cores	: 2
apicid		: 0
initial apicid	: 0
fpu		: yes
fpu_exception	: yes
cpuid level	: 22
wp		: yes
flags		: fpu vme de pse tsc msr pae mce cx8 apic sep mtrr pge mca cmov pat pse36 clflush dts acpi mmx fxsr sse sse2 ss ht tm pbe syscall nx pdpe1gb rdtscp lm constant_tsc art arch_perfmon pebs bts rep_good nopl xtopology nonstop_tsc aperfmperf eagerfpu pni pclmulqdq dtes64 monitor ds_cpl vmx est tm2 ssse3 sdbg fma cx16 xtpr pdcm pcid sse4_1 sse4_2 x2apic movbe popcnt tsc_deadline_timer aes xsave avx f16c rdrand lahf_lm abm 3dnowprefetch epb intel_pt tpr_shadow vnmi flexpriority ept vpid fsgsbase tsc_adjust bmi1 avx2 smep bmi2 erms invpcid mpx rdseed adx smap clflushopt xsaveopt xsavec xgetbv1 xsaves dtherm ida arat pln pts hwp hwp_notify hwp_act_window hwp_epp
bugs		:
bogomips	: 5424.00
clflush size	: 64
cache_alignment	: 64
address sizes	: 39 bits physical, 48 bits virtual
power management:

processor	: 1
vendor_id	: GenuineIntel
cpu family	: 6
model		: 142
model name	: Intel(R) Core(TM) i5-7200U CPU @ 2.50GHz
stepping	: 9
microcode	: 0x4e
cpu MHz		: 3029.589
cache size	: 3072 KB
physical id	: 0
siblings	: 4
core id		: 1
cpu cores	: 2
apicid		: 2
initial apicid	: 2
fpu		: yes
fpu_exception	: yes
cpuid level	: 22
wp		: yes
flags		: fpu vme de pse tsc msr pae mce cx8 apic sep mtrr pge mca cmov pat pse36 clflush dts acpi mmx fxsr sse sse2 ss ht tm pbe syscall nx pdpe1gb rdtscp lm constant_tsc art arch_perfmon pebs bts rep_good nopl xtopology nonstop_tsc aperfmperf eagerfpu pni pclmulqdq dtes64 monitor ds_cpl vmx est tm2 ssse3 sdbg fma cx16 xtpr pdcm pcid sse4_1 sse4_2 x2apic movbe popcnt tsc_deadline_timer aes xsave avx f16c rdrand lahf_lm abm 3dnowprefetch epb intel_pt tpr_shadow vnmi flexpriority ept vpid fsgsbase tsc_adjust bmi1 avx2 smep bmi2 erms invpcid mpx rdseed adx smap clflushopt xsaveopt xsavec xgetbv1 xsaves dtherm ida arat pln pts hwp hwp_notify hwp_act_window hwp_epp
bugs		:
bogomips	: 5424.00
clflush size	: 64
cache_alignment	: 64
address sizes	: 39 bits physical, 48 bits virtual
power management:

processor	: 2
vendor_id	: GenuineIntel
cpu family	: 6
model		: 142
model name	: Intel(R) Core(TM) i5-7200U CPU @ 2.50GHz
stepping	: 9
microcode	: 0x4e
cpu MHz		: 2994.158
cache size	: 3072 KB
physical id	: 0
siblings	: 4
core id		: 0
cpu cores	: 2
apicid		: 1
initial apicid	: 1
fpu		: yes
fpu_exception	: yes
cpuid level	: 22
wp		: yes
flags		: fpu vme de pse tsc msr pae mce cx8 apic sep mtrr pge mca cmov pat pse36 clflush dts acpi mmx fxsr sse sse2 ss ht tm pbe syscall nx pdpe1gb rdtscp lm constant_tsc art arch_perfmon pebs bts rep_good nopl xtopology nonstop_tsc aperfmperf eagerfpu pni pclmulqdq dtes64 monitor ds_cpl vmx est tm2 ssse3 sdbg fma cx16 xtpr pdcm pcid sse4_1 sse4_2 x2apic movbe popcnt tsc_deadline_timer aes xsave avx f16c rdrand lahf_lm abm 3dnowprefetch epb intel_pt tpr_shadow vnmi flexpriority ept vpid fsgsbase tsc_adjust bmi1 avx2 smep bmi2 erms invpcid mpx rdseed adx smap clflushopt xsaveopt xsavec xgetbv1 xsaves dtherm ida arat pln pts hwp hwp_notify hwp_act_window hwp_epp
bugs		:
bogomips	: 5424.00
clflush size	: 64
cache_alignment	: 64
address sizes	: 39 bits physical, 48 bits virtual
power management:

processor	: 3
vendor_id	: GenuineIntel
cpu family	: 6
model		: 142
model name	: Intel(R) Core(TM) i5-7200U CPU @ 2.50GHz
stepping	: 9
microcode	: 0x4e
cpu MHz		: 2993.334
cache size	: 3072 KB
physical id	: 0
siblings	: 4
core id		: 1
cpu cores	: 2
apicid		: 3
initial apicid	: 3
fpu		: yes
fpu_exception	: yes
cpuid level	: 22
wp		: yes
flags		: fpu vme de pse tsc msr pae mce cx8 apic sep mtrr pge mca cmov pat pse36 clflush dts acpi mmx fxsr sse sse2 ss ht tm pbe syscall nx pdpe1gb rdtscp lm constant_tsc art arch_perfmon pebs bts rep_good nopl xtopology nonstop_tsc aperfmperf eagerfpu pni pclmulqdq dtes64 monitor ds_cpl vmx est tm2 ssse3 sdbg fma cx16 xtpr pdcm pcid sse4_1 sse4_2 x2apic movbe popcnt tsc_deadline_timer aes xsave avx f16c rdrand lahf_lm abm 3dnowprefetch epb intel_pt tpr_shadow vnmi flexpriority ept vpid fsgsbase tsc_adjust bmi1 avx2 smep bmi2 erms invpcid mpx rdseed adx smap clflushopt xsaveopt xsavec xgetbv1 xsaves dtherm ida arat pln pts hwp hwp_notify hwp_act_window hwp_epp
bugs		:
bogomips	: 5424.00
clflush size	: 64
cache_alignment	: 64
address sizes	: 39 bits physical, 48 bits virtual
power management:



Memory: 4k page, physical 3933408k(106208k free), swap 4400124k(0k free)

vm_info: Java HotSpot(TM) 64-Bit Server VM (25.161-b12) for linux-amd64 JRE (1.8.0_161-b12), built on Dec 19 2017 16:12:43 by "java_re" with gcc 4.3.0 20080428 (Red Hat 4.3.0-8)

time: Mon Mar 26 04:56:55 2018
elapsed time: 76 seconds (0d 0h 1m 16s)

