#
# There is insufficient memory for the Java Runtime Environment to continue.
# Native memory allocation (mmap) failed to map 69206016 bytes for committing reserved memory.
# Possible reasons:
#   The system is out of physical RAM or swap space
#   In 32 bit mode, the process size limit was hit
# Possible solutions:
#   Reduce memory load on the system
#   Increase physical memory or swap space
#   Check if swap backing store is full
#   Use 64 bit Java on a 64 bit OS
#   Decrease Java heap size (-Xmx/-Xms)
#   Decrease number of Java threads
#   Decrease Java thread stack sizes (-Xss)
#   Set larger code cache with -XX:ReservedCodeCacheSize=
# This output file may be truncated or incomplete.
#
#  Out of Memory Error (os_linux.cpp:2640), pid=15163, tid=0x00007f00f30f0700
#
# JRE version: Java(TM) SE Runtime Environment (8.0_161-b12) (build 1.8.0_161-b12)
# Java VM: Java HotSpot(TM) 64-Bit Server VM (25.161-b12 mixed mode linux-amd64 compressed oops)
# Failed to write core dump. Core dumps have been disabled. To enable core dumping, try "ulimit -c unlimited" before starting Java again
#

---------------  T H R E A D  ---------------

Current thread (0x00007f011413f800):  VMThread [stack: 0x00007f00f2ff0000,0x00007f00f30f1000] [id=15176]

Stack: [0x00007f00f2ff0000,0x00007f00f30f1000],  sp=0x00007f00f30eefa0,  free space=1019k
Native frames: (J=compiled Java code, j=interpreted, Vv=VM code, C=native code)
V  [libjvm.so+0xacf94a]  VMError::report_and_die()+0x2ba
V  [libjvm.so+0x50050b]  report_vm_out_of_memory(char const*, int, unsigned long, VMErrorType, char const*)+0x8b
V  [libjvm.so+0x92b133]  os::Linux::commit_memory_impl(char*, unsigned long, bool)+0x103
V  [libjvm.so+0x92b5c9]  os::pd_commit_memory(char*, unsigned long, unsigned long, bool)+0x29
V  [libjvm.so+0x924c0a]  os::commit_memory(char*, unsigned long, unsigned long, bool)+0x2a
V  [libjvm.so+0x99ab53]  PSVirtualSpace::expand_by(unsigned long)+0x53
V  [libjvm.so+0x99bf58]  PSYoungGen::resize_generation(unsigned long, unsigned long)+0xf8
V  [libjvm.so+0x99b0b2]  PSYoungGen::resize(unsigned long, unsigned long)+0x22
V  [libjvm.so+0x99838b]  PSScavenge::invoke_no_policy()+0xf3b
V  [libjvm.so+0x998b11]  PSScavenge::invoke()+0x41
V  [libjvm.so+0x94f5a0]  ParallelScavengeHeap::failed_mem_allocate(unsigned long)+0x70
V  [libjvm.so+0xad13c7]  VM_ParallelGCFailedAllocation::doit()+0x97
V  [libjvm.so+0xad8ed5]  VM_Operation::evaluate()+0x55
V  [libjvm.so+0xad729a]  VMThread::evaluate_operation(VM_Operation*)+0xba
V  [libjvm.so+0xad761e]  VMThread::loop()+0x1ce
V  [libjvm.so+0xad7a90]  VMThread::run()+0x70
V  [libjvm.so+0x92da28]  java_start(Thread*)+0x108

VM_Operation (0x00007f011aa1f460): ParallelGCFailedAllocation, mode: safepoint, requested by thread 0x00007f011400a800


---------------  P R O C E S S  ---------------

Java Threads: ( => current thread )
  0x00007f011612c000 JavaThread "sbt-socket-server" [_thread_in_native, id=15412, stack(0x00007f00bf4fb000,0x00007f00bf5fc000)]
  0x00007f00a4049000 JavaThread "sbt-web-akka.actor.default-dispatcher-4" [_thread_blocked, id=15409, stack(0x00007f00bfaff000,0x00007f00bfc00000)]
  0x00007f01160eb800 JavaThread "sbt-web-akka.actor.default-dispatcher-3" [_thread_blocked, id=15408, stack(0x00007f00bf8fd000,0x00007f00bf9fe000)]
  0x00007f01160e6800 JavaThread "sbt-web-akka.actor.default-dispatcher-2" [_thread_blocked, id=15407, stack(0x00007f00bcfe0000,0x00007f00bd0e1000)]
  0x00007f0114e60000 JavaThread "sbt-web-scheduler-1" [_thread_blocked, id=15406, stack(0x00007f00c4094000,0x00007f00c4195000)]
  0x00007f00a4017800 JavaThread "scala-execution-context-global-108" daemon [_thread_blocked, id=15392, stack(0x00007f00bdbec000,0x00007f00bdced000)]
  0x00007f011648d800 JavaThread "Log4j2-TF-1-AsyncLogger[AsyncContext@27c20538]-1" daemon [_thread_blocked, id=15203, stack(0x00007f00f14ce000,0x00007f00f15cf000)]
  0x00007f01141a2800 JavaThread "Service Thread" daemon [_thread_blocked, id=15183, stack(0x00007f00f274e000,0x00007f00f284f000)]
  0x00007f0114185000 JavaThread "C1 CompilerThread2" daemon [_thread_blocked, id=15182, stack(0x00007f00f284f000,0x00007f00f2950000)]
  0x00007f0114183800 JavaThread "C2 CompilerThread1" daemon [_thread_blocked, id=15181, stack(0x00007f00f2950000,0x00007f00f2a51000)]
  0x00007f0114180800 JavaThread "C2 CompilerThread0" daemon [_thread_blocked, id=15180, stack(0x00007f00f2a51000,0x00007f00f2b52000)]
  0x00007f011417f000 JavaThread "Signal Dispatcher" daemon [_thread_blocked, id=15179, stack(0x00007f00f2b52000,0x00007f00f2c53000)]
  0x00007f011414c000 JavaThread "Finalizer" daemon [_thread_blocked, id=15178, stack(0x00007f00f2dee000,0x00007f00f2eef000)]
  0x00007f0114147800 JavaThread "Reference Handler" daemon [_thread_blocked, id=15177, stack(0x00007f00f2eef000,0x00007f00f2ff0000)]
  0x00007f011400a800 JavaThread "main" [_thread_blocked, id=15167, stack(0x00007f011a926000,0x00007f011aa27000)]

Other Threads:
=>0x00007f011413f800 VMThread [stack: 0x00007f00f2ff0000,0x00007f00f30f1000] [id=15176]
  0x00007f01141a7800 WatcherThread [stack: 0x00007f00f264d000,0x00007f00f274e000] [id=15184]

VM state:at safepoint (normal execution)

VM Mutex/Monitor currently owned by a thread:  ([mutex/lock_event])
[0x00007f0114006e50] Threads_lock - owner thread: 0x00007f011413f800
[0x00007f0114007350] Heap_lock - owner thread: 0x00007f011400a800

Heap:
 PSYoungGen      total 318976K, used 29669K [0x00000000e0000000, 0x00000000f5480000, 0x0000000100000000)
  eden space 289280K, 0% used [0x00000000e0000000,0x00000000e0000000,0x00000000f1a80000)
  from space 29696K, 99% used [0x00000000f1a80000,0x00000000f3779730,0x00000000f3780000)
  to   space 29696K, 0% used [0x00000000f3780000,0x00000000f3780000,0x00000000f5480000)
 ParOldGen       total 111104K, used 62745K [0x00000000a0000000, 0x00000000a6c80000, 0x00000000e0000000)
  object space 111104K, 56% used [0x00000000a0000000,0x00000000a3d466d8,0x00000000a6c80000)
 Metaspace       used 81807K, capacity 92700K, committed 92968K, reserved 1130496K
  class space    used 11229K, capacity 11789K, committed 11816K, reserved 1048576K

Card table byte_map: [0x00007f0104305000,0x00007f0104606000] byte_map_base: 0x00007f0103e05000

Marking Bits: (ParMarkBitMap*) 0x00007f0119e1c920
 Begin Bits: [0x00007f0100d01000, 0x00007f0102501000)
 End Bits:   [0x00007f0102501000, 0x00007f0103d01000)

Polling page: 0x00007f011aa3f000

CodeCache: size=245760Kb used=32436Kb max_used=32436Kb free=213323Kb
 bounds [0x00007f01049c6000, 0x00007f01069a6000, 0x00007f01139c6000]
 total_blobs=11268 nmethods=10629 adapters=549
 compilation: enabled

Compilation events (10 events):
Event: 113,533 Thread 0x00007f0114183800 nmethod 13265 0x00007f0106927050 code [0x00007f01069271e0, 0x00007f0106927458]
Event: 113,533 Thread 0x00007f0114183800 13275       4       scala.reflect.internal.pickling.UnPickler$Scan::symScope (18 bytes)
Event: 113,534 Thread 0x00007f0114185000 13278       3       scala.reflect.internal.pickling.UnPickler$Scan::readAnnotationInfo (130 bytes)
Event: 113,535 Thread 0x00007f0114183800 nmethod 13275 0x00007f0106926b90 code [0x00007f0106926d00, 0x00007f0106926e88]
Event: 113,535 Thread 0x00007f0114183800 13277       4       scala.reflect.internal.pickling.UnPickler$Scan::finishSym$1 (212 bytes)
Event: 113,536 Thread 0x00007f0114185000 nmethod 13278 0x00007f010699b650 code [0x00007f010699ba20, 0x00007f010699e0c8]
Event: 113,537 Thread 0x00007f0114185000 13279       3       scala.reflect.internal.pickling.UnPickler$Scan::readSymbolAnnotation (101 bytes)
Event: 113,539 Thread 0x00007f0114185000 nmethod 13279 0x00007f010699f550 code [0x00007f010699f860, 0x00007f01069a1558]
Event: 113,539 Thread 0x00007f0114185000 13280       3       scala.tools.nsc.symtab.SymbolLoaders$SymbolLoader::initRoot (110 bytes)
Event: 113,541 Thread 0x00007f0114185000 nmethod 13280 0x00007f01069246d0 code [0x00007f01069249c0, 0x00007f01069262a8]

GC Heap History (10 events):
Event: 39,916 GC heap after
Heap after GC invocations=38 (full 6):
 PSYoungGen      total 316928K, used 5072K [0x00000000e0000000, 0x00000000f5780000, 0x0000000100000000)
  eden space 289280K, 0% used [0x00000000e0000000,0x00000000e0000000,0x00000000f1a80000)
  from space 27648K, 18% used [0x00000000f3c80000,0x00000000f4174080,0x00000000f5780000)
  to   space 31232K, 0% used [0x00000000f1a80000,0x00000000f1a80000,0x00000000f3900000)
 ParOldGen       total 111104K, used 62790K [0x00000000a0000000, 0x00000000a6c80000, 0x00000000e0000000)
  object space 111104K, 56% used [0x00000000a0000000,0x00000000a3d51aa8,0x00000000a6c80000)
 Metaspace       used 70582K, capacity 78372K, committed 78760K, reserved 1118208K
  class space    used 9619K, capacity 10057K, committed 10152K, reserved 1048576K
}
Event: 100,802 GC heap before
{Heap before GC invocations=39 (full 6):
 PSYoungGen      total 316928K, used 178975K [0x00000000e0000000, 0x00000000f5780000, 0x0000000100000000)
  eden space 289280K, 60% used [0x00000000e0000000,0x00000000ea9d3d98,0x00000000f1a80000)
  from space 27648K, 18% used [0x00000000f3c80000,0x00000000f4174080,0x00000000f5780000)
  to   space 31232K, 0% used [0x00000000f1a80000,0x00000000f1a80000,0x00000000f3900000)
 ParOldGen       total 111104K, used 62790K [0x00000000a0000000, 0x00000000a6c80000, 0x00000000e0000000)
  object space 111104K, 56% used [0x00000000a0000000,0x00000000a3d51aa8,0x00000000a6c80000)
 Metaspace       used 70820K, capacity 78652K, committed 78760K, reserved 1118208K
  class space    used 9645K, capacity 10083K, committed 10152K, reserved 1048576K
Event: 100,980 GC heap after
Heap after GC invocations=39 (full 6):
 PSYoungGen      total 300032K, used 10432K [0x00000000e0000000, 0x00000000f5480000, 0x0000000100000000)
  eden space 289280K, 0% used [0x00000000e0000000,0x00000000e0000000,0x00000000f1a80000)
  from space 10752K, 97% used [0x00000000f1a80000,0x00000000f24b0080,0x00000000f2500000)
  to   space 29696K, 0% used [0x00000000f3780000,0x00000000f3780000,0x00000000f5480000)
 ParOldGen       total 111104K, used 62798K [0x00000000a0000000, 0x00000000a6c80000, 0x00000000e0000000)
  object space 111104K, 56% used [0x00000000a0000000,0x00000000a3d53aa8,0x00000000a6c80000)
 Metaspace       used 70820K, capacity 78652K, committed 78760K, reserved 1118208K
  class space    used 9645K, capacity 10083K, committed 10152K, reserved 1048576K
}
Event: 100,980 GC heap before
{Heap before GC invocations=40 (full 7):
 PSYoungGen      total 300032K, used 10432K [0x00000000e0000000, 0x00000000f5480000, 0x0000000100000000)
  eden space 289280K, 0% used [0x00000000e0000000,0x00000000e0000000,0x00000000f1a80000)
  from space 10752K, 97% used [0x00000000f1a80000,0x00000000f24b0080,0x00000000f2500000)
  to   space 29696K, 0% used [0x00000000f3780000,0x00000000f3780000,0x00000000f5480000)
 ParOldGen       total 111104K, used 62798K [0x00000000a0000000, 0x00000000a6c80000, 0x00000000e0000000)
  object space 111104K, 56% used [0x00000000a0000000,0x00000000a3d53aa8,0x00000000a6c80000)
 Metaspace       used 70820K, capacity 78652K, committed 78760K, reserved 1118208K
  class space    used 9645K, capacity 10083K, committed 10152K, reserved 1048576K
Event: 102,085 GC heap after
Heap after GC invocations=40 (full 7):
 PSYoungGen      total 300032K, used 0K [0x00000000e0000000, 0x00000000f5480000, 0x0000000100000000)
  eden space 289280K, 0% used [0x00000000e0000000,0x00000000e0000000,0x00000000f1a80000)
  from space 10752K, 0% used [0x00000000f1a80000,0x00000000f1a80000,0x00000000f2500000)
  to   space 29696K, 0% used [0x00000000f3780000,0x00000000f3780000,0x00000000f5480000)
 ParOldGen       total 111104K, used 49342K [0x00000000a0000000, 0x00000000a6c80000, 0x00000000e0000000)
  object space 111104K, 44% used [0x00000000a0000000,0x00000000a302fb18,0x00000000a6c80000)
 Metaspace       used 70820K, capacity 78652K, committed 78760K, reserved 1118208K
  class space    used 9645K, capacity 10083K, committed 10152K, reserved 1048576K
}
Event: 102,163 GC heap before
{Heap before GC invocations=41 (full 7):
 PSYoungGen      total 300032K, used 3202K [0x00000000e0000000, 0x00000000f5480000, 0x0000000100000000)
  eden space 289280K, 1% used [0x00000000e0000000,0x00000000e03209e0,0x00000000f1a80000)
  from space 10752K, 0% used [0x00000000f1a80000,0x00000000f1a80000,0x00000000f2500000)
  to   space 29696K, 0% used [0x00000000f3780000,0x00000000f3780000,0x00000000f5480000)
 ParOldGen       total 111104K, used 49342K [0x00000000a0000000, 0x00000000a6c80000, 0x00000000e0000000)
  object space 111104K, 44% used [0x00000000a0000000,0x00000000a302fb18,0x00000000a6c80000)
 Metaspace       used 70820K, capacity 78652K, committed 78760K, reserved 1118208K
  class space    used 9645K, capacity 10083K, committed 10152K, reserved 1048576K
Event: 102,174 GC heap after
Heap after GC invocations=41 (full 7):
 PSYoungGen      total 318976K, used 96K [0x00000000e0000000, 0x00000000f5480000, 0x0000000100000000)
  eden space 289280K, 0% used [0x00000000e0000000,0x00000000e0000000,0x00000000f1a80000)
  from space 29696K, 0% used [0x00000000f3780000,0x00000000f3798000,0x00000000f5480000)
  to   space 29696K, 0% used [0x00000000f1a80000,0x00000000f1a80000,0x00000000f3780000)
 ParOldGen       total 111104K, used 49342K [0x00000000a0000000, 0x00000000a6c80000, 0x00000000e0000000)
  object space 111104K, 44% used [0x00000000a0000000,0x00000000a302fb18,0x00000000a6c80000)
 Metaspace       used 70820K, capacity 78652K, committed 78760K, reserved 1118208K
  class space    used 9645K, capacity 10083K, committed 10152K, reserved 1048576K
}
Event: 102,174 GC heap before
{Heap before GC invocations=42 (full 8):
 PSYoungGen      total 318976K, used 96K [0x00000000e0000000, 0x00000000f5480000, 0x0000000100000000)
  eden space 289280K, 0% used [0x00000000e0000000,0x00000000e0000000,0x00000000f1a80000)
  from space 29696K, 0% used [0x00000000f3780000,0x00000000f3798000,0x00000000f5480000)
  to   space 29696K, 0% used [0x00000000f1a80000,0x00000000f1a80000,0x00000000f3780000)
 ParOldGen       total 111104K, used 49342K [0x00000000a0000000, 0x00000000a6c80000, 0x00000000e0000000)
  object space 111104K, 44% used [0x00000000a0000000,0x00000000a302fb18,0x00000000a6c80000)
 Metaspace       used 70820K, capacity 78652K, committed 78760K, reserved 1118208K
  class space    used 9645K, capacity 10083K, committed 10152K, reserved 1048576K
Event: 102,397 GC heap after
Heap after GC invocations=42 (full 8):
 PSYoungGen      total 318976K, used 0K [0x00000000e0000000, 0x00000000f5480000, 0x0000000100000000)
  eden space 289280K, 0% used [0x00000000e0000000,0x00000000e0000000,0x00000000f1a80000)
  from space 29696K, 0% used [0x00000000f3780000,0x00000000f3780000,0x00000000f5480000)
  to   space 29696K, 0% used [0x00000000f1a80000,0x00000000f1a80000,0x00000000f3780000)
 ParOldGen       total 111104K, used 48953K [0x00000000a0000000, 0x00000000a6c80000, 0x00000000e0000000)
  object space 111104K, 44% used [0x00000000a0000000,0x00000000a2fce620,0x00000000a6c80000)
 Metaspace       used 70820K, capacity 78652K, committed 78760K, reserved 1118208K
  class space    used 9645K, capacity 10083K, committed 10152K, reserved 1048576K
}
Event: 113,550 GC heap before
{Heap before GC invocations=43 (full 8):
 PSYoungGen      total 318976K, used 289280K [0x00000000e0000000, 0x00000000f5480000, 0x0000000100000000)
  eden space 289280K, 100% used [0x00000000e0000000,0x00000000f1a80000,0x00000000f1a80000)
  from space 29696K, 0% used [0x00000000f3780000,0x00000000f3780000,0x00000000f5480000)
  to   space 29696K, 0% used [0x00000000f1a80000,0x00000000f1a80000,0x00000000f3780000)
 ParOldGen       total 111104K, used 48953K [0x00000000a0000000, 0x00000000a6c80000, 0x00000000e0000000)
  object space 111104K, 44% used [0x00000000a0000000,0x00000000a2fce620,0x00000000a6c80000)
 Metaspace       used 81807K, capacity 92700K, committed 92968K, reserved 1130496K
  class space    used 11229K, capacity 11789K, committed 11816K, reserved 1048576K

Deoptimization events (10 events):
Event: 112,340 Thread 0x00007f011400a800 Uncommon trap: reason=class_check action=maybe_recompile pc=0x00007f01066e469c method=scala.reflect.internal.Symbols$Symbol.newClassSymbol(Lscala/reflect/internal/Names$TypeName;Lscala/reflect/internal/util/Position;J)Lscala/reflect/internal/Symbols$Class
Event: 112,340 Thread 0x00007f011400a800 Uncommon trap: reason=class_check action=maybe_recompile pc=0x00007f01066e469c method=scala.reflect.internal.Symbols$Symbol.newClassSymbol(Lscala/reflect/internal/Names$TypeName;Lscala/reflect/internal/util/Position;J)Lscala/reflect/internal/Symbols$Class
Event: 112,939 Thread 0x00007f011400a800 Uncommon trap: reason=unstable_if action=reinterpret pc=0x00007f010597b684 method=scala.reflect.internal.Names.enterChars([CII)V @ 25
Event: 112,991 Thread 0x00007f011400a800 Uncommon trap: reason=class_check action=maybe_recompile pc=0x00007f010689c354 method=scala.reflect.internal.pickling.UnPickler$Scan.readSymbol()Lscala/reflect/internal/Symbols$Symbol; @ 390
Event: 112,991 Thread 0x00007f011400a800 Uncommon trap: reason=class_check action=maybe_recompile pc=0x00007f010689c354 method=scala.reflect.internal.pickling.UnPickler$Scan.readSymbol()Lscala/reflect/internal/Symbols$Symbol; @ 390
Event: 112,991 Thread 0x00007f011400a800 Uncommon trap: reason=class_check action=maybe_recompile pc=0x00007f010689c354 method=scala.reflect.internal.pickling.UnPickler$Scan.readSymbol()Lscala/reflect/internal/Symbols$Symbol; @ 390
Event: 112,991 Thread 0x00007f011400a800 Uncommon trap: reason=class_check action=maybe_recompile pc=0x00007f010689c354 method=scala.reflect.internal.pickling.UnPickler$Scan.readSymbol()Lscala/reflect/internal/Symbols$Symbol; @ 390
Event: 113,065 Thread 0x00007f011400a800 Uncommon trap: reason=null_check action=make_not_entrant pc=0x00007f01068c9574 method=scala.collection.mutable.HashTable.findEntry0(Ljava/lang/Object;I)Lscala/collection/mutable/HashEntry; @ 35
Event: 113,236 Thread 0x00007f011400a800 Uncommon trap: reason=unstable_if action=reinterpret pc=0x00007f01067e8f00 method=scala.reflect.internal.pickling.UnPickler$Scan.shouldEnterInOwnerScope$1(Lscala/reflect/internal/Symbols$Symbol;)Z @ 57
Event: 113,544 Thread 0x00007f011400a800 Uncommon trap: reason=class_check action=maybe_recompile pc=0x00007f01066e469c method=scala.reflect.internal.Symbols$Symbol.newClassSymbol(Lscala/reflect/internal/Names$TypeName;Lscala/reflect/internal/util/Position;J)Lscala/reflect/internal/Symbols$Class

Classes redefined (0 events):
No events

Internal exceptions (10 events):
Event: 111,989 Thread 0x00007f011400a800 Exception <a 'java/lang/NoSuchMethodError': java.lang.Object.$anonfun$typ$1(Lscala/tools/nsc/ast/parser/Parsers$Parser$PatternContextSensitive;)Lscala/reflect/internal/Trees$Tree;> (0x00000000effeef30) thrown at [/HUDSON/workspace/8-2-build-linux-amd64/jd
Event: 111,991 Thread 0x00007f011400a800 Exception <a 'java/lang/NoSuchMethodError': java.lang.Object.$anonfun$infixType$1(Lscala/tools/nsc/ast/parser/Parsers$Parser$PatternContextSensitive;Lscala/Enumeration$Value;)Lscala/reflect/internal/Trees$Tree;> (0x00000000efff85c0) thrown at [/HUDSON/wor
Event: 111,992 Thread 0x00007f011400a800 Exception <a 'java/lang/NoSuchMethodError': java.lang.Object.$anonfun$annotType$1(Lscala/tools/nsc/ast/parser/Parsers$Parser$PatternContextSensitive;)Lscala/reflect/internal/Trees$Tree;> (0x00000000efffec78) thrown at [/HUDSON/workspace/8-2-build-linux-am
Event: 112,008 Thread 0x00007f011400a800 Exception <a 'java/lang/NoSuchMethodError': java.lang.Object.$anonfun$rootContext$1(Lscala/tools/nsc/typechecker/Contexts;Lscala/tools/nsc/typechecker/Contexts$Context;Lscala/reflect/internal/Symbols$Symbol;)Lscala/tools/nsc/typechecker/Contexts$Context;>
Event: 113,064 Thread 0x00007f011400a800 Implicit null exception at 0x00007f01068c7b1b to 0x00007f01068c9559
Event: 113,191 Thread 0x00007f011400a800 Exception <a 'java/lang/NoSuchMethodError': java.lang.Object.$anonfun$mmap$1(Lscala/Function1;Lscala/collection/immutable/List;)Lscala/collection/immutable/List;> (0x00000000f10bb818) thrown at [/HUDSON/workspace/8-2-build-linux-amd64/jdk8u161/10277/hotsp
Event: 113,259 Thread 0x00007f011400a800 Exception <a 'java/lang/NoSuchMethodError': java.lang.Object.$anonfun$cloneSymbols$1(Lscala/reflect/internal/Symbols$Symbol;)Lscala/reflect/internal/Symbols$Symbol;> (0x00000000f12349e0) thrown at [/HUDSON/workspace/8-2-build-linux-amd64/jdk8u161/10277/ho
Event: 113,263 Thread 0x00007f011400a800 Exception <a 'java/lang/NoSuchMethodError': java.lang.Object.$anonfun$notifyUndetparamsAdded$1$adapted(Lscala/reflect/internal/Symbols$Symbol;)Ljava/lang/Object;> (0x00000000f124b248) thrown at [/HUDSON/workspace/8-2-build-linux-amd64/jdk8u161/10277/hotsp
Event: 113,354 Thread 0x00007f011400a800 Exception <a 'java/lang/NoSuchMethodError': java.lang.Object.$anonfun$formalTypes$2$adapted(Lscala/collection/immutable/List;Ljava/lang/Object;)Lscala/reflect/internal/Types$Type;> (0x00000000f1486448) thrown at [/HUDSON/workspace/8-2-build-linux-amd64/jd
Event: 113,462 Thread 0x00007f011400a800 Exception <a 'java/lang/NoSuchMethodError': java.lang.Object.$anonfun$isSubArgs$2$adapted(Lscala/reflect/internal/Types;ILscala/reflect/internal/Types$Type;Lscala/reflect/internal/Types$Type;Ljava/lang/Object;)Ljava/lang/Object;> (0x00000000f17b88d8) thro

Events (10 events):
Event: 113,497 loading class scala/collection/immutable/Map
Event: 113,498 loading class scala/collection/immutable/Map done
Event: 113,498 loading class scala/tools/reflect/FastTrack
Event: 113,498 loading class scala/tools/reflect/FastTrack done
Event: 113,498 loading class scala/Function1
Event: 113,498 loading class scala/Function1 done
Event: 113,544 Thread 0x00007f011400a800 Uncommon trap: trap_request=0xffffffde fr.pc=0x00007f01066e469c
Event: 113,544 Thread 0x00007f011400a800 DEOPT PACKING pc=0x00007f01066e469c sp=0x00007f011aa1ea50
Event: 113,544 Thread 0x00007f011400a800 DEOPT UNPACKING pc=0x00007f0104a0b73a sp=0x00007f011aa1e9f8 mode 2
Event: 113,547 Executing VM operation: ParallelGCFailedAllocation


Dynamic libraries:
00400000-00401000 r-xp 00000000 08:06 402074                             /usr/lib/jvm/java-8-oracle/bin/java
00600000-00601000 rw-p 00000000 08:06 402074                             /usr/lib/jvm/java-8-oracle/bin/java
01d29000-01d8f000 rw-p 00000000 00:00 0                                  [heap]
a0000000-a6c80000 rw-p 00000000 00:00 0 
a6c80000-e0000000 ---p 00000000 00:00 0 
e0000000-f5480000 rw-p 00000000 00:00 0 
f9680000-100000000 ---p 00000000 00:00 0 
100000000-100b8a000 rw-p 00000000 00:00 0 
100b8a000-140000000 ---p 00000000 00:00 0 
7f007b3fe000-7f007b53e000 rw-p 00000000 00:00 0 
7f007b53e000-7f007b5fe000 ---p 00000000 00:00 0 
7f007b5fe000-7f007b7fe000 rw-p 00000000 00:00 0 
7f007b7fe000-7f007b9fe000 rw-p 00000000 00:00 0 
7f007b9fe000-7f007bbfe000 rw-p 00000000 00:00 0 
7f007bbfe000-7f007bdfe000 rw-p 00000000 00:00 0 
7f007bdfe000-7f007be01000 ---p 00000000 00:00 0 
7f007be01000-7f007beff000 rw-p 00000000 00:00 0 
7f007beff000-7f007bf02000 ---p 00000000 00:00 0 
7f007bf02000-7f007c000000 rw-p 00000000 00:00 0 
7f007c000000-7f007c07d000 rw-p 00000000 00:00 0 
7f007c07d000-7f0080000000 ---p 00000000 00:00 0 
7f0080000000-7f00800a8000 rw-p 00000000 00:00 0 
7f00800a8000-7f0084000000 ---p 00000000 00:00 0 
7f0084000000-7f00840b2000 rw-p 00000000 00:00 0 
7f00840b2000-7f0088000000 ---p 00000000 00:00 0 
7f0088000000-7f0088098000 rw-p 00000000 00:00 0 
7f0088098000-7f008c000000 ---p 00000000 00:00 0 
7f008c000000-7f008c08a000 rw-p 00000000 00:00 0 
7f008c08a000-7f0090000000 ---p 00000000 00:00 0 
7f0090000000-7f0090303000 rw-p 00000000 00:00 0 
7f0090303000-7f0094000000 ---p 00000000 00:00 0 
7f0094000000-7f0094092000 rw-p 00000000 00:00 0 
7f0094092000-7f0098000000 ---p 00000000 00:00 0 
7f0098000000-7f00980a5000 rw-p 00000000 00:00 0 
7f00980a5000-7f009c000000 ---p 00000000 00:00 0 
7f009c000000-7f009c047000 rw-p 00000000 00:00 0 
7f009c047000-7f00a0000000 ---p 00000000 00:00 0 
7f00a0000000-7f00a049c000 rw-p 00000000 00:00 0 
7f00a049c000-7f00a4000000 ---p 00000000 00:00 0 
7f00a4000000-7f00a405f000 rw-p 00000000 00:00 0 
7f00a405f000-7f00a8000000 ---p 00000000 00:00 0 
7f00a8000000-7f00a8051000 rw-p 00000000 00:00 0 
7f00a8051000-7f00ac000000 ---p 00000000 00:00 0 
7f00ac000000-7f00ac0b4000 rw-p 00000000 00:00 0 
7f00ac0b4000-7f00b0000000 ---p 00000000 00:00 0 
7f00b0000000-7f00b00db000 rw-p 00000000 00:00 0 
7f00b00db000-7f00b4000000 ---p 00000000 00:00 0 
7f00b4000000-7f00b5626000 rw-p 00000000 00:00 0 
7f00b5626000-7f00b8000000 ---p 00000000 00:00 0 
7f00b8000000-7f00b803f000 rw-p 00000000 00:00 0 
7f00b803f000-7f00bc000000 ---p 00000000 00:00 0 
7f00bc0d5000-7f00bc0d8000 ---p 00000000 00:00 0 
7f00bc0d8000-7f00bc1d6000 rw-p 00000000 00:00 0 
7f00bc1d6000-7f00bc1d9000 ---p 00000000 00:00 0 
7f00bc1d9000-7f00bc2d7000 rw-p 00000000 00:00 0 
7f00bc2d7000-7f00bc2da000 ---p 00000000 00:00 0 
7f00bc2da000-7f00bc3d8000 rw-p 00000000 00:00 0 
7f00bc3da000-7f00bc5da000 rw-p 00000000 00:00 0 
7f00bc5da000-7f00bc5dd000 ---p 00000000 00:00 0 
7f00bc5dd000-7f00bc6db000 rw-p 00000000 00:00 0 
7f00bc6db000-7f00bc6de000 ---p 00000000 00:00 0 
7f00bc6de000-7f00bc7dc000 rw-p 00000000 00:00 0 
7f00bc7dc000-7f00bc7df000 ---p 00000000 00:00 0 
7f00bc7df000-7f00bc8dd000 rw-p 00000000 00:00 0 
7f00bc8dd000-7f00bc8e0000 ---p 00000000 00:00 0 
7f00bc8e0000-7f00bc9de000 rw-p 00000000 00:00 0 
7f00bc9de000-7f00bc9e1000 ---p 00000000 00:00 0 
7f00bc9e1000-7f00bcadf000 rw-p 00000000 00:00 0 
7f00bcadf000-7f00bccdf000 rw-p 00000000 00:00 0 
7f00bccdf000-7f00bcedf000 rw-p 00000000 00:00 0 
7f00bcf78000-7f00bcfe0000 r--s 00319000 08:06 2763054                    /home/a1/.ivy2/cache/org.webjars/npm/jars/npm-4.2.0.jar
7f00bcfe0000-7f00bcfe3000 ---p 00000000 00:00 0 
7f00bcfe3000-7f00bd0e1000 rw-p 00000000 00:00 0 
7f00bd0e1000-7f00bd0e4000 ---p 00000000 00:00 0 
7f00bd0e4000-7f00bd1e2000 rw-p 00000000 00:00 0 
7f00bd1e2000-7f00bd1e5000 ---p 00000000 00:00 0 
7f00bd1e5000-7f00bd2e3000 rw-p 00000000 00:00 0 
7f00bd2e3000-7f00bd2e6000 ---p 00000000 00:00 0 
7f00bd2e6000-7f00bd3e4000 rw-p 00000000 00:00 0 
7f00bd3e4000-7f00bd3e7000 ---p 00000000 00:00 0 
7f00bd3e7000-7f00bd4e5000 rw-p 00000000 00:00 0 
7f00bd537000-7f00bd538000 rwxp 00000000 00:00 0 
7f00bd538000-7f00bd539000 r--s 00001000 08:06 1992613                    /home/a1/.ivy2/cache/com.typesafe/npm_2.12/jars/npm_2.12-1.2.1.jar
7f00bd539000-7f00bd53c000 r--s 00041000 08:06 2763069                    /home/a1/.ivy2/cache/io.spray/spray-json_2.12/bundles/spray-json_2.12-1.3.3.jar
7f00bd53c000-7f00bd541000 r--s 000d1000 08:06 2763036                    /home/a1/.ivy2/cache/io.apigee.trireme/trireme-node10src/jars/trireme-node10src-0.8.9.jar
7f00bd541000-7f00bd54e000 r--s 00126000 08:06 2653516                    /home/a1/.ivy2/cache/org.mozilla/rhino/jars/rhino-1.7.7.1.jar
7f00bd54e000-7f00bd553000 r--s 0002b000 08:06 2653565                    /home/a1/.ivy2/cache/io.apigee.trireme/trireme-kernel/jars/trireme-kernel-0.8.9.jar
7f00bd553000-7f00bd557000 r--s 00035000 08:06 2763032                    /home/a1/.ivy2/cache/io.apigee.trireme/trireme-core/jars/trireme-core-0.8.9.jar
7f00bd557000-7f00bd563000 r--s 000c8000 08:06 2763084                    /home/a1/.ivy2/cache/com.typesafe.akka/akka-persistence_2.12/jars/akka-persistence_2.12-2.5.4.jar
7f00bd563000-7f00bd56c000 r--s 00086000 08:06 2763076                    /home/a1/.ivy2/cache/com.typesafe.akka/akka-cluster-tools_2.12/jars/akka-cluster-tools_2.12-2.5.4.jar
7f00bd56c000-7f00bd575000 r--s 000b1000 08:06 2763059                    /home/a1/.ivy2/cache/com.typesafe.akka/akka-cluster_2.12/jars/akka-cluster_2.12-2.5.4.jar
7f00bd575000-7f00bd57b000 r--s 0003c000 08:06 2653540                    /home/a1/.ivy2/cache/org.agrona/agrona/jars/agrona-0.9.5.jar
7f00bd57b000-7f00bd57e000 r--s 00019000 08:06 2653514                    /home/a1/.ivy2/cache/io.aeron/aeron-client/jars/aeron-client-1.2.5.jar
7f00bd57e000-7f00bd597000 r--s 00123000 08:06 1860873                    /home/a1/.ivy2/cache/io.netty/netty/bundles/netty-3.10.6.Final.jar
7f00bd597000-7f00bd59e000 r--s 00070000 08:06 2763100                    /home/a1/.ivy2/cache/com.typesafe.akka/akka-protobuf_2.12/jars/akka-protobuf_2.12-2.5.4.jar
7f00bd59e000-7f00bd5cd000 r--s 00351000 08:06 2763096                    /home/a1/.ivy2/cache/com.typesafe.akka/akka-stream_2.12/jars/akka-stream_2.12-2.5.4.jar
7f00bd5cd000-7f00bd5e6000 r--s 0020f000 08:06 1992608                    /home/a1/.ivy2/cache/com.typesafe.akka/akka-remote_2.12/jars/akka-remote_2.12-2.5.4.jar
7f00bd5e6000-7f00bd5e9000 ---p 00000000 00:00 0 
7f00bd5e9000-7f00bd6e7000 rw-p 00000000 00:00 0 
7f00bd6e7000-7f00bd6ec000 r--s 00031000 08:06 2763102                    /home/a1/.ivy2/cache/io.aeron/aeron-driver/jars/aeron-driver-1.2.5.jar
7f00bd6ec000-7f00bd6f0000 r--s 00038000 08:06 1992615                    /home/a1/.ivy2/cache/com.typesafe/ssl-config-core_2.12/bundles/ssl-config-core_2.12-0.2.1.jar
7f00bd6f0000-7f00bd6f1000 r--s 00000000 08:06 1992611                    /home/a1/.ivy2/cache/org.reactivestreams/reactive-streams/jars/reactive-streams-1.0.1.jar
7f00bd6f1000-7f00bd6f5000 r--s 00036000 08:06 1860862                    /home/a1/.ivy2/cache/com.typesafe.akka/akka-contrib_2.12/jars/akka-contrib_2.12-2.5.4.jar
7f00bd6f5000-7f00bd6f7000 r--s 00020000 08:06 1860860                    /home/a1/.ivy2/cache/com.typesafe/jse_2.12/jars/jse_2.12-1.2.3.jar
7f00bd6f7000-7f00bd6f8000 r--s 00012000 08:06 2763083                    /home/a1/.ivy2/cache/scala_2.12/sbt_1.0/com.typesafe.sbt/sbt-js-engine/jars/sbt-js-engine-1.2.2.jar
7f00bd6f8000-7f00bd6fe000 r--s 00048000 08:06 1841129                    /home/a1/.ivy2/cache/org.apache.commons/commons-lang3/jars/commons-lang3-3.1.jar
7f00bd6fe000-7f00bd700000 r--s 00006000 08:06 2763079                    /home/a1/.ivy2/cache/org.webjars/webjars-locator-core/jars/webjars-locator-core-0.33.jar
7f00bd700000-7f00bd713000 r--s 0010a000 08:06 2235360                    /home/a1/.ivy2/cache/org.scala-lang.modules/scala-java8-compat_2.12/bundles/scala-java8-compat_2.12-0.8.0.jar
7f00bd713000-7f00bd735000 r--s 002e6000 08:06 2253039                    /home/a1/.ivy2/cache/com.typesafe.akka/akka-actor_2.12/jars/akka-actor_2.12-2.5.4.jar
7f00bd735000-7f00bd737000 r--s 0001e000 08:06 2763072                    /home/a1/.ivy2/cache/scala_2.12/sbt_1.0/com.typesafe.sbt/sbt-web/jars/sbt-web-1.4.3.jar
7f00bd737000-7f00bd738000 r--s 00008000 08:06 2763062                    /home/a1/.ivy2/cache/scala_2.12/sbt_1.0/com.lightbend.sbt/sbt-javaagent/jars/sbt-javaagent-0.1.4.jar
7f00bd738000-7f00bd73f000 r--s 00038000 08:06 2653515                    /home/a1/.ivy2/cache/org.bouncycastle/bcpg-jdk15on/jars/bcpg-jdk15on-1.51.jar
7f00bd73f000-7f00bd743000 r--s 00020000 08:06 2653536                    /home/a1/.ivy2/cache/org.eclipse.aether/aether-impl/jars/aether-impl-0.9.0.M2.jar
7f00bd743000-7f00bd747000 r--s 0001d000 08:06 2763042                    /home/a1/.ivy2/cache/org.eclipse.aether/aether-util/jars/aether-util-0.9.0.M2.jar
7f00bd747000-7f00bd749000 r--s 00003000 08:06 2653564                    /home/a1/.ivy2/cache/org.eclipse.aether/aether-spi/jars/aether-spi-0.9.0.M2.jar
7f00bd749000-7f00bd74d000 r--s 0001d000 08:06 2653556                    /home/a1/.ivy2/cache/org.eclipse.aether/aether-api/jars/aether-api-0.9.0.M2.jar
7f00bd74d000-7f00bd74f000 r--s 0000e000 08:06 2653525                    /home/a1/.ivy2/cache/org.apache.maven/maven-aether-provider/jars/maven-aether-provider-3.2.2.jar
7f00bd74f000-7f00bd754000 r--s 00025000 08:06 2653519                    /home/a1/.ivy2/cache/org.apache.maven/maven-model-builder/jars/maven-model-builder-3.2.2.jar
7f00bd754000-7f00bd757000 r--s 0000a000 08:06 2653528                    /home/a1/.ivy2/cache/org.codehaus.plexus/plexus-classworlds/bundles/plexus-classworlds-2.5.1.jar
7f00bd757000-7f00bd75d000 r--s 00042000 08:06 2503809                    /home/a1/.ivy2/cache/org.eclipse.sisu/org.eclipse.sisu.inject/eclipse-plugins/org.eclipse.sisu.inject-0.0.0.M5.jar
7f00bd75d000-7f00bd75f000 r--s 00000000 08:06 2653557                    /home/a1/.ivy2/cache/aopalliance/aopalliance/jars/aopalliance-1.0.jar
7f00bd75f000-7f00bd767000 r--s 00050000 08:06 2503803                    /home/a1/.ivy2/cache/org.sonatype.sisu/sisu-guice/jars/sisu-guice-3.1.0-no_aop.jar
7f00bd767000-7f00bd768000 r--s 00001000 08:06 2253053                    /home/a1/.ivy2/cache/javax.annotation/jsr250-api/jars/jsr250-api-1.0.jar
7f00bd768000-7f00bd76b000 r--s 00008000 08:06 2653563                    /home/a1/.ivy2/cache/javax.enterprise/cdi-api/jars/cdi-api-1.0.jar
7f00bd76b000-7f00bd771000 r--s 0002a000 08:06 2763052                    /home/a1/.ivy2/cache/org.eclipse.sisu/org.eclipse.sisu.plexus/eclipse-plugins/org.eclipse.sisu.plexus-0.0.0.M5.jar
7f00bd771000-7f00bd773000 r--s 0000a000 08:06 2763098                    /home/a1/.ivy2/cache/org.apache.maven/maven-plugin-api/jars/maven-plugin-api-3.2.2.jar
7f00bd773000-7f00bd776000 r--s 0000b000 08:06 2763040                    /home/a1/.ivy2/cache/org.apache.maven/maven-artifact/jars/maven-artifact-3.2.2.jar
7f00bd776000-7f00bd778000 r--s 00005000 08:06 2763034                    /home/a1/.ivy2/cache/org.apache.maven/maven-repository-metadata/jars/maven-repository-metadata-3.2.2.jar
7f00bd778000-7f00bd77a000 r--s 00002000 08:06 2653555                    /home/a1/.ivy2/cache/org.sonatype.plexus/plexus-cipher/jars/plexus-cipher-1.4.jar
7f00bd77a000-7f00bd77b000 r--s 00006000 08:06 2653546                    /home/a1/.ivy2/cache/org.sonatype.plexus/plexus-sec-dispatcher/jars/plexus-sec-dispatcher-1.3.jar
7f00bd77b000-7f00bd77d000 r--s 00000000 08:06 2653537                    /home/a1/.ivy2/cache/org.codehaus.plexus/plexus-component-annotations/jars/plexus-component-annotations-1.5.5.jar
7f00bd77d000-7f00bd780000 r--s 0000d000 08:06 2763061                    /home/a1/.ivy2/cache/org.codehaus.plexus/plexus-interpolation/jars/plexus-interpolation-1.19.jar
7f00bd780000-7f00bd782000 r--s 00009000 08:06 2653547                    /home/a1/.ivy2/cache/org.apache.maven/maven-settings-builder/jars/maven-settings-builder-3.2.2.jar
7f00bd782000-7f00bd786000 r--s 0003a000 08:06 1992610                    /home/a1/.ivy2/cache/org.codehaus.plexus/plexus-utils/jars/plexus-utils-3.0.17.jar
7f00bd786000-7f00bd792000 r--s 00081000 08:06 2763092                    /home/a1/.ivy2/cache/org.apache.maven/maven-core/jars/maven-core-3.2.2.jar
7f00bd792000-7f00bd7a8000 r--s 0010a000 08:06 2365644                    /home/a1/.ivy2/cache/org.vafer/jdeb/jars/jdeb-1.3.jar
7f00bd7a8000-7f00bd7e8000 r--s 00285000 08:06 2653524                    /home/a1/.ivy2/cache/org.bouncycastle/bcprov-jdk15on/jars/bcprov-jdk15on-1.52.jar
7f00bd7e8000-7f00bd7eb000 ---p 00000000 00:00 0 
7f00bd7eb000-7f00bd8e9000 rw-p 00000000 00:00 0 
7f00bd8e9000-7f00bd8ec000 ---p 00000000 00:00 0 
7f00bd8ec000-7f00bd9ea000 rw-p 00000000 00:00 0 
7f00bd9ea000-7f00bd9ec000 r--s 00009000 08:06 2653535                    /home/a1/.ivy2/cache/org.apache.maven/maven-settings/jars/maven-settings-3.2.2.jar
7f00bd9ec000-7f00bd9ef000 r--s 00025000 08:06 2503808                    /home/a1/.ivy2/cache/org.apache.maven/maven-model/jars/maven-model-3.2.2.jar
7f00bd9ef000-7f00bd9f0000 r--s 00000000 08:06 2763053                    /home/a1/.ivy2/cache/javax.inject/javax.inject/jars/javax.inject-1.jar
7f00bd9f0000-7f00bd9fb000 r--s 00069000 08:06 1860872                    /home/a1/.ivy2/cache/ch.qos.logback/logback-core/jars/logback-core-1.2.1.jar
7f00bd9fb000-7f00bda01000 r--s 00046000 08:06 1860864                    /home/a1/.ivy2/cache/ch.qos.logback/logback-classic/jars/logback-classic-1.2.1.jar
7f00bda01000-7f00bda12000 r--s 00088000 08:06 2653521                    /home/a1/.ivy2/cache/org.bouncycastle/bcpkix-jdk15on/jars/bcpkix-jdk15on-1.52.jar
7f00bda12000-7f00bda17000 r--s 00041000 08:06 2503802                    /home/a1/.ivy2/cache/commons-lang/commons-lang/jars/commons-lang-2.6.jar
7f00bda17000-7f00bda1c000 r--s 0002c000 08:06 2365648                    /home/a1/.ivy2/cache/com.github.jnr/jnr-posix/jars/jnr-posix-3.0.12.jar
7f00bda1c000-7f00bda1e000 r--s 00007000 08:06 2653518                    /home/a1/.ivy2/cache/com.github.jnr/jnr-enxio/jars/jnr-enxio-0.9.jar
7f00bda1e000-7f00bda23000 r--s 00049000 08:06 2653548                    /home/a1/.ivy2/cache/com.github.jnr/jnr-constants/jars/jnr-constants-0.8.7.jar
7f00bda23000-7f00bda26000 r--s 00033000 08:06 2365645                    /home/a1/.ivy2/cache/com.github.jnr/jnr-x86asm/jars/jnr-x86asm-1.0.2.jar
7f00bda26000-7f00bda27000 r--s 0000a000 08:06 1992621                    /home/a1/.ivy2/cache/org.ow2.asm/asm-util/jars/asm-util-5.0.3.jar
7f00bda27000-7f00bda28000 r--s 00004000 08:06 2763048                    /home/a1/.ivy2/cache/org.ow2.asm/asm-analysis/jars/asm-analysis-5.0.3.jar
7f00bda28000-7f00bda2a000 r--s 00006000 08:06 1992620                    /home/a1/.ivy2/cache/org.ow2.asm/asm-tree/jars/asm-tree-5.0.3.jar
7f00bda2a000-7f00bda2c000 r--s 00009000 08:06 1992619                    /home/a1/.ivy2/cache/org.ow2.asm/asm-commons/jars/asm-commons-5.0.3.jar
7f00bda2c000-7f00bda2d000 r--s 0000c000 08:06 1992618                    /home/a1/.ivy2/cache/org.ow2.asm/asm/jars/asm-5.0.3.jar
7f00bda2d000-7f00bda2f000 r--s 0006e000 08:06 2653545                    /home/a1/.ivy2/cache/com.github.jnr/jffi/jars/jffi-1.2.9-native.jar
7f00bda2f000-7f00bda33000 r--s 00021000 08:06 2653531                    /home/a1/.ivy2/cache/com.github.jnr/jffi/jars/jffi-1.2.9.jar
7f00bda33000-7f00bda43000 r--s 00090000 08:06 2365649                    /home/a1/.ivy2/cache/com.github.jnr/jnr-ffi/jars/jnr-ffi-2.0.3.jar
7f00bda43000-7f00bda44000 r--s 00004000 08:06 2763065                    /home/a1/.ivy2/cache/com.github.jnr/jnr-unixsocket/jars/jnr-unixsocket-0.8.jar
7f00bda44000-7f00bda47000 r--s 0000f000 08:06 2653517                    /home/a1/.ivy2/cache/org.glassfish.jersey.ext/jersey-entity-filtering/jars/jersey-entity-filtering-2.22.2.jar
7f00bda47000-7f00bda49000 r--s 00004000 08:06 2653530                    /home/a1/.ivy2/cache/org.glassfish.jersey.media/jersey-media-json-jackson/jars/jersey-media-json-jackson-2.22.2.jar
7f00bda49000-7f00bda50000 r--s 0003a000 08:06 1726469                    /home/a1/.ivy2/cache/commons-codec/commons-codec/jars/commons-codec-1.9.jar
7f00bda50000-7f00bda52000 r--s 0000e000 08:06 1751641                    /home/a1/.ivy2/cache/commons-logging/commons-logging/jars/commons-logging-1.2.jar
7f00bda52000-7f00bda59000 r--s 00049000 08:06 1751628                    /home/a1/.ivy2/cache/org.apache.httpcomponents/httpcore/jars/httpcore-4.4.5.jar
7f00bda59000-7f00bda66000 r--s 000a5000 08:06 1751550                    /home/a1/.ivy2/cache/org.apache.httpcomponents/httpclient/jars/httpclient-4.5.jar
7f00bda66000-7f00bda68000 r--s 00005000 08:06 2253041                    /home/a1/.ivy2/cache/org.glassfish.jersey.connectors/jersey-apache-connector/jars/jersey-apache-connector-2.22.2.jar
7f00bda68000-7f00bda69000 r--s 00004000 08:06 2253037                    /home/a1/.ivy2/cache/org.glassfish.hk2/osgi-resource-locator/jars/osgi-resource-locator-1.0.1.jar
7f00bda69000-7f00bda73000 r--s 000a5000 08:06 1860865                    /home/a1/.ivy2/cache/org.javassist/javassist/bundles/javassist-3.18.1-GA.jar
7f00bda73000-7f00bda77000 r--s 00029000 08:06 2653550                    /home/a1/.ivy2/cache/org.glassfish.hk2/hk2-locator/jars/hk2-locator-2.4.0-b34.jar
7f00bda77000-7f00bda79000 r--s 00002000 08:06 2253050                    /home/a1/.ivy2/cache/org.glassfish.hk2.external/aopalliance-repackaged/jars/aopalliance-repackaged-2.4.0-b34.jar
7f00bda79000-7f00bda7d000 r--s 0001a000 08:06 2253042                    /home/a1/.ivy2/cache/org.glassfish.hk2/hk2-utils/jars/hk2-utils-2.4.0-b34.jar
7f00bda7d000-7f00bda82000 r--s 00027000 08:06 2253045                    /home/a1/.ivy2/cache/org.glassfish.hk2/hk2-api/jars/hk2-api-2.4.0-b34.jar
7f00bda82000-7f00bda9a000 r--s 000d6000 08:06 2763039                    /home/a1/.ivy2/cache/org.glassfish.jersey.bundles.repackaged/jersey-guava/bundles/jersey-guava-2.22.2.jar
7f00bda9a000-7f00bda9c000 r--s 00005000 08:06 2763028                    /home/a1/.ivy2/cache/javax.annotation/javax.annotation-api/jars/javax.annotation-api-1.2.jar
7f00bda9c000-7f00bdaaa000 r--s 0009d000 08:06 2116134                    /home/a1/.ivy2/cache/org.glassfish.jersey.core/jersey-common/jars/jersey-common-2.22.2.jar
7f00bdaaa000-7f00bdaae000 r--s 00019000 08:06 2503801                    /home/a1/.ivy2/cache/javax.ws.rs/javax.ws.rs-api/jars/javax.ws.rs-api-2.0.1.jar
7f00bdaae000-7f00bdab2000 r--s 00025000 08:06 2116135                    /home/a1/.ivy2/cache/org.glassfish.jersey.core/jersey-client/jars/jersey-client-2.22.2.jar
7f00bdab2000-7f00bdab5000 r--s 00011000 08:06 2763029                    /home/a1/.ivy2/cache/com.fasterxml.jackson.datatype/jackson-datatype-guava/bundles/jackson-datatype-guava-2.8.8.jar
7f00bdab5000-7f00bdab7000 r--s 00007000 08:06 2763066                    /home/a1/.ivy2/cache/com.fasterxml.jackson.module/jackson-module-jaxb-annotations/bundles/jackson-module-jaxb-annotations-2.8.8.jar
7f00bdab7000-7f00bdaba000 r--s 0000b000 08:06 1860871                    /home/a1/.ivy2/cache/com.fasterxml.jackson.core/jackson-annotations/bundles/jackson-annotations-2.8.0.jar
7f00bdaba000-7f00bdacc000 r--s 0011d000 08:06 1860870                    /home/a1/.ivy2/cache/com.fasterxml.jackson.core/jackson-databind/bundles/jackson-databind-2.8.8.jar
7f00bdacc000-7f00bdaeb000 r--s 001ef000 08:06 2116137                    /home/a1/.ivy2/cache/org.apache.ant/ant/jars/ant-1.10.1.jar
7f00bdaeb000-7f00bdaee000 ---p 00000000 00:00 0 
7f00bdaee000-7f00bdbec000 rw-p 00000000 00:00 0 
7f00bdbec000-7f00bdbef000 ---p 00000000 00:00 0 
7f00bdbef000-7f00bdced000 rw-p 00000000 00:00 0 
7f00bdced000-7f00bdcf0000 ---p 00000000 00:00 0 
7f00bdcf0000-7f00bddee000 rw-p 00000000 00:00 0 
7f00bddee000-7f00bddf1000 ---p 00000000 00:00 0 
7f00bddf1000-7f00bdeef000 rw-p 00000000 00:00 0 
7f00bdeef000-7f00bdef2000 ---p 00000000 00:00 0 
7f00bdef2000-7f00bdff0000 rw-p 00000000 00:00 0 
7f00bdff0000-7f00bdff3000 ---p 00000000 00:00 0 
7f00bdff3000-7f00be0f1000 rw-p 00000000 00:00 0 
7f00be0f1000-7f00be0f4000 ---p 00000000 00:00 0 
7f00be0f4000-7f00be1f2000 rw-p 00000000 00:00 0 
7f00be1f2000-7f00be1f5000 ---p 00000000 00:00 0 
7f00be1f5000-7f00be2f3000 rw-p 00000000 00:00 0 
7f00be2f3000-7f00be2f6000 ---p 00000000 00:00 0 
7f00be2f6000-7f00be3f4000 rw-p 00000000 00:00 0 
7f00be3f4000-7f00be3f7000 ---p 00000000 00:00 0 
7f00be3f7000-7f00be4f5000 rw-p 00000000 00:00 0 
7f00be4f5000-7f00be4f8000 ---p 00000000 00:00 0 
7f00be4f8000-7f00be5f6000 rw-p 00000000 00:00 0 
7f00be5f6000-7f00be5f9000 ---p 00000000 00:00 0 
7f00be5f9000-7f00be6f7000 rw-p 00000000 00:00 0 
7f00be6f7000-7f00be6fa000 ---p 00000000 00:00 0 
7f00be6fa000-7f00be7f8000 rw-p 00000000 00:00 0 
7f00be7f8000-7f00be7fb000 ---p 00000000 00:00 0 
7f00be7fb000-7f00be8f9000 rw-p 00000000 00:00 0 
7f00be8f9000-7f00be8fc000 ---p 00000000 00:00 0 
7f00be8fc000-7f00be9fa000 rw-p 00000000 00:00 0 
7f00be9fa000-7f00bebfa000 rw-p 00000000 00:00 0 
7f00bebfa000-7f00bedfa000 rw-p 00000000 00:00 0 
7f00bedfa000-7f00beffa000 rw-p 00000000 00:00 0 
7f00beffa000-7f00bf1fa000 rw-p 00000000 00:00 0 
7f00bf1fa000-7f00bf3fa000 rw-p 00000000 00:00 0 
7f00bf3fa000-7f00bf3fd000 ---p 00000000 00:00 0 
7f00bf3fd000-7f00bf4fb000 rw-p 00000000 00:00 0 
7f00bf4fb000-7f00bf4fe000 ---p 00000000 00:00 0 
7f00bf4fe000-7f00bf5fc000 rw-p 00000000 00:00 0 
7f00bf5fc000-7f00bf5ff000 ---p 00000000 00:00 0 
7f00bf5ff000-7f00bf6fd000 rw-p 00000000 00:00 0 
7f00bf6fd000-7f00bf8fd000 rw-p 00000000 00:00 0 
7f00bf8fd000-7f00bf900000 ---p 00000000 00:00 0 
7f00bf900000-7f00bf9fe000 rw-p 00000000 00:00 0 
7f00bf9fe000-7f00bfa01000 ---p 00000000 00:00 0 
7f00bfa01000-7f00bfaff000 rw-p 00000000 00:00 0 
7f00bfaff000-7f00bfb02000 ---p 00000000 00:00 0 
7f00bfb02000-7f00bfc00000 rw-p 00000000 00:00 0 
7f00bfc00000-7f00bfe00000 rw-p 00000000 00:00 0 
7f00bfe00000-7f00c0000000 rw-p 00000000 00:00 0 
7f00c0000000-7f00c0082000 rw-p 00000000 00:00 0 
7f00c0082000-7f00c4000000 ---p 00000000 00:00 0 
7f00c4000000-7f00c4001000 r--s 00001000 08:06 2653541                    /home/a1/.ivy2/cache/org.glassfish.hk2.external/javax.inject/jars/javax.inject-2.4.0-b34.jar
7f00c4001000-7f00c4004000 r--s 00042000 08:06 1751583                    /home/a1/.ivy2/cache/com.fasterxml.jackson.core/jackson-core/bundles/jackson-core-2.8.8.jar
7f00c4004000-7f00c4005000 r--s 00007000 08:06 2763044                    /home/a1/.ivy2/cache/com.fasterxml.jackson.jaxrs/jackson-jaxrs-base/bundles/jackson-jaxrs-base-2.8.8.jar
7f00c4005000-7f00c4006000 r--s 00003000 08:06 2653559                    /home/a1/.ivy2/cache/com.fasterxml.jackson.jaxrs/jackson-jaxrs-json-provider/bundles/jackson-jaxrs-json-provider-2.8.8.jar
7f00c4006000-7f00c4017000 r--s 0009a000 08:06 2763082                    /home/a1/.ivy2/cache/com.spotify/docker-client/jars/docker-client-8.9.0.jar
7f00c4017000-7f00c4019000 r--s 0002a000 08:06 1992622                    /home/a1/.ivy2/cache/org.scala-sbt/io_2.12/jars/io_2.12-1.0.0.jar
7f00c4019000-7f00c401a000 r--s 00004000 08:06 2116139                    /home/a1/.ivy2/cache/org.apache.ant/ant-launcher/jars/ant-launcher-1.10.1.jar
7f00c401a000-7f00c4024000 r--s 00078000 08:06 1751523                    /home/a1/.ivy2/cache/org.apache.commons/commons-compress/jars/commons-compress-1.14.jar
7f00c4024000-7f00c402d000 r--s 000a7000 08:06 2653566                    /home/a1/.ivy2/cache/scala_2.12/sbt_1.0/com.typesafe.sbt/sbt-native-packager/jars/sbt-native-packager-1.3.3.jar
7f00c402d000-7f00c402f000 r--s 00012000 08:06 2503804                    /home/a1/.ivy2/cache/com.typesafe.play/twirl-parser_2.12/jars/twirl-parser_2.12-1.3.14.jar
7f00c402f000-7f00c4031000 r--s 0000f000 08:06 2503811                    /home/a1/.ivy2/cache/com.typesafe.play/twirl-compiler_2.12/jars/twirl-compiler_2.12-1.3.14.jar
7f00c4031000-7f00c4032000 r--s 0000c000 08:06 2503805                    /home/a1/.ivy2/cache/scala_2.12/sbt_1.0/com.typesafe.sbt/sbt-twirl/jars/sbt-twirl-1.3.14.jar
7f00c4032000-7f00c4033000 r--s 00003000 08:06 2763071                    /home/a1/.ivy2/cache/org.slf4j/slf4j-simple/jars/slf4j-simple-1.7.25.jar
7f00c4033000-7f00c4038000 r--s 00040000 08:06 1714339                    /home/a1/.ivy2/cache/com.typesafe/config/bundles/config-1.3.1.jar
7f00c4038000-7f00c403b000 r--s 00021000 08:06 2763030                    /home/a1/.ivy2/cache/com.github.pathikrit/better-files_2.12/jars/better-files_2.12-2.17.1.jar
7f00c403b000-7f00c403d000 r--s 00009000 08:06 1847962                    /home/a1/.ivy2/cache/org.slf4j/slf4j-api/jars/slf4j-api-1.7.25.jar
7f00c403d000-7f00c403e000 r--s 00000000 08:06 2763094                    /home/a1/.ivy2/cache/org.codehaus.mojo/animal-sniffer-annotations/jars/animal-sniffer-annotations-1.14.jar
7f00c403e000-7f00c4040000 r--s 00001000 08:06 2763090                    /home/a1/.ivy2/cache/com.google.j2objc/j2objc-annotations/jars/j2objc-annotations-1.1.jar
7f00c4040000-7f00c4041000 r--s 00002000 08:06 2763088                    /home/a1/.ivy2/cache/com.google.errorprone/error_prone_annotations/jars/error_prone_annotations-2.0.18.jar
7f00c4041000-7f00c4044000 r--s 00006000 08:06 2763086                    /home/a1/.ivy2/cache/com.google.code.findbugs/jsr305/jars/jsr305-1.3.9.jar
7f00c4044000-7f00c4074000 r--s 0024f000 08:06 1860869                    /home/a1/.ivy2/cache/com.google.guava/guava/bundles/guava-23.0.jar
7f00c4074000-7f00c4078000 r--s 00112000 08:06 1992609                    /home/a1/.ivy2/cache/net.java.dev.jna/jna/jars/jna-4.2.1.jar
7f00c4078000-7f00c4079000 r--s 00006000 08:06 1992617                    /home/a1/.ivy2/cache/io.methvin/directory-watcher/jars/directory-watcher-0.3.2.jar
7f00c4079000-7f00c407b000 r--s 0000b000 08:06 2763074                    /home/a1/.ivy2/cache/com.lightbend.play/play-file-watch_2.12/jars/play-file-watch_2.12-1.1.7.jar
7f00c407b000-7f00c407d000 r--s 00000000 08:06 1860867                    /home/a1/.ivy2/cache/com.typesafe.play/play-exceptions/jars/play-exceptions-2.6.12.jar
7f00c407d000-7f00c407f000 r--s 00010000 08:06 2763057                    /home/a1/.ivy2/cache/com.typesafe.play/run-support_2.12/jars/run-support_2.12-2.6.12.jar
7f00c407f000-7f00c4082000 r--s 00031000 08:06 1992614                    /home/a1/.ivy2/cache/org.scala-lang.modules/scala-parser-combinators_2.12/bundles/scala-parser-combinators_2.12-1.0.6.jar
7f00c4082000-7f00c4086000 r--s 0002f000 08:06 1860859                    /home/a1/.ivy2/cache/commons-io/commons-io/jars/commons-io-2.5.jar
7f00c4086000-7f00c408c000 r--s 00080000 08:06 1729042                    /home/a1/.ivy2/cache/org.scala-lang.modules/scala-xml_2.12/bundles/scala-xml_2.12-1.0.6.jar
7f00c408c000-7f00c408e000 r--s 00011000 08:06 2503810                    /home/a1/.ivy2/cache/com.typesafe.play/twirl-api_2.12/jars/twirl-api_2.12-1.3.14.jar
7f00c408e000-7f00c4091000 r--s 00030000 08:06 2763046                    /home/a1/.ivy2/cache/com.typesafe.play/sbt-routes-compiler_2.12/jars/sbt-routes-compiler_2.12-2.6.12.jar
7f00c4091000-7f00c4094000 r--s 00032000 08:06 1860868                    /home/a1/.ivy2/cache/scala_2.12/sbt_1.0/com.typesafe.play/sbt-plugin/jars/sbt-plugin-2.6.12.jar
7f00c4094000-7f00c4097000 ---p 00000000 00:00 0 
7f00c4097000-7f00c4195000 rw-p 00000000 00:00 0 
7f00c4195000-7f00c4395000 rw-p 00000000 00:00 0 
7f00c4395000-7f00c4398000 ---p 00000000 00:00 0 
7f00c4398000-7f00c43ce000 rw-p 00000000 00:00 0 
7f00c43ce000-7f00c45ce000 rw-p 00000000 00:00 0 
7f00c45ce000-7f00c45e6000 r-xp 00000000 08:06 2504014                    /tmp/jna-3056/jna5155466713305262121.tmp (deleted)
7f00c45e6000-7f00c47e6000 ---p 00018000 08:06 2504014                    /tmp/jna-3056/jna5155466713305262121.tmp (deleted)
7f00c47e6000-7f00c47e7000 rw-p 00018000 08:06 2504014                    /tmp/jna-3056/jna5155466713305262121.tmp (deleted)
7f00c47e7000-7f00c49e7000 rw-p 00000000 00:00 0 
7f00c49e7000-7f00c4be7000 rw-p 00000000 00:00 0 
7f00c4be7000-7f00c4de7000 rw-p 00000000 00:00 0 
7f00c4de7000-7f00c4de9000 r--s 00001000 08:06 538266                     /usr/lib/jvm/java-8-oracle/jre/lib/ext/dnsns.jar
7f00c4de9000-7f00c4deb000 r--s 00009000 08:06 538265                     /usr/lib/jvm/java-8-oracle/jre/lib/ext/sunec.jar
7f00c4deb000-7f00c4df1000 r--s 0003e000 08:06 538275                     /usr/lib/jvm/java-8-oracle/jre/lib/ext/sunjce_provider.jar
7f00c4df1000-7f00c4df5000 r--s 0003a000 08:06 538272                     /usr/lib/jvm/java-8-oracle/jre/lib/ext/sunpkcs11.jar
7f00c4df5000-7f00c4dfa000 r--s 00084000 08:06 538193                     /usr/lib/jvm/java-8-oracle/jre/lib/jfr.jar
7f00c4dfa000-7f00c4dff000 r--s 002f9000 08:06 538251                     /usr/lib/jvm/java-8-oracle/jre/lib/charsets.jar
7f00c4dff000-7f00c4fff000 rw-p 00000000 00:00 0 
7f00c4fff000-7f00c8000000 rw-p 00000000 00:00 0 
7f00c8000000-7f00c8043000 rw-p 00000000 00:00 0 
7f00c8043000-7f00cc000000 ---p 00000000 00:00 0 
7f00cc000000-7f00cc022000 rw-p 00000000 00:00 0 
7f00cc022000-7f00d0000000 ---p 00000000 00:00 0 
7f00d0000000-7f00d1d3c000 rw-p 00000000 00:00 0 
7f00d1d3c000-7f00d4000000 ---p 00000000 00:00 0 
7f00d4000000-7f00d4f82000 rw-p 00000000 00:00 0 
7f00d4f82000-7f00d8000000 ---p 00000000 00:00 0 
7f00d8000000-7f00d802a000 rw-p 00000000 00:00 0 
7f00d802a000-7f00dc000000 ---p 00000000 00:00 0 
7f00dc000000-7f00de1b1000 rw-p 00000000 00:00 0 
7f00de1b1000-7f00e0000000 ---p 00000000 00:00 0 
7f00e0000000-7f00e0050000 rw-p 00000000 00:00 0 
7f00e0050000-7f00e4000000 ---p 00000000 00:00 0 
7f00e4000000-7f00e402c000 rw-p 00000000 00:00 0 
7f00e402c000-7f00e8000000 ---p 00000000 00:00 0 
7f00e8000000-7f00e8291000 rw-p 00000000 00:00 0 
7f00e8291000-7f00ec000000 ---p 00000000 00:00 0 
7f00ec000000-7f00ec04a000 rw-p 00000000 00:00 0 
7f00ec04a000-7f00f0000000 ---p 00000000 00:00 0 
7f00f0000000-7f00f0001000 r--s 00000000 08:06 1860863                    /home/a1/.ivy2/cache/com.typesafe.play/build-link/jars/build-link-2.6.12.jar
7f00f0001000-7f00f0002000 r--s 0000a000 08:06 538269                     /usr/lib/jvm/java-8-oracle/jre/lib/ext/jaccess.jar
7f00f0002000-7f00f0005000 r--s 0001a000 08:06 538344                     /usr/lib/jvm/java-8-oracle/jre/lib/jce.jar
7f00f0005000-7f00f0018000 r--s 00345000 08:06 538262                     /usr/lib/jvm/java-8-oracle/jre/lib/resources.jar
7f00f0018000-7f00f0019000 r--s 00010000 08:06 538271                     /usr/lib/jvm/java-8-oracle/jre/lib/ext/zipfs.jar
7f00f0019000-7f00f0219000 rw-p 00000000 00:00 0 
7f00f0219000-7f00f0292000 r--s 010f9000 08:06 402181                     /usr/lib/jvm/java-8-oracle/lib/tools.jar
7f00f0292000-7f00f0492000 rw-p 00000000 00:00 0 
7f00f0492000-7f00f0692000 rw-p 00000000 00:00 0 
7f00f0692000-7f00f0892000 rw-p 00000000 00:00 0 
7f00f0892000-7f00f0899000 r--s 00000000 08:06 2891489                    /usr/lib/x86_64-linux-gnu/gconv/gconv-modules.cache
7f00f0899000-7f00f08c9000 r--p 00000000 08:06 2895291                    /usr/share/locale/ru/LC_MESSAGES/libc.mo
7f00f08c9000-7f00f0ac9000 rw-p 00000000 00:00 0 
7f00f0ac9000-7f00f0cc9000 rw-p 00000000 00:00 0 
7f00f0cc9000-7f00f0cce000 r--s 0009d000 08:06 538263                     /usr/lib/jvm/java-8-oracle/jre/lib/jsse.jar
7f00f0cce000-7f00f0ece000 rw-p 00000000 00:00 0 
7f00f0ece000-7f00f10ce000 rw-p 00000000 00:00 0 
7f00f10ce000-7f00f12ce000 rw-p 00000000 00:00 0 
7f00f12ce000-7f00f14ce000 rw-p 00000000 00:00 0 
7f00f14ce000-7f00f14d1000 ---p 00000000 00:00 0 
7f00f14d1000-7f00f15cf000 rw-p 00000000 00:00 0 
7f00f15cf000-7f00f17cf000 rw-p 00000000 00:00 0 
7f00f17cf000-7f00f17ea000 r--s 001d4000 08:06 538270                     /usr/lib/jvm/java-8-oracle/jre/lib/ext/nashorn.jar
7f00f17ea000-7f00f17f3000 r-xp 00000000 08:06 538336                     /usr/lib/jvm/java-8-oracle/jre/lib/amd64/libmanagement.so
7f00f17f3000-7f00f19f2000 ---p 00009000 08:06 538336                     /usr/lib/jvm/java-8-oracle/jre/lib/amd64/libmanagement.so
7f00f19f2000-7f00f19f3000 rw-p 00008000 08:06 538336                     /usr/lib/jvm/java-8-oracle/jre/lib/amd64/libmanagement.so
7f00f19f3000-7f00f19f5000 r--s 00009000 08:06 1982582                    /home/a1/.sbt/boot/scala-2.12.4/org.scala-sbt/sbt/1.1.1/slf4j-api-1.7.25.jar
7f00f19f5000-7f00f1bf5000 rw-p 00000000 00:00 0 
7f00f1bf5000-7f00f1bff000 r--s 00116000 08:06 538274                     /usr/lib/jvm/java-8-oracle/jre/lib/ext/localedata.jar
7f00f1bff000-7f00f1c1b000 r--s 00393000 08:06 538267                     /usr/lib/jvm/java-8-oracle/jre/lib/ext/cldrdata.jar
7f00f1c1b000-7f00f1e1b000 rw-p 00000000 00:00 0 
7f00f1e1b000-7f00f1e22000 r--s 00095000 08:06 1982542                    /home/a1/.sbt/boot/scala-2.12.4/org.scala-sbt/sbt/1.1.1/main-settings_2.12-1.1.1.jar
7f00f1e22000-7f00f1e23000 r--s 00003000 08:06 1982531                    /home/a1/.sbt/boot/scala-2.12.4/org.scala-sbt/sbt/1.1.1/zinc-compile_2.12-1.1.1.jar
7f00f1e23000-7f00f1e25000 r--s 00007000 08:06 1982571                    /home/a1/.sbt/boot/scala-2.12.4/org.scala-sbt/sbt/1.1.1/lenses_2.12-0.4.12.jar
7f00f1e25000-7f00f1e26000 r--s 00009000 08:06 1982520                    /home/a1/.sbt/boot/scala-2.12.4/org.scala-sbt/sbt/1.1.1/gigahorse-okhttp_2.12-0.3.0.jar
7f00f1e26000-7f00f1e29000 r--s 00022000 08:06 1982551                    /home/a1/.sbt/boot/scala-2.12.4/org.scala-sbt/sbt/1.1.1/sbinary_2.12-0.4.4.jar
7f00f1e29000-7f00f1e2a000 r--s 00007000 08:06 1982563                    /home/a1/.sbt/boot/scala-2.12.4/org.scala-sbt/sbt/1.1.1/okhttp-urlconnection-3.7.0.jar
7f00f1e2a000-7f00f1e2c000 r--s 0002d000 08:06 1982554                    /home/a1/.sbt/boot/scala-2.12.4/org.scala-sbt/sbt/1.1.1/util-cache_2.12-1.1.2.jar
7f00f1e2c000-7f00f1e39000 r--s 001ad000 08:06 1982579                    /home/a1/.sbt/boot/scala-2.12.4/org.scala-sbt/sbt/1.1.1/zinc-persist_2.12-1.1.1.jar
7f00f1e39000-7f00f1e3b000 r--s 00024000 08:06 1982525                    /home/a1/.sbt/boot/scala-2.12.4/org.scala-sbt/sbt/1.1.1/zinc-apiinfo_2.12-1.1.1.jar
7f00f1e3b000-7f00f1e3d000 r--s 0000e000 08:06 1982592                    /home/a1/.sbt/boot/scala-2.12.4/org.scala-sbt/sbt/1.1.1/fastparse-utils_2.12-0.4.2.jar
7f00f1e3d000-7f00f1e3e000 r--s 0000e000 08:06 1982536                    /home/a1/.sbt/boot/scala-2.12.4/org.scala-sbt/sbt/1.1.1/zinc_2.12-1.1.1.jar
7f00f1e3e000-7f00f203e000 rw-p 00000000 00:00 0 
7f00f203e000-7f00f2042000 r--s 00039000 08:06 1982586                    /home/a1/.sbt/boot/scala-2.12.4/org.scala-sbt/sbt/1.1.1/util-logging_2.12-1.1.2.jar
7f00f2042000-7f00f2064000 r--s 0034a000 08:06 1982527                    /home/a1/.sbt/boot/scala-2.12.4/org.scala-sbt/sbt/1.1.1/scala-reflect-2.12.4.jar
7f00f2064000-7f00f2068000 r--s 00030000 08:06 1982550                    /home/a1/.sbt/boot/scala-2.12.4/org.scala-sbt/sbt/1.1.1/scala-parser-combinators_2.12-1.0.5.jar
7f00f2068000-7f00f206a000 r--s 00008000 08:06 1982537                    /home/a1/.sbt/boot/scala-2.12.4/org.scala-sbt/sbt/1.1.1/sjson-new-scalajson_2.12-0.8.2.jar
7f00f206a000-7f00f206e000 r--s 0004c000 08:06 1982577                    /home/a1/.sbt/boot/scala-2.12.4/org.scala-sbt/sbt/1.1.1/collections_2.12-1.1.1.jar
7f00f206e000-7f00f2073000 r--s 00031000 08:06 1982576                    /home/a1/.sbt/boot/scala-2.12.4/org.scala-sbt/sbt/1.1.1/config-1.2.0.jar
7f00f2073000-7f00f2077000 r--s 0015c000 08:06 1982558                    /home/a1/.sbt/boot/scala-2.12.4/org.scala-sbt/sbt/1.1.1/jna-4.5.0.jar
7f00f2077000-7f00f207a000 r--s 0003e000 08:06 1982581                    /home/a1/.sbt/boot/scala-2.12.4/org.scala-sbt/sbt/1.1.1/command_2.12-1.1.1.jar
7f00f207a000-7f00f207c000 r--s 00012000 08:06 1982548                    /home/a1/.sbt/boot/scala-2.12.4/org.scala-sbt/sbt/1.1.1/tasks_2.12-1.1.1.jar
7f00f207c000-7f00f207d000 r--s 00005000 08:06 1982534                    /home/a1/.sbt/boot/scala-2.12.4/org.scala-sbt/sbt/1.1.1/log4j-slf4j-impl-2.8.1.jar
7f00f207d000-7f00f207f000 r--s 00011000 08:06 1982540                    /home/a1/.sbt/boot/scala-2.12.4/org.scala-sbt/sbt/1.1.1/jawn-parser_2.12-0.10.4.jar
7f00f207f000-7f00f2082000 r--s 0002d000 08:06 1982547                    /home/a1/.sbt/boot/scala-2.12.4/org.scala-sbt/sbt/1.1.1/testing_2.12-1.1.1.jar
7f00f2082000-7f00f2088000 r--s 000bb000 08:06 1982584                    /home/a1/.sbt/boot/scala-2.12.4/org.scala-sbt/sbt/1.1.1/sjson-new-core_2.12-0.8.2.jar
7f00f2088000-7f00f20a2000 r--s 0021e000 08:06 1982528                    /home/a1/.sbt/boot/scala-2.12.4/org.scala-sbt/sbt/1.1.1/jna-platform-4.5.0.jar
7f00f20a2000-7f00f20a6000 r--s 00047000 08:06 1982583                    /home/a1/.sbt/boot/scala-2.12.4/org.scala-sbt/sbt/1.1.1/fastparse_2.12-0.4.2.jar
7f00f20a6000-7f00f20a8000 r--s 00004000 08:06 1982564                    /home/a1/.sbt/boot/scala-2.12.4/org.scala-sbt/sbt/1.1.1/ipcsocket-1.0.0.jar
7f00f20a8000-7f00f20a9000 r--s 00001000 08:06 1982532                    /home/a1/.sbt/boot/scala-2.12.4/org.scala-sbt/sbt/1.1.1/scalacache-caffeine_2.12-0.20.0.jar
7f00f20a9000-7f00f20aa000 r--s 00002000 08:06 1982562                    /home/a1/.sbt/boot/scala-2.12.4/org.scala-sbt/sbt/1.1.1/launcher-interface-1.0.2.jar
7f00f20aa000-7f00f20af000 r--s 00093000 08:06 1982541                    /home/a1/.sbt/boot/scala-2.12.4/org.scala-sbt/sbt/1.1.1/librarymanagement-ivy_2.12-1.1.3.jar
7f00f20af000-7f00f20b5000 r--s 00080000 08:06 1982521                    /home/a1/.sbt/boot/scala-2.12.4/org.scala-sbt/sbt/1.1.1/scala-xml_2.12-1.0.6.jar
7f00f20b5000-7f00f20b9000 r--s 00062000 08:06 1982544                    /home/a1/.sbt/boot/scala-2.12.4/org.scala-sbt/sbt/1.1.1/protocol_2.12-1.1.1.jar
7f00f20b9000-7f00f20ba000 r--s 0000f000 08:06 1982578                    /home/a1/.sbt/boot/scala-2.12.4/org.scala-sbt/sbt/1.1.1/sbt-1.1.1.jar
7f00f20ba000-7f00f20bb000 r--s 00000000 08:06 1982553                    /home/a1/.sbt/boot/scala-2.12.4/org.scala-sbt/sbt/1.1.1/reactive-streams-1.0.0.jar
7f00f20bb000-7f00f20bc000 r--s 00000000 08:06 1982546                    /home/a1/.sbt/boot/scala-2.12.4/org.scala-sbt/sbt/1.1.1/template-resolver-0.1.jar
7f00f20bc000-7f00f20be000 r--s 0000b000 08:06 1982589                    /home/a1/.sbt/boot/scala-2.12.4/org.scala-sbt/sbt/1.1.1/logic_2.12-1.1.1.jar
7f00f20be000-7f00f20cd000 r--s 0013d000 08:06 1982519                    /home/a1/.sbt/boot/scala-2.12.4/org.scala-sbt/sbt/1.1.1/protobuf-java-3.3.1.jar
7f00f20cd000-7f00f20d1000 r--s 00034000 08:06 1982523                    /home/a1/.sbt/boot/scala-2.12.4/org.scala-sbt/sbt/1.1.1/jsch-0.1.46.jar
7f00f20d1000-7f00f20d5000 r--s 0004f000 08:06 1982587                    /home/a1/.sbt/boot/scala-2.12.4/org.scala-sbt/sbt/1.1.1/zinc-core_2.12-1.1.1.jar
7f00f20d5000-7f00f20d6000 r--s 0000b000 08:06 1982556                    /home/a1/.sbt/boot/scala-2.12.4/org.scala-sbt/sbt/1.1.1/zinc-ivy-integration_2.12-1.1.1.jar
7f00f20d6000-7f00f20da000 r--s 00038000 08:06 1982524                    /home/a1/.sbt/boot/scala-2.12.4/org.scala-sbt/sbt/1.1.1/ssl-config-core_2.12-0.2.2.jar
7f00f20da000-7f00f20dd000 r--s 00031000 08:06 1982567                    /home/a1/.sbt/boot/scala-2.12.4/org.scala-sbt/sbt/1.1.1/actions_2.12-1.1.1.jar
7f00f20dd000-7f00f20e6000 r--s 000ae000 08:06 1982555                    /home/a1/.sbt/boot/scala-2.12.4/org.scala-sbt/sbt/1.1.1/librarymanagement-core_2.12-1.1.3.jar
7f00f20e6000-7f00f20e9000 r--s 0003c000 08:06 1982572                    /home/a1/.sbt/boot/scala-2.12.4/org.scala-sbt/sbt/1.1.1/completion_2.12-1.1.1.jar
7f00f20e9000-7f00f20ec000 r--s 00026000 08:06 1982575                    /home/a1/.sbt/boot/scala-2.12.4/org.scala-sbt/sbt/1.1.1/gigahorse-core_2.12-0.3.0.jar
7f00f20ec000-7f00f2101000 r--s 00101000 08:06 1982535                    /home/a1/.sbt/boot/scala-2.12.4/org.scala-sbt/sbt/1.1.1/ivy-2.3.0-sbt-b18f59ea3bc914a297bb6f1a4f7fb0ace399e310.jar
7f00f2101000-7f00f2103000 r--s 00002000 08:06 1982574                    /home/a1/.sbt/boot/scala-2.12.4/org.scala-sbt/sbt/1.1.1/test-interface-1.0.jar
7f00f2103000-7f00f2106000 r--s 00012000 08:06 1982543                    /home/a1/.sbt/boot/scala-2.12.4/org.scala-sbt/sbt/1.1.1/disruptor-3.3.6.jar
7f00f2106000-7f00f2108000 r--s 00019000 08:06 1982561                    /home/a1/.sbt/boot/scala-2.12.4/org.scala-sbt/sbt/1.1.1/task-system_2.12-1.1.1.jar
7f00f2108000-7f00f210c000 r--s 00013000 08:06 1982570                    /home/a1/.sbt/boot/scala-2.12.4/org.scala-sbt/sbt/1.1.1/compiler-interface-1.1.1.jar
7f00f210c000-7f00f210e000 r--s 00019000 08:06 1982529                    /home/a1/.sbt/boot/scala-2.12.4/org.scala-sbt/sbt/1.1.1/sourcecode_2.12-0.1.3.jar
7f00f210e000-7f00f212a000 r--s 0013b000 08:06 1982518                    /home/a1/.sbt/boot/scala-2.12.4/org.scala-sbt/sbt/1.1.1/log4j-core-2.8.1.jar
7f00f212a000-7f00f2134000 r--s 00199000 08:06 1982533                    /home/a1/.sbt/boot/scala-2.12.4/org.scala-sbt/sbt/1.1.1/main_2.12-1.1.1.jar
7f00f2134000-7f00f214a000 r--s 000e0000 08:06 1982539                    /home/a1/.sbt/boot/scala-2.12.4/org.scala-sbt/sbt/1.1.1/caffeine-2.5.6.jar
7f00f214a000-7f00f2157000 r--s 001a6000 08:06 1982559                    /home/a1/.sbt/boot/scala-2.12.4/org.scala-sbt/sbt/1.1.1/scalapb-runtime_2.12-0.6.0.jar
7f00f2157000-7f00f218f000 r--s 004ca000 08:06 1982601                    /home/a1/.sbt/boot/scala-2.12.4/lib/scala-library.jar
7f00f218f000-7f00f21a0000 r-xp 00000000 08:06 538331                     /usr/lib/jvm/java-8-oracle/jre/lib/amd64/libnio.so
7f00f21a0000-7f00f239f000 ---p 00011000 08:06 538331                     /usr/lib/jvm/java-8-oracle/jre/lib/amd64/libnio.so
7f00f239f000-7f00f23a0000 rw-p 00010000 08:06 538331                     /usr/lib/jvm/java-8-oracle/jre/lib/amd64/libnio.so
7f00f23a0000-7f00f23b6000 r-xp 00000000 08:06 538328                     /usr/lib/jvm/java-8-oracle/jre/lib/amd64/libnet.so
7f00f23b6000-7f00f25b6000 ---p 00016000 08:06 538328                     /usr/lib/jvm/java-8-oracle/jre/lib/amd64/libnet.so
7f00f25b6000-7f00f25b7000 rw-p 00016000 08:06 538328                     /usr/lib/jvm/java-8-oracle/jre/lib/amd64/libnet.so
7f00f25b7000-7f00f264d000 r--s 0110a000 08:06 538268                     /usr/lib/jvm/java-8-oracle/jre/lib/ext/jfxrt.jar
7f00f264d000-7f00f264e000 ---p 00000000 00:00 0 
7f00f264e000-7f00f274e000 rw-p 00000000 00:00 0 
7f00f274e000-7f00f2751000 ---p 00000000 00:00 0 
7f00f2751000-7f00f284f000 rw-p 00000000 00:00 0 
7f00f284f000-7f00f2852000 ---p 00000000 00:00 0 
7f00f2852000-7f00f2950000 rw-p 00000000 00:00 0 
7f00f2950000-7f00f2953000 ---p 00000000 00:00 0 
7f00f2953000-7f00f2a51000 rw-p 00000000 00:00 0 
7f00f2a51000-7f00f2a54000 ---p 00000000 00:00 0 
7f00f2a54000-7f00f2b52000 rw-p 00000000 00:00 0 
7f00f2b52000-7f00f2b55000 ---p 00000000 00:00 0 
7f00f2b55000-7f00f2c53000 rw-p 00000000 00:00 0 
7f00f2c53000-7f00f2dee000 r--p 00000000 08:06 2890459                    /usr/lib/locale/locale-archive
7f00f2dee000-7f00f2df1000 ---p 00000000 00:00 0 
7f00f2df1000-7f00f2eef000 rw-p 00000000 00:00 0 
7f00f2eef000-7f00f2ef2000 ---p 00000000 00:00 0 
7f00f2ef2000-7f00f2ff0000 rw-p 00000000 00:00 0 
7f00f2ff0000-7f00f2ff1000 ---p 00000000 00:00 0 
7f00f2ff1000-7f00f4000000 rw-p 00000000 00:00 0 
7f00f4000000-7f00f4082000 rw-p 00000000 00:00 0 
7f00f4082000-7f00f8000000 ---p 00000000 00:00 0 
7f00f8000000-7f00f805e000 rw-p 00000000 00:00 0 
7f00f805e000-7f00fc000000 ---p 00000000 00:00 0 
7f00fc000000-7f00fc065000 rw-p 00000000 00:00 0 
7f00fc065000-7f0100000000 ---p 00000000 00:00 0 
7f0100000000-7f0100001000 r--s 00003000 08:06 1982565                    /home/a1/.sbt/boot/scala-2.12.4/org.scala-sbt/sbt/1.1.1/util-relation_2.12-1.1.2.jar
7f0100001000-7f0100004000 r--s 0001c000 08:06 1982557                    /home/a1/.sbt/boot/scala-2.12.4/org.scala-sbt/sbt/1.1.1/scalacache-core_2.12-0.20.0.jar
7f0100004000-7f0100006000 r--s 00007000 08:06 1982566                    /home/a1/.sbt/boot/scala-2.12.4/org.scala-sbt/sbt/1.1.1/util-tracking_2.12-1.1.2.jar
7f0100006000-7f0100028000 r--s 0034a000 08:06 1982604                    /home/a1/.sbt/boot/scala-2.12.4/lib/scala-reflect.jar
7f0100028000-7f0100201000 r--s 03d64000 08:06 538253                     /usr/lib/jvm/java-8-oracle/jre/lib/rt.jar
7f0100201000-7f0103d01000 rw-p 00000000 00:00 0 
7f0103d01000-7f0103d02000 ---p 00000000 00:00 0 
7f0103d02000-7f0103e02000 rw-p 00000000 00:00 0 
7f0103e02000-7f0103e03000 ---p 00000000 00:00 0 
7f0103e03000-7f0103f03000 rw-p 00000000 00:00 0 
7f0103f03000-7f0103f04000 ---p 00000000 00:00 0 
7f0103f04000-7f0104004000 rw-p 00000000 00:00 0 
7f0104004000-7f0104005000 ---p 00000000 00:00 0 
7f0104005000-7f0104105000 rw-p 00000000 00:00 0 
7f0104105000-7f010413c000 rw-p 00000000 00:00 0 
7f010413c000-7f0104305000 ---p 00000000 00:00 0 
7f0104305000-7f010433c000 rw-p 00000000 00:00 0 
7f010433c000-7f0104505000 ---p 00000000 00:00 0 
7f0104505000-7f01045b0000 rw-p 00000000 00:00 0 
7f01045b0000-7f01045b3000 ---p 00000000 00:00 0 
7f01045b3000-7f0104605000 ---p 00000000 00:00 0 
7f0104605000-7f0104686000 rw-p 00000000 00:00 0 
7f0104686000-7f01049c6000 ---p 00000000 00:00 0 
7f01049c6000-7f01069a6000 rwxp 00000000 00:00 0 
7f01069a6000-7f01139c6000 ---p 00000000 00:00 0 
7f01139c6000-7f01139e1000 r-xp 00000000 08:06 538324                     /usr/lib/jvm/java-8-oracle/jre/lib/amd64/libzip.so
7f01139e1000-7f0113be1000 ---p 0001b000 08:06 538324                     /usr/lib/jvm/java-8-oracle/jre/lib/amd64/libzip.so
7f0113be1000-7f0113be2000 rw-p 0001b000 08:06 538324                     /usr/lib/jvm/java-8-oracle/jre/lib/amd64/libzip.so
7f0113be2000-7f0113bec000 r-xp 00000000 08:06 1575954                    /lib/x86_64-linux-gnu/libnss_files-2.24.so
7f0113bec000-7f0113dec000 ---p 0000a000 08:06 1575954                    /lib/x86_64-linux-gnu/libnss_files-2.24.so
7f0113dec000-7f0113ded000 r--p 0000a000 08:06 1575954                    /lib/x86_64-linux-gnu/libnss_files-2.24.so
7f0113ded000-7f0113dee000 rw-p 0000b000 08:06 1575954                    /lib/x86_64-linux-gnu/libnss_files-2.24.so
7f0113dee000-7f0113df4000 rw-p 00000000 00:00 0 
7f0113df4000-7f0113dff000 r-xp 00000000 08:06 1575956                    /lib/x86_64-linux-gnu/libnss_nis-2.24.so
7f0113dff000-7f0113ffe000 ---p 0000b000 08:06 1575956                    /lib/x86_64-linux-gnu/libnss_nis-2.24.so
7f0113ffe000-7f0113fff000 r--p 0000a000 08:06 1575956                    /lib/x86_64-linux-gnu/libnss_nis-2.24.so
7f0113fff000-7f0114000000 rw-p 0000b000 08:06 1575956                    /lib/x86_64-linux-gnu/libnss_nis-2.24.so
7f0114000000-7f0116f75000 rw-p 00000000 00:00 0 
7f0116f75000-7f0118000000 ---p 00000000 00:00 0 
7f0118000000-7f0118001000 r--s 00011000 08:06 1982591                    /home/a1/.sbt/boot/scala-2.12.4/org.scala-sbt/sbt/1.1.1/run_2.12-1.1.1.jar
7f0118001000-7f0118002000 r--s 00003000 08:06 1982590                    /home/a1/.sbt/boot/scala-2.12.4/org.scala-sbt/sbt/1.1.1/util-position_2.12-1.1.2.jar
7f0118002000-7f0118004000 r--s 0000f000 08:06 1982580                    /home/a1/.sbt/boot/scala-2.12.4/org.scala-sbt/sbt/1.1.1/shaded-scalajson_2.12-1.0.0-M4.jar
7f0118004000-7f0118006000 r--s 00012000 08:06 1982585                    /home/a1/.sbt/boot/scala-2.12.4/org.scala-sbt/sbt/1.1.1/core-macros_2.12-1.1.1.jar
7f0118006000-7f0118008000 r--s 00002000 08:06 1982549                    /home/a1/.sbt/boot/scala-2.12.4/org.scala-sbt/sbt/1.1.1/util-control_2.12-1.1.2.jar
7f0118008000-7f0118054000 r--s 0090b000 08:06 1982603                    /home/a1/.sbt/boot/scala-2.12.4/lib/scala-compiler.jar
7f0118054000-7f0118070000 r--s 0010c000 08:06 1971344                    /home/a1/.IdeaIC2017.3/config/plugins/Scala/launcher/sbt-launch.jar
7f0118070000-7f01180e6000 rw-p 00000000 00:00 0 
7f01180e6000-7f01180fa000 r-xp 00000000 08:06 1575951                    /lib/x86_64-linux-gnu/libnsl-2.24.so
7f01180fa000-7f01182fa000 ---p 00014000 08:06 1575951                    /lib/x86_64-linux-gnu/libnsl-2.24.so
7f01182fa000-7f01182fb000 r--p 00014000 08:06 1575951                    /lib/x86_64-linux-gnu/libnsl-2.24.so
7f01182fb000-7f01182fc000 rw-p 00015000 08:06 1575951                    /lib/x86_64-linux-gnu/libnsl-2.24.so
7f01182fc000-7f01182fe000 rw-p 00000000 00:00 0 
7f01182fe000-7f0118305000 r-xp 00000000 08:06 1575952                    /lib/x86_64-linux-gnu/libnss_compat-2.24.so
7f0118305000-7f0118504000 ---p 00007000 08:06 1575952                    /lib/x86_64-linux-gnu/libnss_compat-2.24.so
7f0118504000-7f0118505000 r--p 00006000 08:06 1575952                    /lib/x86_64-linux-gnu/libnss_compat-2.24.so
7f0118505000-7f0118506000 rw-p 00007000 08:06 1575952                    /lib/x86_64-linux-gnu/libnss_compat-2.24.so
7f0118506000-7f0118531000 r-xp 00000000 08:06 538318                     /usr/lib/jvm/java-8-oracle/jre/lib/amd64/libjava.so
7f0118531000-7f0118730000 ---p 0002b000 08:06 538318                     /usr/lib/jvm/java-8-oracle/jre/lib/amd64/libjava.so
7f0118730000-7f0118732000 rw-p 0002a000 08:06 538318                     /usr/lib/jvm/java-8-oracle/jre/lib/amd64/libjava.so
7f0118732000-7f011873f000 r-xp 00000000 08:06 538323                     /usr/lib/jvm/java-8-oracle/jre/lib/amd64/libverify.so
7f011873f000-7f011893f000 ---p 0000d000 08:06 538323                     /usr/lib/jvm/java-8-oracle/jre/lib/amd64/libverify.so
7f011893f000-7f0118941000 rw-p 0000d000 08:06 538323                     /usr/lib/jvm/java-8-oracle/jre/lib/amd64/libverify.so
7f0118941000-7f0118948000 r-xp 00000000 08:06 1575961                    /lib/x86_64-linux-gnu/librt-2.24.so
7f0118948000-7f0118b47000 ---p 00007000 08:06 1575961                    /lib/x86_64-linux-gnu/librt-2.24.so
7f0118b47000-7f0118b48000 r--p 00006000 08:06 1575961                    /lib/x86_64-linux-gnu/librt-2.24.so
7f0118b48000-7f0118b49000 rw-p 00007000 08:06 1575961                    /lib/x86_64-linux-gnu/librt-2.24.so
7f0118b49000-7f0118c4c000 r-xp 00000000 08:06 1575948                    /lib/x86_64-linux-gnu/libm-2.24.so
7f0118c4c000-7f0118e4b000 ---p 00103000 08:06 1575948                    /lib/x86_64-linux-gnu/libm-2.24.so
7f0118e4b000-7f0118e4c000 r--p 00102000 08:06 1575948                    /lib/x86_64-linux-gnu/libm-2.24.so
7f0118e4c000-7f0118e4d000 rw-p 00103000 08:06 1575948                    /lib/x86_64-linux-gnu/libm-2.24.so
7f0118e4d000-7f0119b26000 r-xp 00000000 08:06 925647                     /usr/lib/jvm/java-8-oracle/jre/lib/amd64/server/libjvm.so
7f0119b26000-7f0119d25000 ---p 00cd9000 08:06 925647                     /usr/lib/jvm/java-8-oracle/jre/lib/amd64/server/libjvm.so
7f0119d25000-7f0119dfe000 rw-p 00cd8000 08:06 925647                     /usr/lib/jvm/java-8-oracle/jre/lib/amd64/server/libjvm.so
7f0119dfe000-7f0119e4a000 rw-p 00000000 00:00 0 
7f0119e4a000-7f0119fdf000 r-xp 00000000 08:06 1575944                    /lib/x86_64-linux-gnu/libc-2.24.so
7f0119fdf000-7f011a1df000 ---p 00195000 08:06 1575944                    /lib/x86_64-linux-gnu/libc-2.24.so
7f011a1df000-7f011a1e3000 r--p 00195000 08:06 1575944                    /lib/x86_64-linux-gnu/libc-2.24.so
7f011a1e3000-7f011a1e5000 rw-p 00199000 08:06 1575944                    /lib/x86_64-linux-gnu/libc-2.24.so
7f011a1e5000-7f011a1e9000 rw-p 00000000 00:00 0 
7f011a1e9000-7f011a1ec000 r-xp 00000000 08:06 1575947                    /lib/x86_64-linux-gnu/libdl-2.24.so
7f011a1ec000-7f011a3eb000 ---p 00003000 08:06 1575947                    /lib/x86_64-linux-gnu/libdl-2.24.so
7f011a3eb000-7f011a3ec000 r--p 00002000 08:06 1575947                    /lib/x86_64-linux-gnu/libdl-2.24.so
7f011a3ec000-7f011a3ed000 rw-p 00003000 08:06 1575947                    /lib/x86_64-linux-gnu/libdl-2.24.so
7f011a3ed000-7f011a403000 r-xp 00000000 08:06 403435                     /usr/lib/jvm/java-8-oracle/lib/amd64/jli/libjli.so
7f011a403000-7f011a602000 ---p 00016000 08:06 403435                     /usr/lib/jvm/java-8-oracle/lib/amd64/jli/libjli.so
7f011a602000-7f011a603000 rw-p 00015000 08:06 403435                     /usr/lib/jvm/java-8-oracle/lib/amd64/jli/libjli.so
7f011a603000-7f011a61b000 r-xp 00000000 08:06 1575959                    /lib/x86_64-linux-gnu/libpthread-2.24.so
7f011a61b000-7f011a81a000 ---p 00018000 08:06 1575959                    /lib/x86_64-linux-gnu/libpthread-2.24.so
7f011a81a000-7f011a81b000 r--p 00017000 08:06 1575959                    /lib/x86_64-linux-gnu/libpthread-2.24.so
7f011a81b000-7f011a81c000 rw-p 00018000 08:06 1575959                    /lib/x86_64-linux-gnu/libpthread-2.24.so
7f011a81c000-7f011a820000 rw-p 00000000 00:00 0 
7f011a820000-7f011a843000 r-xp 00000000 08:06 1575939                    /lib/x86_64-linux-gnu/ld-2.24.so
7f011a843000-7f011a844000 r--s 00000000 08:06 1982568                    /home/a1/.sbt/boot/scala-2.12.4/org.scala-sbt/sbt/1.1.1/util-interface-1.1.2.jar
7f011a844000-7f011a845000 r--s 00005000 08:06 1982522                    /home/a1/.sbt/boot/scala-2.12.4/org.scala-sbt/sbt/1.1.1/test-agent-1.1.1.jar
7f011a845000-7f011a84b000 r--s 0005b000 08:06 1982552                    /home/a1/.sbt/boot/scala-2.12.4/org.scala-sbt/sbt/1.1.1/okhttp-3.7.0.jar
7f011a84b000-7f011a84d000 r--s 00012000 08:06 1982588                    /home/a1/.sbt/boot/scala-2.12.4/org.scala-sbt/sbt/1.1.1/okio-1.12.0.jar
7f011a84d000-7f011a851000 r--s 0003c000 08:06 1982573                    /home/a1/.sbt/boot/scala-2.12.4/org.scala-sbt/sbt/1.1.1/io_2.12-1.1.4.jar
7f011a851000-7f011a852000 r--s 0000c000 08:06 1982538                    /home/a1/.sbt/boot/scala-2.12.4/org.scala-sbt/sbt/1.1.1/zinc-classfile_2.12-1.1.1.jar
7f011a852000-7f011a856000 r--s 0003e000 08:06 1982569                    /home/a1/.sbt/boot/scala-2.12.4/org.scala-sbt/sbt/1.1.1/jline-2.14.4.jar
7f011a856000-7f011a85b000 r--s 00033000 08:06 1982526                    /home/a1/.sbt/boot/scala-2.12.4/org.scala-sbt/sbt/1.1.1/log4j-api-2.8.1.jar
7f011a85b000-7f011a85d000 r--s 00010000 08:06 1982560                    /home/a1/.sbt/boot/scala-2.12.4/org.scala-sbt/sbt/1.1.1/zinc-classpath_2.12-1.1.1.jar
7f011a85d000-7f011a85e000 r--s 00001000 08:06 1982545                    /home/a1/.sbt/boot/scala-2.12.4/org.scala-sbt/sbt/1.1.1/sjson-new-murmurhash_2.12-0.8.2.jar
7f011a85e000-7f011a908000 rw-p 00000000 00:00 0 
7f011a908000-7f011a926000 rw-p 00000000 00:00 0 
7f011a926000-7f011a929000 ---p 00000000 00:00 0 
7f011a929000-7f011aa29000 rw-p 00000000 00:00 0 
7f011aa29000-7f011aa2c000 r--s 00034000 08:06 1982530                    /home/a1/.sbt/boot/scala-2.12.4/org.scala-sbt/sbt/1.1.1/zinc-compile-core_2.12-1.1.1.jar
7f011aa2c000-7f011aa32000 r--s 00080000 08:06 1982602                    /home/a1/.sbt/boot/scala-2.12.4/lib/scala-xml_2.12.jar
7f011aa32000-7f011aa36000 r--s 0003e000 08:06 1982600                    /home/a1/.sbt/boot/scala-2.12.4/lib/jline.jar
7f011aa36000-7f011aa3e000 rw-s 00000000 08:06 2253111                    /tmp/hsperfdata_a1/15163
7f011aa3e000-7f011aa3f000 rw-p 00000000 00:00 0 
7f011aa3f000-7f011aa40000 ---p 00000000 00:00 0 
7f011aa40000-7f011aa43000 rw-p 00000000 00:00 0 
7f011aa43000-7f011aa44000 r--p 00023000 08:06 1575939                    /lib/x86_64-linux-gnu/ld-2.24.so
7f011aa44000-7f011aa45000 rw-p 00024000 08:06 1575939                    /lib/x86_64-linux-gnu/ld-2.24.so
7f011aa45000-7f011aa46000 rw-p 00000000 00:00 0 
7ffdea749000-7ffdea76a000 rw-p 00000000 00:00 0                          [stack]
7ffdea7e0000-7ffdea7e2000 r--p 00000000 00:00 0                          [vvar]
7ffdea7e2000-7ffdea7e4000 r-xp 00000000 00:00 0                          [vdso]
ffffffffff600000-ffffffffff601000 r-xp 00000000 00:00 0                  [vsyscall]

VM Arguments:
jvm_args: -Djline.terminal=jline.UnsupportedTerminal -Dsbt.log.noformat=true -Dfile.encoding=UTF-8 -Didea.managed=true -Xmx1536M -XX:MaxPermSize=384M -Dfile.encoding=UTF-8 
java_command: /home/a1/.IdeaIC2017.3/config/plugins/Scala/launcher/sbt-launch.jar
java_class_path (initial): /home/a1/.IdeaIC2017.3/config/plugins/Scala/launcher/sbt-launch.jar
Launcher Type: SUN_STANDARD

Environment Variables:
PATH=/usr/local/bin:/usr/bin:/bin:/usr/local/games:/usr/games
SHELL=/bin/bash
DISPLAY=:0.0

Signal Handlers:
SIGSEGV: [libjvm.so+0xad01e0], sa_mask[0]=11111111011111111101111111111110, sa_flags=SA_RESTART|SA_SIGINFO
SIGBUS: [libjvm.so+0xad01e0], sa_mask[0]=11111111011111111101111111111110, sa_flags=SA_RESTART|SA_SIGINFO
SIGFPE: [libjvm.so+0x927fb0], sa_mask[0]=11111111011111111101111111111110, sa_flags=SA_RESTART|SA_SIGINFO
SIGPIPE: [libjvm.so+0x927fb0], sa_mask[0]=11111111011111111101111111111110, sa_flags=SA_RESTART|SA_SIGINFO
SIGXFSZ: [libjvm.so+0x927fb0], sa_mask[0]=11111111011111111101111111111110, sa_flags=SA_RESTART|SA_SIGINFO
SIGILL: [libjvm.so+0x927fb0], sa_mask[0]=11111111011111111101111111111110, sa_flags=SA_RESTART|SA_SIGINFO
SIGUSR1: SIG_DFL, sa_mask[0]=00000000000000000000000000000000, sa_flags=none
SIGUSR2: [libjvm.so+0x9297f0], sa_mask[0]=00100000000000000000000000000000, sa_flags=SA_RESTART|SA_SIGINFO
SIGHUP: [libjvm.so+0x92abf0], sa_mask[0]=11111111011111111101111111111110, sa_flags=SA_RESTART|SA_SIGINFO
SIGINT: [libjvm.so+0x92abf0], sa_mask[0]=11111111011111111101111111111110, sa_flags=SA_RESTART|SA_SIGINFO
SIGTERM: [libjvm.so+0x92abf0], sa_mask[0]=11111111011111111101111111111110, sa_flags=SA_RESTART|SA_SIGINFO
SIGQUIT: [libjvm.so+0x92abf0], sa_mask[0]=11111111011111111101111111111110, sa_flags=SA_RESTART|SA_SIGINFO


---------------  S Y S T E M  ---------------

OS:PRETTY_NAME="Debian GNU/Linux 9 (stretch)"
NAME="Debian GNU/Linux"
VERSION_ID="9"
VERSION="9 (stretch)"
ID=debian
HOME_URL="https://www.debian.org/"
SUPPORT_URL="https://www.debian.org/support"
BUG_REPORT_URL="https://bugs.debian.org/"

uname:Linux 4.9.0-4-amd64 #1 SMP Debian 4.9.65-3+deb9u1 (2017-12-23) x86_64
libc:glibc 2.24 NPTL 2.24 
rlimit: STACK 8192k, CORE 0k, NPROC 14985, NOFILE 1048576, AS infinity
load average:14,59 6,44 3,25

/proc/meminfo:
MemTotal:        3933408 kB
MemFree:           93524 kB
MemAvailable:       6604 kB
Buffers:            1092 kB
Cached:           202672 kB
SwapCached:         2808 kB
Active:          2891760 kB
Inactive:         624684 kB
Active(anon):    2871672 kB
Inactive(anon):   607344 kB
Active(file):      20088 kB
Inactive(file):    17340 kB
Unevictable:         112 kB
Mlocked:             112 kB
SwapTotal:       4400124 kB
SwapFree:              0 kB
Dirty:              1512 kB
Writeback:           100 kB
AnonPages:       3311788 kB
Mapped:            62672 kB
Shmem:            166164 kB
Slab:             106572 kB
SReclaimable:      25252 kB
SUnreclaim:        81320 kB
KernelStack:       15776 kB
PageTables:        96240 kB
NFS_Unstable:          0 kB
Bounce:                0 kB
WritebackTmp:          0 kB
CommitLimit:     6366828 kB
Committed_AS:   17339816 kB
VmallocTotal:   34359738367 kB
VmallocUsed:           0 kB
VmallocChunk:          0 kB
HardwareCorrupted:     0 kB
AnonHugePages:         0 kB
ShmemHugePages:        0 kB
ShmemPmdMapped:        0 kB
HugePages_Total:       0
HugePages_Free:        0
HugePages_Rsvd:        0
HugePages_Surp:        0
Hugepagesize:       2048 kB
DirectMap4k:      708320 kB
DirectMap2M:     3368960 kB
DirectMap1G:           0 kB


CPU:total 4 (initial active 4) (2 cores per cpu, 2 threads per core) family 6 model 142 stepping 9, cmov, cx8, fxsr, mmx, sse, sse2, sse3, ssse3, sse4.1, sse4.2, popcnt, avx, avx2, aes, clmul, erms, 3dnowpref, lzcnt, ht, tsc, tscinvbit, bmi1, bmi2, adx

/proc/cpuinfo:
processor	: 0
vendor_id	: GenuineIntel
cpu family	: 6
model		: 142
model name	: Intel(R) Core(TM) i5-7200U CPU @ 2.50GHz
stepping	: 9
microcode	: 0x4e
cpu MHz		: 799.914
cache size	: 3072 KB
physical id	: 0
siblings	: 4
core id		: 0
cpu cores	: 2
apicid		: 0
initial apicid	: 0
fpu		: yes
fpu_exception	: yes
cpuid level	: 22
wp		: yes
flags		: fpu vme de pse tsc msr pae mce cx8 apic sep mtrr pge mca cmov pat pse36 clflush dts acpi mmx fxsr sse sse2 ss ht tm pbe syscall nx pdpe1gb rdtscp lm constant_tsc art arch_perfmon pebs bts rep_good nopl xtopology nonstop_tsc aperfmperf eagerfpu pni pclmulqdq dtes64 monitor ds_cpl vmx est tm2 ssse3 sdbg fma cx16 xtpr pdcm pcid sse4_1 sse4_2 x2apic movbe popcnt tsc_deadline_timer aes xsave avx f16c rdrand lahf_lm abm 3dnowprefetch epb intel_pt tpr_shadow vnmi flexpriority ept vpid fsgsbase tsc_adjust bmi1 avx2 smep bmi2 erms invpcid mpx rdseed adx smap clflushopt xsaveopt xsavec xgetbv1 xsaves dtherm ida arat pln pts hwp hwp_notify hwp_act_window hwp_epp
bugs		:
bogomips	: 5424.00
clflush size	: 64
cache_alignment	: 64
address sizes	: 39 bits physical, 48 bits virtual
power management:

processor	: 1
vendor_id	: GenuineIntel
cpu family	: 6
model		: 142
model name	: Intel(R) Core(TM) i5-7200U CPU @ 2.50GHz
stepping	: 9
microcode	: 0x4e
cpu MHz		: 1099.346
cache size	: 3072 KB
physical id	: 0
siblings	: 4
core id		: 1
cpu cores	: 2
apicid		: 2
initial apicid	: 2
fpu		: yes
fpu_exception	: yes
cpuid level	: 22
wp		: yes
flags		: fpu vme de pse tsc msr pae mce cx8 apic sep mtrr pge mca cmov pat pse36 clflush dts acpi mmx fxsr sse sse2 ss ht tm pbe syscall nx pdpe1gb rdtscp lm constant_tsc art arch_perfmon pebs bts rep_good nopl xtopology nonstop_tsc aperfmperf eagerfpu pni pclmulqdq dtes64 monitor ds_cpl vmx est tm2 ssse3 sdbg fma cx16 xtpr pdcm pcid sse4_1 sse4_2 x2apic movbe popcnt tsc_deadline_timer aes xsave avx f16c rdrand lahf_lm abm 3dnowprefetch epb intel_pt tpr_shadow vnmi flexpriority ept vpid fsgsbase tsc_adjust bmi1 avx2 smep bmi2 erms invpcid mpx rdseed adx smap clflushopt xsaveopt xsavec xgetbv1 xsaves dtherm ida arat pln pts hwp hwp_notify hwp_act_window hwp_epp
bugs		:
bogomips	: 5424.00
clflush size	: 64
cache_alignment	: 64
address sizes	: 39 bits physical, 48 bits virtual
power management:

processor	: 2
vendor_id	: GenuineIntel
cpu family	: 6
model		: 142
model name	: Intel(R) Core(TM) i5-7200U CPU @ 2.50GHz
stepping	: 9
microcode	: 0x4e
cpu MHz		: 799.914
cache size	: 3072 KB
physical id	: 0
siblings	: 4
core id		: 0
cpu cores	: 2
apicid		: 1
initial apicid	: 1
fpu		: yes
fpu_exception	: yes
cpuid level	: 22
wp		: yes
flags		: fpu vme de pse tsc msr pae mce cx8 apic sep mtrr pge mca cmov pat pse36 clflush dts acpi mmx fxsr sse sse2 ss ht tm pbe syscall nx pdpe1gb rdtscp lm constant_tsc art arch_perfmon pebs bts rep_good nopl xtopology nonstop_tsc aperfmperf eagerfpu pni pclmulqdq dtes64 monitor ds_cpl vmx est tm2 ssse3 sdbg fma cx16 xtpr pdcm pcid sse4_1 sse4_2 x2apic movbe popcnt tsc_deadline_timer aes xsave avx f16c rdrand lahf_lm abm 3dnowprefetch epb intel_pt tpr_shadow vnmi flexpriority ept vpid fsgsbase tsc_adjust bmi1 avx2 smep bmi2 erms invpcid mpx rdseed adx smap clflushopt xsaveopt xsavec xgetbv1 xsaves dtherm ida arat pln pts hwp hwp_notify hwp_act_window hwp_epp
bugs		:
bogomips	: 5424.00
clflush size	: 64
cache_alignment	: 64
address sizes	: 39 bits physical, 48 bits virtual
power management:

processor	: 3
vendor_id	: GenuineIntel
cpu family	: 6
model		: 142
model name	: Intel(R) Core(TM) i5-7200U CPU @ 2.50GHz
stepping	: 9
microcode	: 0x4e
cpu MHz		: 980.529
cache size	: 3072 KB
physical id	: 0
siblings	: 4
core id		: 1
cpu cores	: 2
apicid		: 3
initial apicid	: 3
fpu		: yes
fpu_exception	: yes
cpuid level	: 22
wp		: yes
flags		: fpu vme de pse tsc msr pae mce cx8 apic sep mtrr pge mca cmov pat pse36 clflush dts acpi mmx fxsr sse sse2 ss ht tm pbe syscall nx pdpe1gb rdtscp lm constant_tsc art arch_perfmon pebs bts rep_good nopl xtopology nonstop_tsc aperfmperf eagerfpu pni pclmulqdq dtes64 monitor ds_cpl vmx est tm2 ssse3 sdbg fma cx16 xtpr pdcm pcid sse4_1 sse4_2 x2apic movbe popcnt tsc_deadline_timer aes xsave avx f16c rdrand lahf_lm abm 3dnowprefetch epb intel_pt tpr_shadow vnmi flexpriority ept vpid fsgsbase tsc_adjust bmi1 avx2 smep bmi2 erms invpcid mpx rdseed adx smap clflushopt xsaveopt xsavec xgetbv1 xsaves dtherm ida arat pln pts hwp hwp_notify hwp_act_window hwp_epp
bugs		:
bogomips	: 5424.00
clflush size	: 64
cache_alignment	: 64
address sizes	: 39 bits physical, 48 bits virtual
power management:



Memory: 4k page, physical 3933408k(93524k free), swap 4400124k(4k free)

vm_info: Java HotSpot(TM) 64-Bit Server VM (25.161-b12) for linux-amd64 JRE (1.8.0_161-b12), built on Dec 19 2017 16:12:43 by "java_re" with gcc 4.3.0 20080428 (Red Hat 4.3.0-8)

time: Mon Mar 26 03:51:25 2018
elapsed time: 113 seconds (0d 0h 1m 53s)

